Warning: Option '--html' is not supported with '-C' option.
Profiling started.
[mdo-lab:2788014] MCW rank 0 bound to socket 0[core 0[hwt 0]]: [B/././././././././././././././.]
[mdo-lab:2788014] MCW rank 1 bound to socket 0[core 1[hwt 0]]: [./B/./././././././././././././.]
[mdo-lab:2788014] MCW rank 2 bound to socket 0[core 2[hwt 0]]: [././B/././././././././././././.]
[mdo-lab:2788014] MCW rank 3 bound to socket 0[core 3[hwt 0]]: [./././B/./././././././././././.]
[mdo-lab:2788014] MCW rank 4 bound to socket 0[core 4[hwt 0]]: [././././B/././././././././././.]
[mdo-lab:2788014] MCW rank 5 bound to socket 0[core 5[hwt 0]]: [./././././B/./././././././././.]
[mdo-lab:2788014] MCW rank 6 bound to socket 0[core 6[hwt 0]]: [././././././B/././././././././.]
[mdo-lab:2788014] MCW rank 7 bound to socket 0[core 7[hwt 0]]: [./././././././B/./././././././.]
[mdo-lab:2788014] MCW rank 8 bound to socket 0[core 8[hwt 0]]: [././././././././B/././././././.]
[mdo-lab:2788014] MCW rank 9 bound to socket 0[core 9[hwt 0]]: [./././././././././B/./././././.]
[mdo-lab:2788014] MCW rank 10 bound to socket 0[core 10[hwt 0]]: [././././././././././B/././././.]
[mdo-lab:2788014] MCW rank 11 bound to socket 0[core 11[hwt 0]]: [./././././././././././B/./././.]
[mdo-lab:2788014] MCW rank 12 bound to socket 0[core 12[hwt 0]]: [././././././././././././B/././.]
[mdo-lab:2788014] MCW rank 13 bound to socket 0[core 13[hwt 0]]: [./././././././././././././B/./.]
[mdo-lab:2788014] MCW rank 14 bound to socket 0[core 14[hwt 0]]: [././././././././././././././B/.]
[mdo-lab:2788014] MCW rank 15 bound to socket 0[core 15[hwt 0]]: [./././././././././././././././B]
#
# ADflow, multiblock structured flow solver
#
# This code solves the 3D RANS, laminar NS or Euler equations
# on multiblock structured hexahedral grids.
# This is a parallel executable running on 16 processors.
# It has been compiled with the following options:
# - Optimized mode.
# - Size of standard integers: 4 bytes.
# - Size of standard floating point types: 8 bytes.
# - With cgns support
# - With support for signals.
#
+----------------------------------------+
|          All ADFLOW Options:           |
+----------------------------------------+
{'ADPC': False,
 'ANKADPC': False,
 'ANKAMGLevels': 2,
 'ANKAMGNSmooth': 1,
 'ANKASMOverlap': 1,
 'ANKASMOverlapCoarse': 0,
 'ANKCFL0': 5.0,
 'ANKCFLCutback': 0.5,
 'ANKCFLExponent': 0.5,
 'ANKCFLFactor': 10.0,
 'ANKCFLLimit': 100000.0,
 'ANKCFLMin': 1.0,
 'ANKCFLReset': True,
 'ANKCharTimeStepType': 'VLR',
 'ANKConstCFLStep': 0.4,
 'ANKCoupledSwitchTol': 1e-16,
 'ANKGlobalPreconditioner': 'additive Schwarz',
 'ANKInnerPreconIts': 1,
 'ANKInnerPreconItsCoarse': 1,
 'ANKJacobianLag': 10,
 'ANKLinResMax': 0.1,
 'ANKLinearSolveBuffer': 0.01,
 'ANKLinearSolveTol': 0.05,
 'ANKMaxIter': 40,
 'ANKNSubiterTurb': 1,
 'ANKOuterPreconIts': 1,
 'ANKPCILUFill': 2,
 'ANKPCILUFillCoarse': 0,
 'ANKPCUpdateCutoff': 1e-16,
 'ANKPCUpdateTol': 0.5,
 'ANKPCUpdateTolAfterCutoff': 0.0001,
 'ANKPhysicalLSTol': 0.2,
 'ANKPhysicalLSTolTurb': 0.99,
 'ANKSecondOrdSwitchTol': 1e-16,
 'ANKStepFactor': 1.0,
 'ANKStepMin': 0.01,
 'ANKSubspaceSize': -1,
 'ANKSwitchTol': 1000.0,
 'ANKTurbCFLScale': 1.0,
 'ANKTurbKSPDebug': False,
 'ANKUnsteadyLSTol': 1.0,
 'ANKUseApproxSA': False,
 'ANKUseFullVisc': True,
 'ANKUseMatrixFree': True,
 'ANKUseTurbDADI': True,
 'ASMOverlap': 1,
 'ASMOverlapCoarse': 0,
 'CFL': 1.7,
 'CFLCoarse': 1.0,
 'CFLLimit': 1.5,
 'GMRESOrthogonalizationType': 'modified Gram-Schmidt',
 'ILUFill': 2,
 'ILUFillCoarse': 0,
 'L2Convergence': 1e-05,
 'L2ConvergenceCoarse': 0.01,
 'L2ConvergenceRel': 1e-16,
 'MGCycle': 'sg',
 'MGStartLevel': -1,
 'NKADPC': False,
 'NKAMGLevels': 2,
 'NKAMGNSmooth': 1,
 'NKASMOverlap': 1,
 'NKASMOverlapCoarse': 0,
 'NKFixedStep': 0.25,
 'NKGlobalPreconditioner': 'additive Schwarz',
 'NKInnerPreconIts': 1,
 'NKInnerPreconItsCoarse': 1,
 'NKJacobianLag': 20,
 'NKLS': 'cubic',
 'NKLinearSolveTol': 0.3,
 'NKOuterPreconIts': 1,
 'NKPCILUFill': 2,
 'NKPCILUFillCoarse': 0,
 'NKSubspaceSize': 60,
 'NKSwitchTol': 1e-06,
 'NKUseEW': True,
 'NKViscPC': False,
 'RKReset': False,
 'SABCM_Const1': 0.002,
 'SABCM_Const2': 0.02,
 'SABCM_S0_tanh': 0.5,
 'SABCM_TU': 0.5,
 'SABCM_fsmooth': 0.08,
 'SABCM_maxsmooth': 50.0,
 'TSStability': False,
 'acousticScaleFactor': 0.08164,
 'adjointAMGLevels': 2,
 'adjointAMGNSmooth': 1,
 'adjointDivTol': 100000.0,
 'adjointL2Convergence': 1e-06,
 'adjointL2ConvergenceAbs': 1e-16,
 'adjointL2ConvergenceRel': 1e-16,
 'adjointMaxIter': 500,
 'adjointMaxL2DeviationFactor': 1.0,
 'adjointMonitorStep': 10,
 'adjointSolver': 'GMRES',
 'adjointSubspaceSize': 100,
 'alphaFollowing': True,
 'alphaMode': False,
 'altitudeMode': False,
 'applyAdjointPCSubspaceSize': 20,
 'applyPCSubspaceSize': 10,
 'approxPC': True,
 'backgroundVolScale': 1.0,
 'betaMode': False,
 'blockSplitting': True,
 'cavExponent': 0,
 'cavSensorOffset': 0.0,
 'cavSensorSharpness': 10.0,
 'cavitationNumber': 1.4,
 'closedSurfaceFamilies': None,
 'coarseDiscretization': 'central plus scalar dissipation',
 'computeCavitation': False,
 'computeSepSensorKs': False,
 'coupledSolution': False,
 'cpMinRho': 100.0,
 'cutCallback': None,
 'debugZipper': False,
 'deltaT': 0.01,
 'designSurfaceFamily': None,
 'discretization': 'central plus scalar dissipation',
 'dissContMagnitude': 1.0,
 'dissContMidpoint': 3.0,
 'dissContSharpness': 3.0,
 'dissipationLumpingParameter': 6.0,
 'dissipationScalingExponent': 0.67,
 'eddyVisInfRatio': 0.009,
 'equationMode': 'steady',
 'equationType': 'RANS',
 'eulerWallTreatment': 'linear pressure extrapolation',
 'explicitSurfaceCallback': None,
 'firstRun': True,
 'flowType': 'external',
 'forcesAsTractions': True,
 'frozenTurbulence': False,
 'globalPreconditioner': 'additive Schwarz',
 'gridFile': 'vmesh_L2.cgns',
 'gridPrecision': 'double',
 'gridPrecisionSurface': 'single',
 'infChangeCorrection': True,
 'infChangeCorrectionTol': 1e-12,
 'infChangeCorrectionType': 'offset',
 'innerPreconIts': 1,
 'innerPreconItsCoarse': 1,
 'isoVariables': [],
 'isosurface': {},
 'liftIndex': 3,
 'limiter': 'van Albada',
 'loadBalanceIter': 10,
 'loadImbalance': 0.1,
 'localPreconditioner': 'ILU',
 'lowSpeedPreconditioner': False,
 'machMode': False,
 'matrixOrdering': 'RCM',
 'maxL2DeviationFactor': 1.0,
 'meshMaxSkewness': 1.0,
 'meshSurfaceFamily': None,
 'monitorVariables': ['resrho', 'cl', 'cd'],
 'nCycles': 10000,
 'nCyclesCoarse': 500,
 'nFloodIter': -1,
 'nRKReset': 5,
 'nRefine': 10,
 'nSaveSurface': 1,
 'nSaveVolume': 1,
 'nSubiter': 1,
 'nSubiterTurb': 3,
 'nTimeStepsCoarse': 48,
 'nTimeStepsFine': 400,
 'nearWallDist': 0.1,
 'numberSolutions': True,
 'outerPreconIts': 3,
 'outputDirectory': 'output',
 'outputSurfaceFamily': 'allSurfaces',
 'overlapFactor': 0.9,
 'oversetDebugPrint': False,
 'oversetLoadBalance': True,
 'oversetPriority': {},
 'oversetProjTol': 1e-12,
 'oversetUpdateMode': 'frozen',
 'pMode': False,
 'partitionLikeNProc': -1,
 'partitionOnly': False,
 'preconditionerSide': 'right',
 'printAllOptions': True,
 'printBadlySkewedCells': False,
 'printIntro': True,
 'printIterations': True,
 'printNegativeVolumes': False,
 'printTiming': True,
 'printWarnings': True,
 'qMode': False,
 'rMode': False,
 'recomputeOverlapMatrix': True,
 'resAveraging': 'alternate',
 'restartAdjoint': True,
 'restartFile': None,
 'restrictionRelaxation': 0.8,
 'selfZipCutoff': 120.0,
 'sepSensorKsOffset': 0.0,
 'sepSensorKsPhi': 90.0,
 'sepSensorKsRho': 1000.0,
 'sepSensorKsSharpness': 25.0,
 'sepSensorOffset': 0.0,
 'sepSensorSharpness': 10.0,
 'setMonitor': True,
 'skipAfterFailedAdjoint': True,
 'smoothParameter': 1.5,
 'smoother': 'DADI',
 'solutionPrecision': 'single',
 'solutionPrecisionSurface': 'single',
 'storeConvHist': True,
 'storeRindLayer': True,
 'surfaceVariables': ['rho',
                      'p',
                      'vx',
                      'vy',
                      'vz',
                      'cp',
                      'mach',
                      'cf',
                      'cfx',
                      'cfy',
                      'cfz',
                      'yplus',
                      'blank'],
 'timeAccuracy': 2,
 'timeIntegrationScheme': 'BDF',
 'timeIntervals': 1,
 'timeLimit': -1.0,
 'turbResScale': 10000.0,
 'turbulenceModel': 'SA',
 'turbulenceOrder': 'first order',
 'turbulenceProduction': 'strain',
 'updateWallAssociations': False,
 'useALE': True,
 'useANKSolver': True,
 'useApproxWallDistance': True,
 'useBlockettes': True,
 'useDiagTSPC': True,
 'useDissContinuation': False,
 'useExternalDynamicMesh': False,
 'useGridMotion': False,
 'useLinResMonitor': False,
 'useMatrixFreedrdw': True,
 'useNKSolver': True,
 'useOversetWallScaling': False,
 'useQCR': False,
 'useRotationSA': False,
 'useSkewnessCheck': False,
 'useTSInterpolatedGridVelocity': False,
 'useWallFunctions': False,
 'useZipperMesh': True,
 'use_SABCM': False,
 'useft2SA': True,
 'verifyExtra': True,
 'verifySpatial': True,
 'verifyState': True,
 'vis2': 0.25,
 'vis2Coarse': 0.5,
 'vis4': 0.0156,
 'viscPC': False,
 'viscWallTreatment': 'constant pressure extrapolation',
 'viscousSurfaceVelocities': True,
 'volumeVariables': ['vort',
                     'vortx',
                     'vorty',
                     'vortz',
                     'cp',
                     'mach',
                     'macht',
                     'eddy',
                     'eddyratio',
                     'resrho',
                     'rhoe',
                     'resturb',
                     'blank'],
 'wallDistCutoff': 1e+20,
 'windAxis': False,
 'writeSolutionDigits': 3,
 'writeSolutionEachIter': False,
 'writeSurfaceSolution': True,
 'writeTecplotSurfaceSolution': True,
 'writeVolumeSolution': True,
 'zipperSurfaceFamily': None}
-> Alpha... 0.000000 
#
#                      Warning
# It is assumed that the grid is given in meters.
#
#
# Specified load imbalance tolerance 0.100 achieved.
# Continuing with 0.077 load imbalance for the cells and 0.082 for the faces
#
#
# Grid level: 1, Total number of cells: 943104
#
+--------------------------------------------------+
  CGNS Surface Families by Boundary Condition Type
+--------------------------------------------------+
| Wall Types           : wing 
| Inflow Types         : 
| Outflow Types        : 
| Symmetry Types       : sym 
| Farfield Types       : far 
| Overset Types        : 
+--------------------------------------------------+
+--------------------------------------------------+
|
| Initialization Times:
|
| Library Load Time             :      0.018 sec
| Set Defaults Time             :      0.000 sec
| Base Class Init Time          :      0.001 sec
| Introductory Time             :      0.005 sec
| Partitioning Time             :      0.018 sec
| Preprocessing Time            :      1.167 sec
| Family Setup Time             :      0.000 sec
| Cut Callback Time             :      0.000 sec
| Explicit Surface Cut Time     :      0.000 sec
| Overset Preprocessing Time    :      0.001 sec
| Initialize Flow Time          :      0.038 sec
|
| Total Init Time               :      1.249 sec
+--------------------------------------------------+

+------------------------------------------------------------------------------+
| pyADFLOW Warning: 'zipperSurfaceFamily' option was not given. Using all wall |
| boundary conditions for the zipper mesh.                                     |
+------------------------------------------------------------------------------+

+----------------------------------------------------------------------+
|  Switching to Aero Problem: wing                                     |
+----------------------------------------------------------------------+
-> Alpha... 1.800000 
+----------------------------------------+
|      All Modified ADFLOW Options:      |
+----------------------------------------+
{'ANKCharTimeStepType': 'VLR',
 'L2Convergence': 1e-05,
 'NKSwitchTol': 1e-06,
 'acousticScaleFactor': 0.08164,
 'gridFile': 'vmesh_L2.cgns',
 'liftIndex': 3,
 'monitorVariables': ['resrho', 'cl', 'cd'],
 'nCycles': 10000,
 'outputDirectory': 'output',
 'surfaceVariables': ['rho',
                      'p',
                      'vx',
                      'vy',
                      'vz',
                      'cp',
                      'mach',
                      'cf',
                      'cfx',
                      'cfy',
                      'cfz',
                      'yplus',
                      'blank'],
 'turbResScale': 10000.0,
 'useNKSolver': True,
 'volumeVariables': ['vort',
                     'vortx',
                     'vorty',
                     'vortz',
                     'cp',
                     'mach',
                     'macht',
                     'eddy',
                     'eddyratio',
                     'resrho',
                     'rhoe',
                     'resturb',
                     'blank'],
 'writeTecplotSurfaceSolution': True}
 saSource inputPhysics values:
   useft2SA       =  T
   useRotationSA  =  F
   turbProd       =            1
   equations      =            3
   use_SABCM      =  F
   SABCM_Const1   =    2.0000000000000000E-003
   SABCM_Const2   =    2.0000000000000000E-002
   SABCM_TU       =   0.50000000000000000     
   SABCM_S0_tanh  =   0.50000000000000000     
   SABCM_fsmooth  =    8.0000000000000002E-002
   SABCM_maxsmooth=    50.000000000000000     
 saSource inputPhysics values:
   useft2SA       =  T
   useRotationSA  =  F
   turbProd       =            1
   equations      =            3
   use_SABCM      =  F
   SABCM_Const1   =    2.0000000000000000E-003
   SABCM_Const2   =    2.0000000000000000E-002
   SABCM_TU       =   0.50000000000000000     
   SABCM_S0_tanh  =   0.50000000000000000     
   SABCM_fsmooth  =    8.0000000000000002E-002
   SABCM_maxsmooth=    50.000000000000000     
 saSource inputPhysics values:
   useft2SA       =  T
   useRotationSA  =  F
   turbProd       =            1
   equations      =            3
   use_SABCM      =  F
   SABCM_Const1   =    2.0000000000000000E-003
   SABCM_Const2   =    2.0000000000000000E-002
 saSource inputPhysics values:
 saSource inputPhysics values:
   useft2SA       =  T
   useRotationSA  =  F
   SABCM_TU       =   0.50000000000000000     
   SABCM_S0_tanh  =   0.50000000000000000     
   SABCM_fsmooth  =    8.0000000000000002E-002
   SABCM_maxsmooth=    50.000000000000000     
   turbProd       =            1
   equations      =            3
   use_SABCM      =  F
   SABCM_Const1   =    2.0000000000000000E-003
   SABCM_Const2   =    2.0000000000000000E-002
   SABCM_TU       =   0.50000000000000000     
   SABCM_S0_tanh  =   0.50000000000000000     
   SABCM_fsmooth  =    8.0000000000000002E-002
   SABCM_maxsmooth=    50.000000000000000     
   useft2SA       =  T
   useRotationSA  =  F
   turbProd       =            1
   equations      =            3
   use_SABCM      =  F
   SABCM_Const1   =    2.0000000000000000E-003
   SABCM_Const2   =    2.0000000000000000E-002
   SABCM_TU       =   0.50000000000000000     
   SABCM_S0_tanh  =   0.50000000000000000     
   SABCM_fsmooth  =    8.0000000000000002E-002
   SABCM_maxsmooth=    50.000000000000000     
 saSource inputPhysics values:
 saSource inputPhysics values:
   useft2SA       =  T
   useRotationSA  =  F
   turbProd       =            1
   equations      =            3
   use_SABCM      =  F
   SABCM_Const1   =    2.0000000000000000E-003
   SABCM_Const2   =    2.0000000000000000E-002
   SABCM_TU       =   0.50000000000000000     
   SABCM_S0_tanh  =   0.50000000000000000     
   SABCM_fsmooth  =    8.0000000000000002E-002
   SABCM_maxsmooth=    50.000000000000000     
   useft2SA       =  T
   useRotationSA  =  F
 saSource inputPhysics values:
   useft2SA       =  T
   turbProd       =            1
   equations      =            3
   use_SABCM      =  F
 saSource inputPhysics values:
   useft2SA       =  T
   useRotationSA  =  F
   turbProd       =            1
   equations      =            3
   use_SABCM      =  F
   SABCM_Const1   =    2.0000000000000000E-003
   SABCM_Const1   =    2.0000000000000000E-003
   SABCM_Const2   =    2.0000000000000000E-002
   SABCM_TU       =   0.50000000000000000     
   SABCM_S0_tanh  =   0.50000000000000000     
   SABCM_fsmooth  =    8.0000000000000002E-002
   SABCM_maxsmooth=    50.000000000000000     
   SABCM_Const2   =    2.0000000000000000E-002
   SABCM_TU       =   0.50000000000000000     
   SABCM_S0_tanh  =   0.50000000000000000     
 saSource inputPhysics values:
   useft2SA       =  T
   useRotationSA  =  F
   SABCM_fsmooth  =    8.0000000000000002E-002
   turbProd       =            1
 saSource inputPhysics values:
   useft2SA       =  T
   useRotationSA  =  F
   equations      =            3
   use_SABCM      =  F
   turbProd       =            1
   equations      =            3
   use_SABCM      =  F
 saSource inputPhysics values:
   useft2SA       =  T
   SABCM_Const1   =    2.0000000000000000E-003
   SABCM_Const2   =    2.0000000000000000E-002
   useRotationSA  =  F
   turbProd       =            1
   equations      =            3
   use_SABCM      =  F
   SABCM_Const1   =    2.0000000000000000E-003
   SABCM_Const2   =    2.0000000000000000E-002
   SABCM_TU       =   0.50000000000000000     
   SABCM_TU       =   0.50000000000000000     
   SABCM_S0_tanh  =   0.50000000000000000     
   SABCM_fsmooth  =    8.0000000000000002E-002
   SABCM_maxsmooth=    50.000000000000000     
   SABCM_S0_tanh  =   0.50000000000000000     
   SABCM_fsmooth  =    8.0000000000000002E-002
   SABCM_maxsmooth=    50.000000000000000     
   SABCM_maxsmooth=    50.000000000000000     
   SABCM_Const1   =    2.0000000000000000E-003
 saSource inputPhysics values:
   useft2SA       =  T
   useRotationSA  =  F
   turbProd       =            1
   equations      =            3
   use_SABCM      =  F
   SABCM_Const2   =    2.0000000000000000E-002
   SABCM_TU       =   0.50000000000000000     
   SABCM_S0_tanh  =   0.50000000000000000     
   SABCM_Const1   =    2.0000000000000000E-003
   SABCM_fsmooth  =    8.0000000000000002E-002
   SABCM_maxsmooth=    50.000000000000000     
   SABCM_Const2   =    2.0000000000000000E-002
   SABCM_TU       =   0.50000000000000000     
   SABCM_S0_tanh  =   0.50000000000000000     
   SABCM_fsmooth  =    8.0000000000000002E-002
 saSource inputPhysics values:
   useft2SA       =  T
   useRotationSA  =  F
   turbProd       =            1
   equations      =            3
   use_SABCM      =  F
   SABCM_maxsmooth=    50.000000000000000     
   SABCM_Const1   =    2.0000000000000000E-003
   SABCM_Const2   =    2.0000000000000000E-002
   SABCM_TU       =   0.50000000000000000     
   SABCM_S0_tanh  =   0.50000000000000000     
   SABCM_fsmooth  =    8.0000000000000002E-002
   SABCM_maxsmooth=    50.000000000000000     
   useRotationSA  =  F
   turbProd       =            1
   equations      =            3
   use_SABCM      =  F
   SABCM_Const1   =    2.0000000000000000E-003
   SABCM_Const2   =    2.0000000000000000E-002
   SABCM_TU       =   0.50000000000000000     
   SABCM_S0_tanh  =   0.50000000000000000     
   SABCM_fsmooth  =    8.0000000000000002E-002
   SABCM_maxsmooth=    50.000000000000000     
 saSource inputPhysics values:
   useft2SA       =  T
   useRotationSA  =  F
   turbProd       =            1
   equations      =            3
   use_SABCM      =  F
   SABCM_Const1   =    2.0000000000000000E-003
   SABCM_Const2   =    2.0000000000000000E-002
   SABCM_TU       =   0.50000000000000000     
   SABCM_S0_tanh  =   0.50000000000000000     
   SABCM_fsmooth  =    8.0000000000000002E-002
   SABCM_maxsmooth=    50.000000000000000     
 saSource inputPhysics values:
   useft2SA       =  T
   useRotationSA  =  F
   turbProd       =            1
   equations      =            3
   use_SABCM      =  F
   SABCM_Const1   =    2.0000000000000000E-003
   SABCM_Const2   =    2.0000000000000000E-002
   SABCM_TU       =   0.50000000000000000     
   SABCM_S0_tanh  =   0.50000000000000000     
   SABCM_fsmooth  =    8.0000000000000002E-002
   SABCM_maxsmooth=    50.000000000000000     
#
# Grid 1: Performing 10000 iterations, unless converged earlier. Minimum required iteration before NK switch:      5. Switch to NK at totalR of:   2.14E+00
#
#------------------------------------------------------------------------------------------------------------------------------------------------------------
#  Grid  | Iter | Iter |  Iter  |   CFL   | Step | Lin  |        Res rho         |         C_lift         |        C_drag          |        totalRes        |
#  level |      | Tot  |  Type  |         |      | Res  |                        |                        |                        |                        |
#------------------------------------------------------------------------------------------------------------------------------------------------------------
      1       0      0     None     ----    ----   ----   6.0530406274369955E+02   9.3778675296777199E-03   4.6460427872661769E-01   2.1431787191375694E+06 
      1       1      4     *ANK   5.00E+00  1.00  0.028   4.4828204073343329E+01   2.8780582788029028E+00   2.3973185718711543E+00   1.7471901281523373E+05 
      1       2     14     *ANK   4.14E+01  1.00  0.048   1.5605525024683526E+01   6.8449639199198908E-01   3.5666932179851030E-01   5.5822196583331766E+04 
      1       3     27     *ANK   1.99E+02  1.00  0.050   9.9959880563630836E+00   5.1131788700128467E-01   7.8065295377326677E-02   3.5340839631110750E+04 
      1       4     40      ANK   1.99E+02  1.00  0.050   1.8412378084606900E+00   5.6456978784390566E-01   6.7518918968858380E-02   6.3540015685836688E+03 
      1       5     64     *ANK   1.53E+03  1.00  0.049   1.2219597398310245E+00   7.1707236600411428E-01   5.6030774374024796E-02   4.4625399183273666E+03 
      1       6    106      ANK   1.53E+03  1.00  0.050   1.8884657360924022E+00   8.5056663687793610E-01   4.5857261292896884E-02   6.7894940451318234E+03 
      1       7    135      ANK   1.53E+03  1.00  0.049   2.5062609305830792E+00   8.9022961713516557E-01   3.9449554167988288E-02   8.9080140432541466E+03 
      1       8    158      ANK   1.53E+03  1.00  0.048   1.3015636764097178E+00   9.0371034357651203E-01   3.8836166798141752E-02   4.6182681582929299E+03 
      1       9    200      ANK   1.53E+03  1.00  0.052   2.5484047824256595E+00   9.2739590587979659E-01   3.5624548050671778E-02   9.0226999292196688E+03 
      1      10    210     *ANK   1.53E+03  1.00  0.048   8.8453186268885686E-01   9.3097879721104038E-01   3.6993553561033225E-02   3.1330605512158500E+03 
      1      11    235     *ANK   6.87E+03  1.00  0.049   1.6036221188944901E+00   9.3829727238391947E-01   3.5808039982672318E-02   5.6757513671409206E+03 
      1      12    248      ANK   6.87E+03  1.00  0.049   5.9887405865603127E-01   9.3812551385714227E-01   3.6320023161105004E-02   2.1215700061567777E+03 
      1      13    282      ANK   6.87E+03  1.00  0.050   1.0549063049696412E+00   9.3554136757680140E-01   3.4892281594863739E-02   3.7348535444918307E+03 
      1      14    300      ANK   6.87E+03  1.00  0.049   6.6612775209678510E-01   9.3228007326310269E-01   3.4842519814075684E-02   2.3571281752512605E+03 
      1      15    326      ANK   6.87E+03  1.00  0.048   7.5152484461973401E-01   9.2611182656715263E-01   3.4232576947605925E-02   2.6612331249920148E+03 
      1      16    349      ANK   6.87E+03  1.00  0.049   8.7898481321991750E-01   9.1970171880753471E-01   3.3789137144710844E-02   3.1115268798463185E+03 
      1      17    368      ANK   6.87E+03  1.00  0.047   6.4085971333733194E-01   9.1455790543280013E-01   3.3449151796417290E-02   2.2706734038295231E+03 
      1      18    394      ANK   6.87E+03  1.00  0.048   7.7753946984488298E-01   9.0806507220021104E-01   3.3045603375263535E-02   2.7531663875537329E+03 
      1      19    413      ANK   6.87E+03  1.00  0.049   5.5615727312363483E-01   9.0394957703945267E-01   3.2851078920988853E-02   1.9703338859176497E+03 
      1      20    439      ANK   6.87E+03  1.00  0.049   6.9157328718650335E-01   8.9824224239906370E-01   3.2618198377899144E-02   2.4484866161297086E+03 
      1      21    450     *ANK   1.14E+04  1.00  0.047   4.3022073072173617E-01   8.9574604140656244E-01   3.2523018367481782E-02   1.5259592477865590E+03 
      1      22    470      ANK   1.14E+04  1.00  0.050   7.2810138208270947E-01   8.9174659181890137E-01   3.2494555158298258E-02   2.5778975619120388E+03 
      1      23    484      ANK   1.14E+04  1.00  0.049   4.0477429260764419E-01   8.9017979940548697E-01   3.2486589636157089E-02   1.4363725461187671E+03 
      1      24    513      ANK   1.14E+04  1.00  0.050   6.4967276748735958E-01   8.8740468592661914E-01   3.2597187863612341E-02   2.3003398496722657E+03 
      1      25    530      ANK   1.14E+04  1.00  0.047   4.5606520655894045E-01   8.8659593922133051E-01   3.2638255702089468E-02   1.6157189101006852E+03 
      1      26    557      ANK   1.14E+04  1.00  0.050   6.3072256773928170E-01   8.8550285562595121E-01   3.2708228627309918E-02   2.2329659886329837E+03 
      1      27    575      ANK   1.14E+04  1.00  0.047   4.1050663816068200E-01   8.8522141559092082E-01   3.2756972583238522E-02   1.4546594430583707E+03 
      1      28    604      ANK   1.14E+04  1.00  0.050   5.4874862507139222E-01   8.8496485716095863E-01   3.2819665908355895E-02   1.9430607967023759E+03 
      1      29    622      ANK   1.14E+04  1.00  0.050   3.0197565608738347E-01   8.8497597681992324E-01   3.2844328182853710E-02   1.0704746818397780E+03 
      1      30    646     *ANK   4.15E+04  1.00  0.048   3.4354837402900795E-01   8.8504392702953005E-01   3.2858201797873292E-02   1.2172499661489387E+03 
      1      31    665      ANK   4.15E+04  1.00  0.049   2.6263762763162801E-01   8.8534585479693317E-01   3.2866911060869045E-02   9.3068599984543778E+02 
      1      32    687      ANK   4.15E+04  1.00  0.048   2.3435849543917997E-01   8.8527738648938414E-01   3.2865058817153348E-02   8.3091367622457028E+02 
      1      33    711      ANK   4.15E+04  1.00  0.043   1.7020132555380804E-01   8.8527777207439495E-01   3.2850662569609369E-02   6.0458767402966623E+02 
      1      34    734      ANK   4.15E+04  1.00  0.050   1.4088838510805440E-01   8.8555136897634457E-01   3.2867789397030403E-02   5.0087898661581443E+02 
      1      35    754     *ANK   1.00E+05  1.00  0.048   9.1172617087290797E-02   8.8545062317195566E-01   3.2853180620448223E-02   3.2591205127756376E+02 
      1      36    790      ANK   1.00E+05  1.00  0.048   1.0321440211779755E-01   8.8548422817979022E-01   3.2845976748852201E-02   3.6767115698894605E+02 
      1      37    826      ANK   1.00E+05  1.00  0.049   1.1213358607941780E-01   8.8537539588309799E-01   3.2850664301778243E-02   3.9827549859453597E+02 
      1      38    866      ANK   1.00E+05  1.00  0.049   1.2543813305261034E-01   8.8522067470767474E-01   3.2834157861524729E-02   4.4610173098598301E+02 
      1      39    900      ANK   1.00E+05  1.00  0.049   8.7671416484319045E-02   8.8521114704244752E-01   3.2846883863674146E-02   3.1361692367330102E+02 
      1      40    936      ANK   1.00E+05  1.00  0.048   8.1259987818884272E-02   8.8513655727683849E-01   3.2824056408606569E-02   2.9438472541646371E+02 
      1      41    966      ANK   1.00E+05  1.00  0.047   5.9312576238925135E-02   8.8508035551917097E-01   3.2847598203154374E-02   2.1818178894576528E+02 
      1      42    992     *ANK   1.00E+05  1.00  0.048   5.7307286215973169E-02   8.8524210369068135E-01   3.2869906844541531E-02   2.1100373489446650E+02 
      1      43   1017      ANK   1.00E+05  1.00  0.045   5.5502256611391604E-02   8.8523922423968349E-01   3.2833660286109762E-02   2.0394036122690650E+02 
      1      44   1041      ANK   1.00E+05  1.00  0.048   5.2921078412313916E-02   8.8526042885448109E-01   3.2846583408295937E-02   1.9366190136234030E+02 
      1      45   1065      ANK   1.00E+05  1.00  0.047   5.2454882823577478E-02   8.8512477454328731E-01   3.2847523648850824E-02   1.9036965475964212E+02 
      1      46   1088      ANK   1.00E+05  1.00  0.047   4.2835737465119393E-02   8.8509939240687352E-01   3.2847564709491871E-02   1.5559136237924795E+02 
      1      47   1111      ANK   1.00E+05  1.00  0.048   4.2353744793718402E-02   8.8510002785164721E-01   3.2837979591122737E-02   1.5265391579469443E+02 
      1      48   1132      ANK   1.00E+05  1.00  0.049   3.4986358729368998E-02   8.8504299844015000E-01   3.2852919981713788E-02   1.2616609024050300E+02 
      1      49   1153      ANK   1.00E+05  1.00  0.049   3.7889274755397218E-02   8.8509898976017420E-01   3.2849912943024126E-02   1.3560836625152140E+02 
#------------------------------------------------------------------------------------------------------------------------------------------------------------
#  Grid  | Iter | Iter |  Iter  |   CFL   | Step | Lin  |        Res rho         |         C_lift         |        C_drag          |        totalRes        |
#  level |      | Tot  |  Type  |         |      | Res  |                        |                        |                        |                        |
#------------------------------------------------------------------------------------------------------------------------------------------------------------
      1      50   1172      ANK   1.00E+05  1.00  0.048   2.8077969710680765E-02   8.8514536085499451E-01   3.2843659254378474E-02   1.0103402417370479E+02 
      1      51   1189     *ANK   1.00E+05  1.00  0.047   2.2186995550295369E-02   8.8510932765827022E-01   3.2845717196334820E-02   8.0129697534436673E+01 
      1      52   1206      ANK   1.00E+05  1.00  0.048   1.9147265850214396E-02   8.8503693669813721E-01   3.2843637870882209E-02   6.9169448273322857E+01 
      1      53   1223      ANK   1.00E+05  1.00  0.043   1.8119826575803157E-02   8.8505113463944440E-01   3.2840630792797622E-02   6.5191266139927521E+01 
      1      54   1239      ANK   1.00E+05  1.00  0.048   1.3611878625109175E-02   8.8501652411225595E-01   3.2845351118867383E-02   4.9178014685026632E+01 
      1      55   1255     *ANK   1.00E+05  1.00  0.049   1.6135868044916984E-02   8.8506197806026732E-01   3.2839539940355558E-02   5.7666152324314297E+01 
      1      56   1269      ANK   1.00E+05  1.00  0.047   1.5861630037599737E-02   8.8503963045404965E-01   3.2852462977955910E-02   5.6596120044932128E+01 
      1      57   1282      ANK   1.00E+05  1.00  0.048   1.9322529473587025E-02   8.8498389640897734E-01   3.2834264677082642E-02   6.8572882693419146E+01 
      1      58   1293      ANK   1.00E+05  1.00  0.046   2.0363744579809454E-02   8.8504400735324951E-01   3.2859364156575921E-02   7.2296010774203609E+01 
      1      59   1302      ANK   1.00E+05  1.00  0.046   1.4992108789364926E-02   8.8501554460375009E-01   3.2828844703091539E-02   5.3249174448040002E+01 
      1      60   1315      ANK   1.00E+05  1.00  0.045   1.1313547138350515E-02   8.8503064762477113E-01   3.2849272837900526E-02   4.0235852496534889E+01 
      1      61   1329      ANK   1.00E+05  1.00  0.048   9.2430824220891498E-03   8.8501711276794315E-01   3.2849806899950457E-02   3.2905947497835434E+01 
      1      62   1348      ANK   1.00E+05  1.00  0.047   6.7469644140614174E-03   8.8503850795831274E-01   3.2845092829181521E-02   2.4165883428502006E+01 
      1      63   1374     *ANK   1.00E+05  1.00  0.049   8.7007964477687633E-03   8.8495876581873301E-01   3.2852338990812677E-02   3.1036148208801748E+01 
      1      64   1394      ANK   1.00E+05  1.00  0.050   8.2428677229080954E-03   8.8500472290430710E-01   3.2848825689279812E-02   2.9368295400251586E+01 
      1      65   1412      ANK   1.00E+05  1.00  0.049   5.9326330964591702E-03   8.8502879936518197E-01   3.2847238212441308E-02   2.1241931754784094E+01 
#
# Writing grid file(s):
#    output/wing_000_vol.cgns
# Grid file(s) written
#
#
# Writing volume solution file(s):
#    output/wing_000_vol.cgns
# Volume solution file(s) written
#
#
# Writing surface solution file(s):
#    output/wing_000_surf.cgns
# Surface solution file(s) written
#
#
# Writing slices file(s): 
#    output/wing_000_slices.dat
# Slices file(s) written
#
#
# Writing lift distribution file(s):
#    output/wing_000_lift.dat
# Lift distribution file(s) written
#
#
# Writing tecplot surface file(s):
#    output/wing_000_surf.plt
# Tecplot surface file(s) written
#
+-------------------------------------------------+
|
| Solution Timings:
|
| Set AeroProblem Time          :      0.016 sec
| Solution Time                 :    310.890 sec
| Write Solution Time           :      0.680 sec
| Stability Parameter Time      :      0.000 sec
|
| Total Call Time               :    311.587 sec
+--------------------------------------------------+
-> Alpha... 1.800000 
+---------------------------------------------------+
|
| Function Timings:
|
| Function AeroProblem Time     :      0.004 sec
| Function Evaluation Time      :      0.000 sec
| User Function Evaluation Time :      0.000 sec
|
| Total Function Evaluation Time:      0.004 sec
+--------------------------------------------------+
{'wing_cd': 0.03284723821244131, 'wing_cl': 0.8850287993651819}
 
================ ANK Profiling Report (MPI max/avg) ================
Wall-clock interpretation: use max_* as the primary parallel metric.
Comm columns only include directly measured communication timings.
 
1. ANKStep major sections
name                                           calls    max_total     avg_total    max_compute   avg_compute   max_comm      avg_comm
                                   ANKStep_total     1040   3.1020E+02   3.1004E+02   3.0172E+02   2.9947E+02   1.2248E+01   1.0572E+01
                              computeTimeStepMat     1040   2.9096E+00   2.9028E+00   2.5196E+00   2.2056E+00   8.6360E-01   6.9721E-01
                           FormJacobianANK_total      208   1.6009E+01   1.6007E+01   1.5768E+01   1.4895E+01   1.9930E+00   1.1118E+00
              -->FormJacobianANK_residuals_total      208   1.5189E+01   1.5105E+01   1.4808E+01   1.3993E+01   1.9930E+00   1.1118E+00
                                -->PCSetup_total      208   3.0823E-01   3.0622E-01   3.0823E-01   3.0622E-01   0.0000E+00   0.0000E+00
                              KSPSolve_ANK_total     1040   2.7877E+02   2.7791E+02   2.7160E+02   2.7001E+02   9.1805E+00   7.8948E+00
                      -->MatMult_in_KSPSolve_ANK    20512   5.0150E+01   4.6379E+01   4.1471E+01   3.8485E+01   9.1805E+00   7.8948E+00
                       -->outside_KSPSolve_total     1040   2.8118E+00   2.5032E+00   2.8118E+00   2.5032E+00   0.0000E+00   0.0000E+00
                 -->MatMult_outside_KSPSolve_ANK     1040   2.7331E+00   2.4300E+00   2.3172E+00   2.0632E+00   4.4440E-01   3.6678E-01
                         -->matrixAssembly_total     1040   5.3273E-04   4.6293E-04   5.3273E-04   4.6293E-04   0.0000E+00   0.0000E+00
                            -->physicality_total     1040   1.2859E+00   6.0724E-01   1.2859E+00   6.0724E-01   0.0000E+00   0.0000E+00
                            -->stateUpdate_total     1040   3.5809E-01   2.8299E-01   3.5809E-01   2.8299E-01   0.0000E+00   0.0000E+00
                                -->vecNorm_total     2080   8.2818E-01   4.5133E-01   8.2818E-01   4.5133E-01   0.0000E+00   0.0000E+00
                              ANK_localOps_total        0   4.9296E+00   4.2484E+00   4.9296E+00   4.2484E+00   0.0000E+00   0.0000E+00
                     computeUnsteadyResANK_total     1040   2.6154E+00   2.4634E+00   2.2145E+00   2.0821E+00   4.4185E-01   3.8127E-01
  -->computeUnsteadyResANK_timeStepMatMult_total     1040   3.9662E-01   3.4970E-01   3.9662E-01   3.4970E-01   0.0000E+00   0.0000E+00
           -->computeUnsteadyResANK_vecOps_total     1040   2.8303E-01   2.5076E-01   2.8303E-01   2.5076E-01   0.0000E+00   0.0000E+00
                          -->ANKLineSearch_total        0   0.0000E+00   0.0000E+00   0.0000E+00   0.0000E+00   0.0000E+00   0.0000E+00
                         ANK_finalResidual_total     1040   2.5945E+00   2.3927E+00   2.1550E+00   1.9060E+00   5.3794E-01   4.8661E-01
                            ANK_turbUpdate_total     1040   4.1791E+00   4.1180E+00   4.1791E+00   4.1180E+00   0.0000E+00   0.0000E+00
 
1b. Parent closure check (avg columns, additive check)
sum(parent avg_total/avg_compute/avg_comm):   3.1004E+02   2.9947E+02   1.0572E+01
ANKStep avg_total/avg_compute/avg_comm:   3.1004E+02   2.9947E+02   1.0572E+01
difference (ANKStep - parent_sum):   1.2315E-03   1.2315E-03   0.0000E+00
 
2. Residual totals inside ANKStep
name                                           calls    max_total     avg_total    max_compute   avg_compute   max_comm      avg_comm
                       blocketteRes_total_in_ANK    23648   4.5059E+01   4.0548E+01   3.4936E+01   3.1406E+01   1.0565E+01   9.1412E+00
                     blocketteRes_compute_in_ANK    23648   3.4936E+01   3.1406E+01   3.4936E+01   3.1406E+01   0.0000E+00   0.0000E+00
                        blocketteRes_comm_in_ANK    23648   1.0565E+01   9.1412E+00   0.0000E+00   0.0000E+00   1.0565E+01   9.1412E+00
 
3. Residual totals by calling context
name                                           calls    max_total     avg_total    max_compute   avg_compute   max_comm      avg_comm
                 blocketteRes_in_FormJacobianANK        0   0.0000E+00   0.0000E+00   0.0000E+00   0.0000E+00   0.0000E+00   0.0000E+00
             blocketteRes_in_MatMult_in_KSPSolve    20512   3.8551E+01   3.4558E+01   2.9811E+01   2.6663E+01   9.1805E+00   7.8948E+00
        blocketteRes_in_MatMult_outside_KSPSolve     1040   1.9475E+00   1.6934E+00   1.5031E+00   1.3266E+00   4.4440E-01   3.6678E-01
           blocketteRes_in_computeUnsteadyResANK     1040   2.0705E+00   1.8623E+00   1.6287E+00   1.4810E+00   4.4185E-01   3.8127E-01
                   blocketteRes_in_ANKLineSearch        0   0.0000E+00   0.0000E+00   0.0000E+00   0.0000E+00   0.0000E+00   0.0000E+00
               blocketteRes_in_ANK_finalResidual     1040   2.5942E+00   2.3923E+00   2.1547E+00   1.9057E+00   5.3794E-01   4.8661E-01
                  blocketteRes_in_ANK_turbUpdate        0   0.0000E+00   0.0000E+00   0.0000E+00   0.0000E+00   0.0000E+00   0.0000E+00
 
4. Key counters
n_ANKStep          1040
n_FormJacobianANK           208
n_PCSetup_ANK           208
n_KSPSolve_ANK          1040
n_GMRES_iter_ANK         20512
n_MatMult_ANK         21552
n_PCApply_ANK             0
n_GMRES_orthog_ANK             0
n_blocketteRes_total_in_ANK         23648
n_blocketteRes_in_FormJacobianANK             0
n_blocketteRes_in_MatMult_ANK         21552
n_blocketteRes_in_computeUnsteadyResANK          1040
n_blocketteRes_in_ANKLineSearch             0
n_blocketteRes_in_ANK_finalResidual          1040
n_whalo2_in_ANK         23648
=====================================================================
Generated Cumulative data file path: /home/mdo/MDOLab_3_v2/adflow- 2.12.2 dev 128/Run/results_bs_sweep/bs_8/results_smt_off_pure_mpi/np_16_omp_1/mem_np16_omp1.csv
