Warning: Option '--html' is not supported with '-C' option.
Profiling started.
[mdo-lab:2978573] MCW rank 0 bound to socket 0[core 0[hwt 0]]: [B/././././././././././././././.]
[mdo-lab:2978573] MCW rank 1 bound to socket 0[core 1[hwt 0]]: [./B/./././././././././././././.]
[mdo-lab:2978573] MCW rank 2 bound to socket 0[core 2[hwt 0]]: [././B/././././././././././././.]
[mdo-lab:2978573] MCW rank 3 bound to socket 0[core 3[hwt 0]]: [./././B/./././././././././././.]
[mdo-lab:2978573] MCW rank 4 bound to socket 0[core 4[hwt 0]]: [././././B/././././././././././.]
[mdo-lab:2978573] MCW rank 5 bound to socket 0[core 5[hwt 0]]: [./././././B/./././././././././.]
[mdo-lab:2978573] MCW rank 6 bound to socket 0[core 6[hwt 0]]: [././././././B/././././././././.]
[mdo-lab:2978573] MCW rank 7 bound to socket 0[core 7[hwt 0]]: [./././././././B/./././././././.]
[mdo-lab:2978573] MCW rank 8 bound to socket 0[core 8[hwt 0]]: [././././././././B/././././././.]
[mdo-lab:2978573] MCW rank 9 bound to socket 0[core 9[hwt 0]]: [./././././././././B/./././././.]
[mdo-lab:2978573] MCW rank 10 bound to socket 0[core 10[hwt 0]]: [././././././././././B/././././.]
[mdo-lab:2978573] MCW rank 11 bound to socket 0[core 11[hwt 0]]: [./././././././././././B/./././.]
#
# ADflow, multiblock structured flow solver
#
# This code solves the 3D RANS, laminar NS or Euler equations
# on multiblock structured hexahedral grids.
# This is a parallel executable running on 12 processors.
# It has been compiled with the following options:
# - Optimized mode.
# - Size of standard integers: 4 bytes.
# - Size of standard floating point types: 8 bytes.
# - With cgns support
# - With support for signals.
#
+----------------------------------------+
|          All ADFLOW Options:           |
+----------------------------------------+
{'ADPC': False,
 'ANKADPC': False,
 'ANKAMGLevels': 2,
 'ANKAMGNSmooth': 1,
 'ANKASMOverlap': 1,
 'ANKASMOverlapCoarse': 0,
 'ANKCFL0': 5.0,
 'ANKCFLCutback': 0.5,
 'ANKCFLExponent': 0.5,
 'ANKCFLFactor': 10.0,
 'ANKCFLLimit': 100000.0,
 'ANKCFLMin': 1.0,
 'ANKCFLReset': True,
 'ANKCharTimeStepType': 'VLR',
 'ANKConstCFLStep': 0.4,
 'ANKCoupledSwitchTol': 1e-16,
 'ANKGlobalPreconditioner': 'additive Schwarz',
 'ANKInnerPreconIts': 1,
 'ANKInnerPreconItsCoarse': 1,
 'ANKJacobianLag': 10,
 'ANKLinResMax': 0.1,
 'ANKLinearSolveBuffer': 0.01,
 'ANKLinearSolveTol': 0.05,
 'ANKMaxIter': 40,
 'ANKNSubiterTurb': 1,
 'ANKOuterPreconIts': 1,
 'ANKPCILUFill': 2,
 'ANKPCILUFillCoarse': 0,
 'ANKPCUpdateCutoff': 1e-16,
 'ANKPCUpdateTol': 0.5,
 'ANKPCUpdateTolAfterCutoff': 0.0001,
 'ANKPhysicalLSTol': 0.2,
 'ANKPhysicalLSTolTurb': 0.99,
 'ANKSecondOrdSwitchTol': 1e-16,
 'ANKStepFactor': 1.0,
 'ANKStepMin': 0.01,
 'ANKSubspaceSize': -1,
 'ANKSwitchTol': 1000.0,
 'ANKTurbCFLScale': 1.0,
 'ANKTurbKSPDebug': False,
 'ANKUnsteadyLSTol': 1.0,
 'ANKUseApproxSA': False,
 'ANKUseFullVisc': True,
 'ANKUseMatrixFree': True,
 'ANKUseTurbDADI': True,
 'ASMOverlap': 1,
 'ASMOverlapCoarse': 0,
 'CFL': 1.7,
 'CFLCoarse': 1.0,
 'CFLLimit': 1.5,
 'GMRESOrthogonalizationType': 'modified Gram-Schmidt',
 'ILUFill': 2,
 'ILUFillCoarse': 0,
 'L2Convergence': 1e-05,
 'L2ConvergenceCoarse': 0.01,
 'L2ConvergenceRel': 1e-16,
 'MGCycle': 'sg',
 'MGStartLevel': -1,
 'NKADPC': False,
 'NKAMGLevels': 2,
 'NKAMGNSmooth': 1,
 'NKASMOverlap': 1,
 'NKASMOverlapCoarse': 0,
 'NKFixedStep': 0.25,
 'NKGlobalPreconditioner': 'additive Schwarz',
 'NKInnerPreconIts': 1,
 'NKInnerPreconItsCoarse': 1,
 'NKJacobianLag': 20,
 'NKLS': 'cubic',
 'NKLinearSolveTol': 0.3,
 'NKOuterPreconIts': 1,
 'NKPCILUFill': 2,
 'NKPCILUFillCoarse': 0,
 'NKSubspaceSize': 60,
 'NKSwitchTol': 1e-06,
 'NKUseEW': True,
 'NKViscPC': False,
 'RKReset': False,
 'SABCM_Const1': 0.002,
 'SABCM_Const2': 0.02,
 'SABCM_S0_tanh': 0.5,
 'SABCM_TU': 0.5,
 'SABCM_fsmooth': 0.08,
 'SABCM_maxsmooth': 50.0,
 'TSStability': False,
 'acousticScaleFactor': 0.08164,
 'adjointAMGLevels': 2,
 'adjointAMGNSmooth': 1,
 'adjointDivTol': 100000.0,
 'adjointL2Convergence': 1e-06,
 'adjointL2ConvergenceAbs': 1e-16,
 'adjointL2ConvergenceRel': 1e-16,
 'adjointMaxIter': 500,
 'adjointMaxL2DeviationFactor': 1.0,
 'adjointMonitorStep': 10,
 'adjointSolver': 'GMRES',
 'adjointSubspaceSize': 100,
 'alphaFollowing': True,
 'alphaMode': False,
 'altitudeMode': False,
 'applyAdjointPCSubspaceSize': 20,
 'applyPCSubspaceSize': 10,
 'approxPC': True,
 'backgroundVolScale': 1.0,
 'betaMode': False,
 'blockSplitting': True,
 'cavExponent': 0,
 'cavSensorOffset': 0.0,
 'cavSensorSharpness': 10.0,
 'cavitationNumber': 1.4,
 'closedSurfaceFamilies': None,
 'coarseDiscretization': 'central plus scalar dissipation',
 'computeCavitation': False,
 'computeSepSensorKs': False,
 'coupledSolution': False,
 'cpMinRho': 100.0,
 'cutCallback': None,
 'debugZipper': False,
 'deltaT': 0.01,
 'designSurfaceFamily': None,
 'discretization': 'central plus scalar dissipation',
 'dissContMagnitude': 1.0,
 'dissContMidpoint': 3.0,
 'dissContSharpness': 3.0,
 'dissipationLumpingParameter': 6.0,
 'dissipationScalingExponent': 0.67,
 'eddyVisInfRatio': 0.009,
 'equationMode': 'steady',
 'equationType': 'RANS',
 'eulerWallTreatment': 'linear pressure extrapolation',
 'explicitSurfaceCallback': None,
 'firstRun': True,
 'flowType': 'external',
 'forcesAsTractions': True,
 'frozenTurbulence': False,
 'globalPreconditioner': 'additive Schwarz',
 'gridFile': 'vmesh_L2.cgns',
 'gridPrecision': 'double',
 'gridPrecisionSurface': 'single',
 'infChangeCorrection': True,
 'infChangeCorrectionTol': 1e-12,
 'infChangeCorrectionType': 'offset',
 'innerPreconIts': 1,
 'innerPreconItsCoarse': 1,
 'isoVariables': [],
 'isosurface': {},
 'liftIndex': 3,
 'limiter': 'van Albada',
 'loadBalanceIter': 10,
 'loadImbalance': 0.1,
 'localPreconditioner': 'ILU',
 'lowSpeedPreconditioner': False,
 'machMode': False,
 'matrixOrdering': 'RCM',
 'maxL2DeviationFactor': 1.0,
 'meshMaxSkewness': 1.0,
 'meshSurfaceFamily': None,
 'monitorVariables': ['resrho', 'cl', 'cd'],
 'nCycles': 10000,
 'nCyclesCoarse': 500,
 'nFloodIter': -1,
 'nRKReset': 5,
 'nRefine': 10,
 'nSaveSurface': 1,
 'nSaveVolume': 1,
 'nSubiter': 1,
 'nSubiterTurb': 3,
 'nTimeStepsCoarse': 48,
 'nTimeStepsFine': 400,
 'nearWallDist': 0.1,
 'numberSolutions': True,
 'outerPreconIts': 3,
 'outputDirectory': 'output',
 'outputSurfaceFamily': 'allSurfaces',
 'overlapFactor': 0.9,
 'oversetDebugPrint': False,
 'oversetLoadBalance': True,
 'oversetPriority': {},
 'oversetProjTol': 1e-12,
 'oversetUpdateMode': 'frozen',
 'pMode': False,
 'partitionLikeNProc': -1,
 'partitionOnly': False,
 'preconditionerSide': 'right',
 'printAllOptions': True,
 'printBadlySkewedCells': False,
 'printIntro': True,
 'printIterations': True,
 'printNegativeVolumes': False,
 'printTiming': True,
 'printWarnings': True,
 'qMode': False,
 'rMode': False,
 'recomputeOverlapMatrix': True,
 'resAveraging': 'alternate',
 'restartAdjoint': True,
 'restartFile': None,
 'restrictionRelaxation': 0.8,
 'selfZipCutoff': 120.0,
 'sepSensorKsOffset': 0.0,
 'sepSensorKsPhi': 90.0,
 'sepSensorKsRho': 1000.0,
 'sepSensorKsSharpness': 25.0,
 'sepSensorOffset': 0.0,
 'sepSensorSharpness': 10.0,
 'setMonitor': True,
 'skipAfterFailedAdjoint': True,
 'smoothParameter': 1.5,
 'smoother': 'DADI',
 'solutionPrecision': 'single',
 'solutionPrecisionSurface': 'single',
 'storeConvHist': True,
 'storeRindLayer': True,
 'surfaceVariables': ['rho',
                      'p',
                      'vx',
                      'vy',
                      'vz',
                      'cp',
                      'mach',
                      'cf',
                      'cfx',
                      'cfy',
                      'cfz',
                      'yplus',
                      'blank'],
 'timeAccuracy': 2,
 'timeIntegrationScheme': 'BDF',
 'timeIntervals': 1,
 'timeLimit': -1.0,
 'turbResScale': 10000.0,
 'turbulenceModel': 'SA',
 'turbulenceOrder': 'first order',
 'turbulenceProduction': 'strain',
 'updateWallAssociations': False,
 'useALE': True,
 'useANKSolver': True,
 'useApproxWallDistance': True,
 'useBlockettes': True,
 'useDiagTSPC': True,
 'useDissContinuation': False,
 'useExternalDynamicMesh': False,
 'useGridMotion': False,
 'useLinResMonitor': False,
 'useMatrixFreedrdw': True,
 'useNKSolver': True,
 'useOversetWallScaling': False,
 'useQCR': False,
 'useRotationSA': False,
 'useSkewnessCheck': False,
 'useTSInterpolatedGridVelocity': False,
 'useWallFunctions': False,
 'useZipperMesh': True,
 'use_SABCM': False,
 'useft2SA': True,
 'verifyExtra': True,
 'verifySpatial': True,
 'verifyState': True,
 'vis2': 0.25,
 'vis2Coarse': 0.5,
 'vis4': 0.0156,
 'viscPC': False,
 'viscWallTreatment': 'constant pressure extrapolation',
 'viscousSurfaceVelocities': True,
 'volumeVariables': ['vort',
                     'vortx',
                     'vorty',
                     'vortz',
                     'cp',
                     'mach',
                     'macht',
                     'eddy',
                     'eddyratio',
                     'resrho',
                     'rhoe',
                     'resturb',
                     'blank'],
 'wallDistCutoff': 1e+20,
 'windAxis': False,
 'writeSolutionDigits': 3,
 'writeSolutionEachIter': False,
 'writeSurfaceSolution': True,
 'writeTecplotSurfaceSolution': True,
 'writeVolumeSolution': True,
 'zipperSurfaceFamily': None}
-> Alpha... 0.000000 
#
#                      Warning
# It is assumed that the grid is given in meters.
#
#
#                    Warning
# Specified load imbalance tolerance 0.100 not achieved.
# Continuing with 0.094 load imbalance for the cells and 0.102 for the faces
#
#
# Grid level: 1, Total number of cells: 943104
#
+--------------------------------------------------+
  CGNS Surface Families by Boundary Condition Type
+--------------------------------------------------+
| Wall Types           : wing 
| Inflow Types         : 
| Outflow Types        : 
| Symmetry Types       : sym 
| Farfield Types       : far 
| Overset Types        : 
+--------------------------------------------------+
+--------------------------------------------------+
|
| Initialization Times:
|
| Library Load Time             :      0.018 sec
| Set Defaults Time             :      0.001 sec
| Base Class Init Time          :      0.001 sec
| Introductory Time             :      0.006 sec
| Partitioning Time             :      0.010 sec
| Preprocessing Time            :      1.306 sec
| Family Setup Time             :      0.000 sec
| Cut Callback Time             :      0.000 sec
| Explicit Surface Cut Time     :      0.000 sec
| Overset Preprocessing Time    :      0.001 sec
| Initialize Flow Time          :      0.029 sec
|
| Total Init Time               :      1.372 sec
+--------------------------------------------------+

+------------------------------------------------------------------------------+
| pyADFLOW Warning: 'zipperSurfaceFamily' option was not given. Using all wall |
| boundary conditions for the zipper mesh.                                     |
+------------------------------------------------------------------------------+

+----------------------------------------------------------------------+
|  Switching to Aero Problem: wing                                     |
+----------------------------------------------------------------------+
-> Alpha... 1.800000 
+----------------------------------------+
|      All Modified ADFLOW Options:      |
+----------------------------------------+
{'ANKCharTimeStepType': 'VLR',
 'L2Convergence': 1e-05,
 'NKSwitchTol': 1e-06,
 'acousticScaleFactor': 0.08164,
 'gridFile': 'vmesh_L2.cgns',
 'liftIndex': 3,
 'monitorVariables': ['resrho', 'cl', 'cd'],
 'nCycles': 10000,
 'outputDirectory': 'output',
 'surfaceVariables': ['rho',
                      'p',
                      'vx',
                      'vy',
                      'vz',
                      'cp',
                      'mach',
                      'cf',
                      'cfx',
                      'cfy',
                      'cfz',
                      'yplus',
                      'blank'],
 'turbResScale': 10000.0,
 'useNKSolver': True,
 'volumeVariables': ['vort',
                     'vortx',
                     'vorty',
                     'vortz',
                     'cp',
                     'mach',
                     'macht',
                     'eddy',
                     'eddyratio',
                     'resrho',
                     'rhoe',
                     'resturb',
                     'blank'],
 'writeTecplotSurfaceSolution': True}
 saSource inputPhysics values:
   useft2SA       =  T
   useRotationSA  =  F
   turbProd       =            1
   equations      =            3
   use_SABCM      =  F
 saSource inputPhysics values:
   useft2SA       =  T
   useRotationSA  =  F
   turbProd       =            1
   equations      =            3
   SABCM_Const1   =    2.0000000000000000E-003
   use_SABCM      =  F
   SABCM_Const1   =    2.0000000000000000E-003
   SABCM_Const2   =    2.0000000000000000E-002
   SABCM_Const2   =    2.0000000000000000E-002
   SABCM_TU       =   0.50000000000000000     
   SABCM_S0_tanh  =   0.50000000000000000     
   SABCM_fsmooth  =    8.0000000000000002E-002
   SABCM_maxsmooth=    50.000000000000000     
   SABCM_TU       =   0.50000000000000000     
   SABCM_S0_tanh  =   0.50000000000000000     
   SABCM_fsmooth  =    8.0000000000000002E-002
   SABCM_maxsmooth=    50.000000000000000     
 saSource inputPhysics values:
   useft2SA       =  T
   useRotationSA  =  F
   turbProd       =            1
   equations      =            3
   use_SABCM      =  F
   SABCM_Const1   =    2.0000000000000000E-003
   SABCM_Const2   =    2.0000000000000000E-002
   SABCM_TU       =   0.50000000000000000     
   SABCM_S0_tanh  =   0.50000000000000000     
   SABCM_fsmooth  =    8.0000000000000002E-002
   SABCM_maxsmooth=    50.000000000000000     
 saSource inputPhysics values:
   useft2SA       =  T
   useRotationSA  =  F
   turbProd       =            1
   equations      =            3
   use_SABCM      =  F
   SABCM_Const1   =    2.0000000000000000E-003
   SABCM_Const2   =    2.0000000000000000E-002
   SABCM_TU       =   0.50000000000000000     
   SABCM_S0_tanh  =   0.50000000000000000     
   SABCM_fsmooth  =    8.0000000000000002E-002
   SABCM_maxsmooth=    50.000000000000000     
 saSource inputPhysics values:
   useft2SA       =  T
   useRotationSA  =  F
   turbProd       =            1
   equations      =            3
   use_SABCM      =  F
 saSource inputPhysics values:
   useft2SA       =  T
   SABCM_Const1   =    2.0000000000000000E-003
   SABCM_Const2   =    2.0000000000000000E-002
   SABCM_TU       =   0.50000000000000000     
   SABCM_S0_tanh  =   0.50000000000000000     
   SABCM_fsmooth  =    8.0000000000000002E-002
   SABCM_maxsmooth=    50.000000000000000     
   useRotationSA  =  F
   turbProd       =            1
   equations      =            3
   use_SABCM      =  F
   SABCM_Const1   =    2.0000000000000000E-003
   SABCM_Const2   =    2.0000000000000000E-002
   SABCM_TU       =   0.50000000000000000     
   SABCM_S0_tanh  =   0.50000000000000000     
   SABCM_fsmooth  =    8.0000000000000002E-002
   SABCM_maxsmooth=    50.000000000000000     
 saSource inputPhysics values:
   useft2SA       =  T
   useRotationSA  =  F
   turbProd       =            1
   equations      =            3
   use_SABCM      =  F
   SABCM_Const1   =    2.0000000000000000E-003
   SABCM_Const2   =    2.0000000000000000E-002
   SABCM_TU       =   0.50000000000000000     
   SABCM_S0_tanh  =   0.50000000000000000     
   SABCM_fsmooth  =    8.0000000000000002E-002
   SABCM_maxsmooth=    50.000000000000000     
 saSource inputPhysics values:
   useft2SA       =  T
   useRotationSA  =  F
 saSource inputPhysics values:
   turbProd       =            1
   equations      =            3
   use_SABCM      =  F
   SABCM_Const1   =    2.0000000000000000E-003
   useft2SA       =  T
   SABCM_Const2   =    2.0000000000000000E-002
   SABCM_TU       =   0.50000000000000000     
   SABCM_S0_tanh  =   0.50000000000000000     
   useRotationSA  =  F
   turbProd       =            1
   SABCM_fsmooth  =    8.0000000000000002E-002
   SABCM_maxsmooth=    50.000000000000000     
   equations      =            3
   use_SABCM      =  F
   SABCM_Const1   =    2.0000000000000000E-003
   SABCM_Const2   =    2.0000000000000000E-002
   SABCM_TU       =   0.50000000000000000     
   SABCM_S0_tanh  =   0.50000000000000000     
   SABCM_fsmooth  =    8.0000000000000002E-002
   SABCM_maxsmooth=    50.000000000000000     
 saSource inputPhysics values:
   useft2SA       =  T
   useRotationSA  =  F
   turbProd       =            1
   equations      =            3
   use_SABCM      =  F
   SABCM_Const1   =    2.0000000000000000E-003
   SABCM_Const2   =    2.0000000000000000E-002
   SABCM_TU       =   0.50000000000000000     
   SABCM_S0_tanh  =   0.50000000000000000     
   SABCM_fsmooth  =    8.0000000000000002E-002
   SABCM_maxsmooth=    50.000000000000000     
 saSource inputPhysics values:
   useft2SA       =  T
   useRotationSA  =  F
   turbProd       =            1
   equations      =            3
   use_SABCM      =  F
   SABCM_Const1   =    2.0000000000000000E-003
   SABCM_Const2   =    2.0000000000000000E-002
   SABCM_TU       =   0.50000000000000000     
   SABCM_S0_tanh  =   0.50000000000000000     
   SABCM_fsmooth  =    8.0000000000000002E-002
   SABCM_maxsmooth=    50.000000000000000     
 saSource inputPhysics values:
   useft2SA       =  T
   useRotationSA  =  F
   turbProd       =            1
   equations      =            3
   use_SABCM      =  F
   SABCM_Const1   =    2.0000000000000000E-003
   SABCM_Const2   =    2.0000000000000000E-002
   SABCM_TU       =   0.50000000000000000     
   SABCM_S0_tanh  =   0.50000000000000000     
   SABCM_fsmooth  =    8.0000000000000002E-002
   SABCM_maxsmooth=    50.000000000000000     
#
# Grid 1: Performing 10000 iterations, unless converged earlier. Minimum required iteration before NK switch:      5. Switch to NK at totalR of:   2.14E+00
#
#------------------------------------------------------------------------------------------------------------------------------------------------------------
#  Grid  | Iter | Iter |  Iter  |   CFL   | Step | Lin  |        Res rho         |         C_lift         |        C_drag          |        totalRes        |
#  level |      | Tot  |  Type  |         |      | Res  |                        |                        |                        |                        |
#------------------------------------------------------------------------------------------------------------------------------------------------------------
      1       0      0     None     ----    ----   ----   6.0530406274369932E+02   9.3778675296777251E-03   4.6460427872661814E-01   2.1431787191376002E+06 
      1       1      4     *ANK   5.00E+00  1.00  0.029   4.5387143584703018E+01   2.8397464455494674E+00   2.3698348551420865E+00   1.7676691811938689E+05 
      1       2     14     *ANK   4.14E+01  1.00  0.045   1.6067792005012500E+01   7.8008308270907989E-01   3.6060275830427058E-01   5.7391450554681760E+04 
      1       3     28     *ANK   1.96E+02  1.00  0.040   1.7451518099168755E+01   4.8963680258601844E-01   7.6444544142186238E-02   6.1559282300692372E+04 
      1       4     38      ANK   1.96E+02  1.00  0.044   1.6829191791760985E+00   5.5867146885111685E-01   6.5999647687246130E-02   5.9806015213397732E+03 
      1       5     68     *ANK   1.54E+03  1.00  0.048   2.4373941461908371E+00   7.6572210466359114E-01   5.3511278156969190E-02   8.7477999592931756E+03 
      1       6     92      ANK   1.54E+03  1.00  0.048   1.5427964959457672E+00   8.3217313609276622E-01   4.7747868664585739E-02   5.5966847822420159E+03 
      1       7    125      ANK   1.54E+03  1.00  0.049   2.3101175788848431E+00   8.9312165901102170E-01   3.9245321703521713E-02   8.2288410807705077E+03 
      1       8    150      ANK   1.54E+03  1.00  0.049   1.6228067396620722E+00   9.1101972427383116E-01   3.8027724980411057E-02   5.7537727373044536E+03 
      1       9    188      ANK   1.54E+03  1.00  0.050   2.8243357748022522E+00   9.2989269999281854E-01   3.5293094564334396E-02   9.9981262255623460E+03 
      1      10    207      ANK   1.54E+03  1.00  0.050   6.9117227055701747E-01   9.3303640635421625E-01   3.6231493826638587E-02   2.4600325647188492E+03 
      1      11    236     *ANK   5.97E+03  1.00  0.049   2.6547204366034340E+00   9.3789432638454473E-01   3.4385968786243809E-02   9.3947476574193697E+03 
      1      12    247      ANK   5.97E+03  1.00  0.050   7.3386506992425771E-01   9.3756499177878960E-01   3.5138658746828887E-02   2.6009862905593668E+03 
      1      13    277      ANK   5.97E+03  1.00  0.048   9.0608995045850083E-01   9.3307386863871877E-01   3.4606812193421752E-02   3.2085569023075468E+03 
      1      14    300      ANK   5.97E+03  1.00  0.046   6.7447034179427023E-01   9.2824630554307730E-01   3.4261694506159304E-02   2.3888425415578076E+03 
      1      15    327      ANK   5.97E+03  1.00  0.048   7.0536523150628117E-01   9.2167215778642997E-01   3.3822385445451179E-02   2.4987084417773967E+03 
      1      16    352      ANK   5.97E+03  1.00  0.047   1.0018758686712670E+00   9.1498447522162729E-01   3.3366078178426364E-02   3.5459887820051963E+03 
      1      17    370      ANK   5.97E+03  1.00  0.047   6.3173667686268953E-01   9.0991713315697886E-01   3.3093142241604735E-02   2.2378576995752082E+03 
      1      18    393      ANK   5.97E+03  1.00  0.048   7.8765704319164453E-01   9.0395065100137040E-01   3.2799330366701539E-02   2.7880792903123652E+03 
      1      19    412      ANK   5.97E+03  1.00  0.050   6.0636958773772498E-01   8.9977118468866513E-01   3.2644822581987636E-02   2.1470143429639234E+03 
      1      20    435      ANK   5.97E+03  1.00  0.048   6.6633526217204975E-01   8.9519864858329956E-01   3.2528255667144491E-02   2.3590176256817999E+03 
      1      21    444     *ANK   6.57E+03  1.00  0.047   3.9271601181120819E-01   8.9344107945181639E-01   3.2478905518253331E-02   1.3931928135412531E+03 
      1      22    471      ANK   6.57E+03  1.00  0.049   7.9021783402747026E-01   8.8914281521118999E-01   3.2497709459011745E-02   2.7976297984784446E+03 
      1      23    482      ANK   6.57E+03  1.00  0.049   3.8319103116842179E-01   8.8759631748575785E-01   3.2481826169708905E-02   1.3601901921931940E+03 
      1      24    518      ANK   6.57E+03  1.00  0.049   8.3981102296571364E-01   8.8509159032670115E-01   3.2642701802837237E-02   2.9729213445975411E+03 
      1      25    531      ANK   6.57E+03  1.00  0.049   3.8905956167246197E-01   8.8479292805873322E-01   3.2703469158953759E-02   1.3797159586533062E+03 
      1      26    569      ANK   6.57E+03  1.00  0.049   7.8122988671842919E-01   8.8474127472418351E-01   3.2787448590413090E-02   2.7650465643504904E+03 
      1      27    582      ANK   6.57E+03  1.00  0.050   3.2984504483255112E-01   8.8431475725272524E-01   3.2816923170723267E-02   1.1700846027272421E+03 
      1      28    613     *ANK   2.10E+04  1.00  0.047   5.9330095397848759E-01   8.8500056139825689E-01   3.2879426015823367E-02   2.1004925099620496E+03 
      1      29    623      ANK   2.10E+04  1.00  0.048   2.4743284709828944E-01   8.8481881091257852E-01   3.2867624970851356E-02   8.7868197362343358E+02 
      1      30    660      ANK   2.10E+04  1.00  0.049   4.1332470771819063E-01   8.8527251063591539E-01   3.2864366822658135E-02   1.4639403460082619E+03 
      1      31    677      ANK   2.10E+04  1.00  0.049   2.3130796182941812E-01   8.8540187691843575E-01   3.2876524684779210E-02   8.2033601079731750E+02 
      1      32    709      ANK   2.10E+04  1.00  0.048   2.6307278794856948E-01   8.8554985241920647E-01   3.2865807914525660E-02   9.3233691167005531E+02 
      1      33    734      ANK   2.10E+04  1.00  0.048   1.8554044051886917E-01   8.8532600912585158E-01   3.2844532839505516E-02   6.5829797975932900E+02 
      1      34    767      ANK   2.10E+04  1.00  0.048   1.6256880496273526E-01   8.8538718461748123E-01   3.2857323227581135E-02   5.7726822040299396E+02 
      1      35    788     *ANK   6.73E+04  1.00  0.049   1.1525391532205737E-01   8.8547516604544019E-01   3.2853548207209447E-02   4.1020393196171608E+02 
      1      36    824      ANK   6.73E+04  1.00  0.049   1.0775461836326726E-01   8.8543565352699261E-01   3.2835337704363039E-02   3.8416136750254998E+02 
      1      37    866      ANK   6.73E+04  1.00  0.048   1.2226396685410289E-01   8.8524333622016871E-01   3.2850028919074126E-02   4.3431982888125634E+02 
      1      38    907      ANK   6.73E+04  1.00  0.049   1.2507873163765718E-01   8.8509083691271762E-01   3.2814867223571569E-02   4.4414803644433675E+02 
      1      39    948      ANK   6.73E+04  1.00  0.048   1.3183839025224284E-01   8.8512302962146883E-01   3.2868138111337555E-02   4.6891185463750560E+02 
      1      40    981      ANK   6.73E+04  1.00  0.049   8.4764232070919793E-02   8.8525777864197508E-01   3.2863301087454118E-02   3.0460008636938051E+02 
      1      41   1020      ANK   6.73E+04  1.00  0.049   8.1144430774572771E-02   8.8514791200756693E-01   3.2835440059958636E-02   2.9545121545927071E+02 
      1      42   1049      ANK   6.73E+04  1.00  0.050   5.3696678819352660E-02   8.8517666845072884E-01   3.2846933277125137E-02   2.0063009388903026E+02 
      1      43   1078     *ANK   1.00E+05  1.00  0.048   5.9366355468766750E-02   8.8517453422356485E-01   3.2827870360745574E-02   2.1947260580752322E+02 
      1      44   1103      ANK   1.00E+05  1.00  0.050   5.6126975364604773E-02   8.8499220403469958E-01   3.2844052789399697E-02   2.0677539409067703E+02 
      1      45   1131      ANK   1.00E+05  1.00  0.048   5.6491081376884363E-02   8.8501051546317422E-01   3.2846136408313076E-02   2.0624416886683062E+02 
      1      46   1158      ANK   1.00E+05  1.00  0.049   5.3381845592545420E-02   8.8495938022507081E-01   3.2856456251306856E-02   1.9369920561391214E+02 
      1      47   1185      ANK   1.00E+05  1.00  0.049   4.8989958499017189E-02   8.8494630465597179E-01   3.2833927122556623E-02   1.7689615970399132E+02 
      1      48   1209      ANK   1.00E+05  1.00  0.050   4.6596746962915277E-02   8.8503611443952457E-01   3.2831852098313678E-02   1.6731549224557244E+02 
      1      49   1231      ANK   1.00E+05  1.00  0.049   3.3158648736686343E-02   8.8500557313429584E-01   3.2841935605381553E-02   1.1967843708707137E+02 
#------------------------------------------------------------------------------------------------------------------------------------------------------------
#  Grid  | Iter | Iter |  Iter  |   CFL   | Step | Lin  |        Res rho         |         C_lift         |        C_drag          |        totalRes        |
#  level |      | Tot  |  Type  |         |      | Res  |                        |                        |                        |                        |
#------------------------------------------------------------------------------------------------------------------------------------------------------------
      1      50   1256      ANK   1.00E+05  1.00  0.045   3.4737219732167701E-02   8.8501655764686116E-01   3.2840134864173601E-02   1.2467104054983815E+02 
      1      51   1276      ANK   1.00E+05  1.00  0.048   2.3189256815755174E-02   8.8499107164139446E-01   3.2840598626310447E-02   8.3982433861892829E+01 
      1      52   1294     *ANK   1.00E+05  1.00  0.048   2.5140349012843375E-02   8.8496148456402757E-01   3.2846532451873023E-02   9.0425217406871568E+01 
      1      53   1311      ANK   1.00E+05  1.00  0.046   1.9165512342517576E-02   8.8495307894157771E-01   3.2847590997209908E-02   6.9278270373066150E+01 
      1      54   1327      ANK   1.00E+05  1.00  0.048   1.8136869595039778E-02   8.8497039381479359E-01   3.2844777023067290E-02   6.5333737120137926E+01 
      1      55   1342      ANK   1.00E+05  1.00  0.048   1.4890652045749421E-02   8.8499848365809730E-01   3.2846508188860452E-02   5.3717970532008913E+01 
      1      56   1358      ANK   1.00E+05  1.00  0.049   1.3342470527796161E-02   8.8500615469060218E-01   3.2845091249606252E-02   4.7980395605198368E+01 
      1      57   1377      ANK   1.00E+05  1.00  0.048   1.1058737948582163E-02   8.8499764273542225E-01   3.2846558837489458E-02   3.9771225590056424E+01 
      1      58   1398     *ANK   1.00E+05  1.00  0.047   1.2464498327999389E-02   8.8500207088771532E-01   3.2845362679418830E-02   4.4490015688767343E+01 
      1      59   1417      ANK   1.00E+05  1.00  0.050   9.7100637193866038E-03   8.8500808719568036E-01   3.2846031932712086E-02   3.4735785063249999E+01 
      1      60   1444      ANK   1.00E+05  1.00  0.049   9.9095877528253985E-03   8.8496332418567480E-01   3.2848842128024136E-02   3.5427182519086493E+01 
      1      61   1468      ANK   1.00E+05  1.00  0.046   1.2788817030636827E-02   8.8498929089462786E-01   3.2847575928510363E-02   4.5555293156529906E+01 
      1      62   1488      ANK   1.00E+05  1.00  0.050   9.7530195759495380E-03   8.8497103403020294E-01   3.2840092999621324E-02   3.4785634466882385E+01 
      1      63   1510      ANK   1.00E+05  1.00  0.049   8.9674965602813874E-03   8.8497178793384257E-01   3.2840647134267147E-02   3.2039169519570699E+01 
      1      64   1532      ANK   1.00E+05  1.00  0.048   9.3687065400091373E-03   8.8494785096358730E-01   3.2836273005471983E-02   3.3446499111203870E+01 
      1      65   1553      ANK   1.00E+05  1.00  0.047   7.7251679906299104E-03   8.8494968228368931E-01   3.2842865885936899E-02   2.7669035405383006E+01 
      1      66   1574      ANK   1.00E+05  1.00  0.049   6.5895229230601392E-03   8.8492004261869606E-01   3.2841460734741014E-02   2.3648778493675717E+01 
      1      67   1595      ANK   1.00E+05  1.00  0.050   7.7098873158315548E-03   8.8493368722740184E-01   3.2848483049601120E-02   2.7551020304524108E+01 
      1      68   1614     *ANK   1.00E+05  1.00  0.046   6.6836528222349208E-03   8.8495787417733218E-01   3.2845175329886088E-02   2.3878600997631338E+01 
      1      69   1633      ANK   1.00E+05  1.00  0.049   6.7042849004627578E-03   8.8493806183526991E-01   3.2841367790624014E-02   2.3906324861377321E+01 
      1      70   1649      ANK   1.00E+05  1.00  0.049   5.7495466057455279E-03   8.8494514420433235E-01   3.2844890689263766E-02   2.0535262049900140E+01 
#
# Writing grid file(s):
#    output/wing_000_vol.cgns
# Grid file(s) written
#
#
# Writing volume solution file(s):
#    output/wing_000_vol.cgns
# Volume solution file(s) written
#
#
# Writing surface solution file(s):
#    output/wing_000_surf.cgns
# Surface solution file(s) written
#
#
# Writing slices file(s): 
#    output/wing_000_slices.dat
# Slices file(s) written
#
#
# Writing lift distribution file(s):
#    output/wing_000_lift.dat
# Lift distribution file(s) written
#
#
# Writing tecplot surface file(s):
#    output/wing_000_surf.plt
# Tecplot surface file(s) written
#
+-------------------------------------------------+
|
| Solution Timings:
|
| Set AeroProblem Time          :      0.011 sec
| Solution Time                 :    347.698 sec
| Write Solution Time           :      0.409 sec
| Stability Parameter Time      :      0.000 sec
|
| Total Call Time               :    348.119 sec
+--------------------------------------------------+
-> Alpha... 1.800000 
+---------------------------------------------------+
|
| Function Timings:
|
| Function AeroProblem Time     :      0.001 sec
| Function Evaluation Time      :      0.000 sec
| User Function Evaluation Time :      0.000 sec
|
| Total Function Evaluation Time:      0.002 sec
+--------------------------------------------------+
{'wing_cd': 0.03284489068926376, 'wing_cl': 0.8849451442043322}
 
================ ANK Profiling Report (MPI max/avg) ================
Wall-clock interpretation: use max_* as the primary parallel metric.
Comm columns only include directly measured communication timings.
 
1. ANKStep major sections
name                                           calls    max_total     avg_total    max_compute   avg_compute   max_comm      avg_comm
                                   ANKStep_total      840   3.4745E+02   3.4725E+02   3.4199E+02   3.3745E+02   1.4512E+01   9.8031E+00
                              computeTimeStepMat      840   3.6434E+00   3.6434E+00   3.5587E+00   2.9627E+00   1.0315E+00   6.8071E-01
                           FormJacobianANK_total      144   1.6341E+01   1.6341E+01   1.6233E+01   1.5355E+01   1.9973E+00   9.8661E-01
              -->FormJacobianANK_residuals_total      144   1.5426E+01   1.5310E+01   1.5315E+01   1.4323E+01   1.9973E+00   9.8661E-01
                                -->PCSetup_total      144   3.0393E-01   3.0190E-01   3.0393E-01   3.0191E-01   0.0000E+00   0.0000E+00
                              KSPSolve_ANK_total      840   3.1387E+02   3.1201E+02   3.0852E+02   3.0457E+02   1.1288E+01   7.4438E+00
                      -->MatMult_in_KSPSolve_ANK    18108   6.0011E+01   5.6548E+01   5.5375E+01   4.9104E+01   1.1288E+01   7.4438E+00
                       -->outside_KSPSolve_total      840   3.2495E+00   2.8309E+00   3.2495E+00   2.8309E+00   0.0000E+00   0.0000E+00
                 -->MatMult_outside_KSPSolve_ANK      840   3.1394E+00   2.7504E+00   2.8988E+00   2.4176E+00   4.6131E-01   3.3278E-01
                         -->matrixAssembly_total      840   4.3227E-04   3.3617E-04   4.3227E-04   3.3617E-04   0.0000E+00   0.0000E+00
                            -->physicality_total      840   5.2390E+00   1.3613E+00   5.2390E+00   1.3613E+00   0.0000E+00   0.0000E+00
                            -->stateUpdate_total      840   4.5740E-01   3.3166E-01   4.5740E-01   3.3166E-01   0.0000E+00   0.0000E+00
                                -->vecNorm_total     1680   8.6242E-01   2.5715E-01   8.6242E-01   2.5715E-01   0.0000E+00   0.0000E+00
                              ANK_localOps_total        0   8.8225E+00   5.1674E+00   8.8225E+00   5.1674E+00   0.0000E+00   0.0000E+00
                     computeUnsteadyResANK_total      840   2.9319E+00   2.7119E+00   2.6833E+00   2.3722E+00   5.2167E-01   3.3971E-01
  -->computeUnsteadyResANK_timeStepMatMult_total      840   5.1912E-01   3.7893E-01   5.1912E-01   3.7893E-01   0.0000E+00   0.0000E+00
           -->computeUnsteadyResANK_vecOps_total      840   3.5124E-01   2.5906E-01   3.5124E-01   2.5906E-01   0.0000E+00   0.0000E+00
                          -->ANKLineSearch_total        0   0.0000E+00   0.0000E+00   0.0000E+00   0.0000E+00   0.0000E+00   0.0000E+00
                         ANK_finalResidual_total      840   2.9414E+00   2.7968E+00   2.7145E+00   2.4444E+00   4.2719E-01   3.5235E-01
                            ANK_turbUpdate_total      840   4.6423E+00   4.5811E+00   4.6423E+00   4.5811E+00   0.0000E+00   0.0000E+00
 
1b. Parent closure check (avg columns, additive check)
sum(parent avg_total/avg_compute/avg_comm):   3.4725E+02   3.3745E+02   9.8031E+00
ANKStep avg_total/avg_compute/avg_comm:   3.4725E+02   3.3745E+02   9.8031E+00
difference (ANKStep - parent_sum):   1.0101E-03   1.0101E-03  -1.7764E-15
 
2. Residual totals inside ANKStep
name                                           calls    max_total     avg_total    max_compute   avg_compute   max_comm      avg_comm
                       blocketteRes_total_in_ANK    20640   5.5188E+01   4.8841E+01   4.4714E+01   4.0367E+01   1.2697E+01   8.4738E+00
                     blocketteRes_compute_in_ANK    20640   4.4714E+01   4.0367E+01   4.4714E+01   4.0367E+01   0.0000E+00   0.0000E+00
                        blocketteRes_comm_in_ANK    20640   1.2697E+01   8.4738E+00   0.0000E+00   0.0000E+00   1.2697E+01   8.4738E+00
 
3. Residual totals by calling context
name                                           calls    max_total     avg_total    max_compute   avg_compute   max_comm      avg_comm
                 blocketteRes_in_FormJacobianANK        0   0.0000E+00   0.0000E+00   0.0000E+00   0.0000E+00   0.0000E+00   0.0000E+00
             blocketteRes_in_MatMult_in_KSPSolve    18108   4.7702E+01   4.1987E+01   3.8262E+01   3.4544E+01   1.1288E+01   7.4438E+00
        blocketteRes_in_MatMult_outside_KSPSolve      840   2.1076E+00   1.9443E+00   1.8182E+00   1.6116E+00   4.6131E-01   3.3278E-01
           blocketteRes_in_computeUnsteadyResANK      840   2.4334E+00   2.0733E+00   1.9117E+00   1.7336E+00   5.2167E-01   3.3971E-01
                   blocketteRes_in_ANKLineSearch        0   0.0000E+00   0.0000E+00   0.0000E+00   0.0000E+00   0.0000E+00   0.0000E+00
               blocketteRes_in_ANK_finalResidual      840   2.9411E+00   2.7965E+00   2.7142E+00   2.4442E+00   4.2719E-01   3.5235E-01
                  blocketteRes_in_ANK_turbUpdate        0   0.0000E+00   0.0000E+00   0.0000E+00   0.0000E+00   0.0000E+00   0.0000E+00
 
4. Key counters
n_ANKStep           840
n_FormJacobianANK           144
n_PCSetup_ANK           144
n_KSPSolve_ANK           840
n_GMRES_iter_ANK         18108
n_MatMult_ANK         18948
n_PCApply_ANK             0
n_GMRES_orthog_ANK             0
n_blocketteRes_total_in_ANK         20640
n_blocketteRes_in_FormJacobianANK             0
n_blocketteRes_in_MatMult_ANK         18948
n_blocketteRes_in_computeUnsteadyResANK           840
n_blocketteRes_in_ANKLineSearch             0
n_blocketteRes_in_ANK_finalResidual           840
n_whalo2_in_ANK         20640
=====================================================================
Generated Cumulative data file path: /home/mdo/MDOLab_3_v2/adflow- 2.12.2 dev 128/Run/results_bs_sweep/bs_10/results_smt_off_pure_mpi/np_12_omp_1/mem_np12_omp1.csv
