Warning: Option '--html' is not supported with '-C' option.
Profiling started.
[mdo-lab:2761335] MCW rank 0 bound to socket 0[core 0[hwt 0]]: [B/././././././././././././././.]
[mdo-lab:2761335] MCW rank 1 bound to socket 0[core 1[hwt 0]]: [./B/./././././././././././././.]
[mdo-lab:2761335] MCW rank 2 bound to socket 0[core 2[hwt 0]]: [././B/././././././././././././.]
[mdo-lab:2761335] MCW rank 3 bound to socket 0[core 3[hwt 0]]: [./././B/./././././././././././.]
[mdo-lab:2761335] MCW rank 4 bound to socket 0[core 4[hwt 0]]: [././././B/././././././././././.]
[mdo-lab:2761335] MCW rank 5 bound to socket 0[core 5[hwt 0]]: [./././././B/./././././././././.]
[mdo-lab:2761335] MCW rank 6 bound to socket 0[core 6[hwt 0]]: [././././././B/././././././././.]
#
# ADflow, multiblock structured flow solver
#
# This code solves the 3D RANS, laminar NS or Euler equations
# on multiblock structured hexahedral grids.
# This is a parallel executable running on 7 processors.
# It has been compiled with the following options:
# - Optimized mode.
# - Size of standard integers: 4 bytes.
# - Size of standard floating point types: 8 bytes.
# - With cgns support
# - With support for signals.
#
+----------------------------------------+
|          All ADFLOW Options:           |
+----------------------------------------+
{'ADPC': False,
 'ANKADPC': False,
 'ANKAMGLevels': 2,
 'ANKAMGNSmooth': 1,
 'ANKASMOverlap': 1,
 'ANKASMOverlapCoarse': 0,
 'ANKCFL0': 5.0,
 'ANKCFLCutback': 0.5,
 'ANKCFLExponent': 0.5,
 'ANKCFLFactor': 10.0,
 'ANKCFLLimit': 100000.0,
 'ANKCFLMin': 1.0,
 'ANKCFLReset': True,
 'ANKCharTimeStepType': 'VLR',
 'ANKConstCFLStep': 0.4,
 'ANKCoupledSwitchTol': 1e-16,
 'ANKGlobalPreconditioner': 'additive Schwarz',
 'ANKInnerPreconIts': 1,
 'ANKInnerPreconItsCoarse': 1,
 'ANKJacobianLag': 10,
 'ANKLinResMax': 0.1,
 'ANKLinearSolveBuffer': 0.01,
 'ANKLinearSolveTol': 0.05,
 'ANKMaxIter': 40,
 'ANKNSubiterTurb': 1,
 'ANKOuterPreconIts': 1,
 'ANKPCILUFill': 2,
 'ANKPCILUFillCoarse': 0,
 'ANKPCUpdateCutoff': 1e-16,
 'ANKPCUpdateTol': 0.5,
 'ANKPCUpdateTolAfterCutoff': 0.0001,
 'ANKPhysicalLSTol': 0.2,
 'ANKPhysicalLSTolTurb': 0.99,
 'ANKSecondOrdSwitchTol': 1e-16,
 'ANKStepFactor': 1.0,
 'ANKStepMin': 0.01,
 'ANKSubspaceSize': -1,
 'ANKSwitchTol': 1000.0,
 'ANKTurbCFLScale': 1.0,
 'ANKTurbKSPDebug': False,
 'ANKUnsteadyLSTol': 1.0,
 'ANKUseApproxSA': False,
 'ANKUseFullVisc': True,
 'ANKUseMatrixFree': True,
 'ANKUseTurbDADI': True,
 'ASMOverlap': 1,
 'ASMOverlapCoarse': 0,
 'CFL': 1.7,
 'CFLCoarse': 1.0,
 'CFLLimit': 1.5,
 'GMRESOrthogonalizationType': 'modified Gram-Schmidt',
 'ILUFill': 2,
 'ILUFillCoarse': 0,
 'L2Convergence': 1e-05,
 'L2ConvergenceCoarse': 0.01,
 'L2ConvergenceRel': 1e-16,
 'MGCycle': 'sg',
 'MGStartLevel': -1,
 'NKADPC': False,
 'NKAMGLevels': 2,
 'NKAMGNSmooth': 1,
 'NKASMOverlap': 1,
 'NKASMOverlapCoarse': 0,
 'NKFixedStep': 0.25,
 'NKGlobalPreconditioner': 'additive Schwarz',
 'NKInnerPreconIts': 1,
 'NKInnerPreconItsCoarse': 1,
 'NKJacobianLag': 20,
 'NKLS': 'cubic',
 'NKLinearSolveTol': 0.3,
 'NKOuterPreconIts': 1,
 'NKPCILUFill': 2,
 'NKPCILUFillCoarse': 0,
 'NKSubspaceSize': 60,
 'NKSwitchTol': 1e-06,
 'NKUseEW': True,
 'NKViscPC': False,
 'RKReset': False,
 'SABCM_Const1': 0.002,
 'SABCM_Const2': 0.02,
 'SABCM_S0_tanh': 0.5,
 'SABCM_TU': 0.5,
 'SABCM_fsmooth': 0.08,
 'SABCM_maxsmooth': 50.0,
 'TSStability': False,
 'acousticScaleFactor': 0.08164,
 'adjointAMGLevels': 2,
 'adjointAMGNSmooth': 1,
 'adjointDivTol': 100000.0,
 'adjointL2Convergence': 1e-06,
 'adjointL2ConvergenceAbs': 1e-16,
 'adjointL2ConvergenceRel': 1e-16,
 'adjointMaxIter': 500,
 'adjointMaxL2DeviationFactor': 1.0,
 'adjointMonitorStep': 10,
 'adjointSolver': 'GMRES',
 'adjointSubspaceSize': 100,
 'alphaFollowing': True,
 'alphaMode': False,
 'altitudeMode': False,
 'applyAdjointPCSubspaceSize': 20,
 'applyPCSubspaceSize': 10,
 'approxPC': True,
 'backgroundVolScale': 1.0,
 'betaMode': False,
 'blockSplitting': True,
 'cavExponent': 0,
 'cavSensorOffset': 0.0,
 'cavSensorSharpness': 10.0,
 'cavitationNumber': 1.4,
 'closedSurfaceFamilies': None,
 'coarseDiscretization': 'central plus scalar dissipation',
 'computeCavitation': False,
 'computeSepSensorKs': False,
 'coupledSolution': False,
 'cpMinRho': 100.0,
 'cutCallback': None,
 'debugZipper': False,
 'deltaT': 0.01,
 'designSurfaceFamily': None,
 'discretization': 'central plus scalar dissipation',
 'dissContMagnitude': 1.0,
 'dissContMidpoint': 3.0,
 'dissContSharpness': 3.0,
 'dissipationLumpingParameter': 6.0,
 'dissipationScalingExponent': 0.67,
 'eddyVisInfRatio': 0.009,
 'equationMode': 'steady',
 'equationType': 'RANS',
 'eulerWallTreatment': 'linear pressure extrapolation',
 'explicitSurfaceCallback': None,
 'firstRun': True,
 'flowType': 'external',
 'forcesAsTractions': True,
 'frozenTurbulence': False,
 'globalPreconditioner': 'additive Schwarz',
 'gridFile': 'vmesh_L2.cgns',
 'gridPrecision': 'double',
 'gridPrecisionSurface': 'single',
 'infChangeCorrection': True,
 'infChangeCorrectionTol': 1e-12,
 'infChangeCorrectionType': 'offset',
 'innerPreconIts': 1,
 'innerPreconItsCoarse': 1,
 'isoVariables': [],
 'isosurface': {},
 'liftIndex': 3,
 'limiter': 'van Albada',
 'loadBalanceIter': 10,
 'loadImbalance': 0.1,
 'localPreconditioner': 'ILU',
 'lowSpeedPreconditioner': False,
 'machMode': False,
 'matrixOrdering': 'RCM',
 'maxL2DeviationFactor': 1.0,
 'meshMaxSkewness': 1.0,
 'meshSurfaceFamily': None,
 'monitorVariables': ['resrho', 'cl', 'cd'],
 'nCycles': 10000,
 'nCyclesCoarse': 500,
 'nFloodIter': -1,
 'nRKReset': 5,
 'nRefine': 10,
 'nSaveSurface': 1,
 'nSaveVolume': 1,
 'nSubiter': 1,
 'nSubiterTurb': 3,
 'nTimeStepsCoarse': 48,
 'nTimeStepsFine': 400,
 'nearWallDist': 0.1,
 'numberSolutions': True,
 'outerPreconIts': 3,
 'outputDirectory': 'output',
 'outputSurfaceFamily': 'allSurfaces',
 'overlapFactor': 0.9,
 'oversetDebugPrint': False,
 'oversetLoadBalance': True,
 'oversetPriority': {},
 'oversetProjTol': 1e-12,
 'oversetUpdateMode': 'frozen',
 'pMode': False,
 'partitionLikeNProc': -1,
 'partitionOnly': False,
 'preconditionerSide': 'right',
 'printAllOptions': True,
 'printBadlySkewedCells': False,
 'printIntro': True,
 'printIterations': True,
 'printNegativeVolumes': False,
 'printTiming': True,
 'printWarnings': True,
 'qMode': False,
 'rMode': False,
 'recomputeOverlapMatrix': True,
 'resAveraging': 'alternate',
 'restartAdjoint': True,
 'restartFile': None,
 'restrictionRelaxation': 0.8,
 'selfZipCutoff': 120.0,
 'sepSensorKsOffset': 0.0,
 'sepSensorKsPhi': 90.0,
 'sepSensorKsRho': 1000.0,
 'sepSensorKsSharpness': 25.0,
 'sepSensorOffset': 0.0,
 'sepSensorSharpness': 10.0,
 'setMonitor': True,
 'skipAfterFailedAdjoint': True,
 'smoothParameter': 1.5,
 'smoother': 'DADI',
 'solutionPrecision': 'single',
 'solutionPrecisionSurface': 'single',
 'storeConvHist': True,
 'storeRindLayer': True,
 'surfaceVariables': ['rho',
                      'p',
                      'vx',
                      'vy',
                      'vz',
                      'cp',
                      'mach',
                      'cf',
                      'cfx',
                      'cfy',
                      'cfz',
                      'yplus',
                      'blank'],
 'timeAccuracy': 2,
 'timeIntegrationScheme': 'BDF',
 'timeIntervals': 1,
 'timeLimit': -1.0,
 'turbResScale': 10000.0,
 'turbulenceModel': 'SA',
 'turbulenceOrder': 'first order',
 'turbulenceProduction': 'strain',
 'updateWallAssociations': False,
 'useALE': True,
 'useANKSolver': True,
 'useApproxWallDistance': True,
 'useBlockettes': True,
 'useDiagTSPC': True,
 'useDissContinuation': False,
 'useExternalDynamicMesh': False,
 'useGridMotion': False,
 'useLinResMonitor': False,
 'useMatrixFreedrdw': True,
 'useNKSolver': True,
 'useOversetWallScaling': False,
 'useQCR': False,
 'useRotationSA': False,
 'useSkewnessCheck': False,
 'useTSInterpolatedGridVelocity': False,
 'useWallFunctions': False,
 'useZipperMesh': True,
 'use_SABCM': False,
 'useft2SA': True,
 'verifyExtra': True,
 'verifySpatial': True,
 'verifyState': True,
 'vis2': 0.25,
 'vis2Coarse': 0.5,
 'vis4': 0.0156,
 'viscPC': False,
 'viscWallTreatment': 'constant pressure extrapolation',
 'viscousSurfaceVelocities': True,
 'volumeVariables': ['vort',
                     'vortx',
                     'vorty',
                     'vortz',
                     'cp',
                     'mach',
                     'macht',
                     'eddy',
                     'eddyratio',
                     'resrho',
                     'rhoe',
                     'resturb',
                     'blank'],
 'wallDistCutoff': 1e+20,
 'windAxis': False,
 'writeSolutionDigits': 3,
 'writeSolutionEachIter': False,
 'writeSurfaceSolution': True,
 'writeTecplotSurfaceSolution': True,
 'writeVolumeSolution': True,
 'zipperSurfaceFamily': None}
-> Alpha... 0.000000 
#
#                      Warning
# It is assumed that the grid is given in meters.
#
#
# Specified load imbalance tolerance 0.100 achieved.
# Continuing with 0.094 load imbalance for the cells and 0.088 for the faces
#
#
# Grid level: 1, Total number of cells: 943104
#
+--------------------------------------------------+
  CGNS Surface Families by Boundary Condition Type
+--------------------------------------------------+
| Wall Types           : wing 
| Inflow Types         : 
| Outflow Types        : 
| Symmetry Types       : sym 
| Farfield Types       : far 
| Overset Types        : 
+--------------------------------------------------+
+--------------------------------------------------+
|
| Initialization Times:
|
| Library Load Time             :      0.017 sec
| Set Defaults Time             :      0.001 sec
| Base Class Init Time          :      0.001 sec
| Introductory Time             :      0.008 sec
| Partitioning Time             :      0.012 sec
| Preprocessing Time            :      1.998 sec
| Family Setup Time             :      0.000 sec
| Cut Callback Time             :      0.000 sec
| Explicit Surface Cut Time     :      0.000 sec
| Overset Preprocessing Time    :      0.001 sec
| Initialize Flow Time          :      0.038 sec
|
| Total Init Time               :      2.076 sec
+--------------------------------------------------+

+------------------------------------------------------------------------------+
| pyADFLOW Warning: 'zipperSurfaceFamily' option was not given. Using all wall |
| boundary conditions for the zipper mesh.                                     |
+------------------------------------------------------------------------------+

+----------------------------------------------------------------------+
|  Switching to Aero Problem: wing                                     |
+----------------------------------------------------------------------+
-> Alpha... 1.800000 
+----------------------------------------+
|      All Modified ADFLOW Options:      |
+----------------------------------------+
{'ANKCharTimeStepType': 'VLR',
 'L2Convergence': 1e-05,
 'NKSwitchTol': 1e-06,
 'acousticScaleFactor': 0.08164,
 'gridFile': 'vmesh_L2.cgns',
 'liftIndex': 3,
 'monitorVariables': ['resrho', 'cl', 'cd'],
 'nCycles': 10000,
 'outputDirectory': 'output',
 'surfaceVariables': ['rho',
                      'p',
                      'vx',
                      'vy',
                      'vz',
                      'cp',
                      'mach',
                      'cf',
                      'cfx',
                      'cfy',
                      'cfz',
                      'yplus',
                      'blank'],
 'turbResScale': 10000.0,
 'useNKSolver': True,
 'volumeVariables': ['vort',
                     'vortx',
                     'vorty',
                     'vortz',
                     'cp',
                     'mach',
                     'macht',
                     'eddy',
                     'eddyratio',
                     'resrho',
                     'rhoe',
                     'resturb',
                     'blank'],
 'writeTecplotSurfaceSolution': True}
 saSource inputPhysics values:
   useft2SA       =  T
   useRotationSA  =  F
   turbProd       =            1
   equations      =            3
   use_SABCM      =  F
   SABCM_Const1   =    2.0000000000000000E-003
   SABCM_Const2   =    2.0000000000000000E-002
   SABCM_TU       =   0.50000000000000000     
   SABCM_S0_tanh  =   0.50000000000000000     
   SABCM_fsmooth  =    8.0000000000000002E-002
   SABCM_maxsmooth=    50.000000000000000     
 saSource inputPhysics values:
   useft2SA       =  T
   useRotationSA  =  F
   turbProd       =            1
   equations      =            3
   use_SABCM      =  F
   SABCM_Const1   =    2.0000000000000000E-003
   SABCM_Const2   =    2.0000000000000000E-002
   SABCM_TU       =   0.50000000000000000     
   SABCM_S0_tanh  =   0.50000000000000000     
   SABCM_fsmooth  =    8.0000000000000002E-002
   SABCM_maxsmooth=    50.000000000000000     
 saSource inputPhysics values:
   useft2SA       =  T
   useRotationSA  =  F
   turbProd       =            1
   equations      =            3
   use_SABCM      =  F
 saSource inputPhysics values:
   useft2SA       =  T
   useRotationSA  =  F
   turbProd       =            1
   equations      =            3
   use_SABCM      =  F
   SABCM_Const1   =    2.0000000000000000E-003
   SABCM_Const2   =    2.0000000000000000E-002
   SABCM_TU       =   0.50000000000000000     
   SABCM_S0_tanh  =   0.50000000000000000     
   SABCM_fsmooth  =    8.0000000000000002E-002
   SABCM_maxsmooth=    50.000000000000000     
   SABCM_Const1   =    2.0000000000000000E-003
   SABCM_Const2   =    2.0000000000000000E-002
   SABCM_TU       =   0.50000000000000000     
   SABCM_S0_tanh  =   0.50000000000000000     
   SABCM_fsmooth  =    8.0000000000000002E-002
   SABCM_maxsmooth=    50.000000000000000     
 saSource inputPhysics values:
   useft2SA       =  T
   useRotationSA  =  F
   turbProd       =            1
   equations      =            3
   use_SABCM      =  F
   SABCM_Const1   =    2.0000000000000000E-003
   SABCM_Const2   =    2.0000000000000000E-002
   SABCM_TU       =   0.50000000000000000     
   SABCM_S0_tanh  =   0.50000000000000000     
   SABCM_fsmooth  =    8.0000000000000002E-002
   SABCM_maxsmooth=    50.000000000000000     
 saSource inputPhysics values:
   useft2SA       =  T
   useRotationSA  =  F
   turbProd       =            1
   equations      =            3
   use_SABCM      =  F
   SABCM_Const1   =    2.0000000000000000E-003
   SABCM_Const2   =    2.0000000000000000E-002
   SABCM_TU       =   0.50000000000000000     
   SABCM_S0_tanh  =   0.50000000000000000     
   SABCM_fsmooth  =    8.0000000000000002E-002
   SABCM_maxsmooth=    50.000000000000000     
 saSource inputPhysics values:
   useft2SA       =  T
   useRotationSA  =  F
   turbProd       =            1
   equations      =            3
   use_SABCM      =  F
   SABCM_Const1   =    2.0000000000000000E-003
   SABCM_Const2   =    2.0000000000000000E-002
   SABCM_TU       =   0.50000000000000000     
   SABCM_S0_tanh  =   0.50000000000000000     
   SABCM_fsmooth  =    8.0000000000000002E-002
   SABCM_maxsmooth=    50.000000000000000     
#
# Grid 1: Performing 10000 iterations, unless converged earlier. Minimum required iteration before NK switch:      5. Switch to NK at totalR of:   2.14E+00
#
#------------------------------------------------------------------------------------------------------------------------------------------------------------
#  Grid  | Iter | Iter |  Iter  |   CFL   | Step | Lin  |        Res rho         |         C_lift         |        C_drag          |        totalRes        |
#  level |      | Tot  |  Type  |         |      | Res  |                        |                        |                        |                        |
#------------------------------------------------------------------------------------------------------------------------------------------------------------
      1       0      0     None     ----    ----   ----   6.0530406274369977E+02   9.3778675296777355E-03   4.6460427872661775E-01   2.1431787191375289E+06 
      1       1      4     *ANK   5.00E+00  1.00  0.028   4.4946442135460209E+01   2.8232273563772607E+00   2.3939859338350531E+00   1.7522259576978820E+05 
      1       2     13     *ANK   4.14E+01  1.00  0.050   1.5407499788865094E+01   7.5608890860228417E-01   3.8787881272464642E-01   5.5230680950148206E+04 
      1       3     26     *ANK   2.00E+02  1.00  0.042   2.0149632382867278E+01   4.7921138288516529E-01   7.6438758694098788E-02   7.1087512474902935E+04 
      1       4     37      ANK   2.00E+02  1.00  0.036   1.8407230712522991E+00   5.6434623942767326E-01   6.3898808913260774E-02   6.6205490014003608E+03 
      1       5     60     *ANK   1.52E+03  1.00  0.049   1.8454744734417770E+00   7.2824932679224552E-01   5.5503519042752560E-02   6.5208474452956707E+03 
      1       6     82      ANK   1.52E+03  1.00  0.049   1.4823770173255180E+00   8.1066550806390647E-01   4.9311447402966960E-02   5.3645956292423716E+03 
      1       7    112      ANK   1.52E+03  1.00  0.049   1.7869032440999391E+00   8.7267529084517026E-01   4.1434117819531158E-02   6.4113218634234272E+03 
      1       8    142      ANK   1.52E+03  1.00  0.048   1.6229053581654960E+00   8.9797871689918418E-01   3.8854074773487346E-02   5.7564229188084255E+03 
      1       9    169      ANK   1.52E+03  1.00  0.049   1.2132363530986601E+00   9.1196513275259528E-01   3.8066484702831943E-02   4.2989340976776730E+03 
      1      10    204      ANK   1.52E+03  1.00  0.049   1.9995925700862243E+00   9.2796772380612724E-01   3.6611261397639372E-02   7.0781390663764769E+03 
      1      11    219      ANK   1.52E+03  1.00  0.049   5.8432092708053363E-01   9.3025094480706805E-01   3.7231439050272166E-02   2.0796759455923830E+03 
      1      12    244     *ANK   7.38E+03  1.00  0.048   2.3349104517517159E+00   9.3756996598235554E-01   3.5585344845545819E-02   8.2618141718715306E+03 
      1      13    254      ANK   7.38E+03  1.00  0.043   6.7107464509834380E-01   9.3719419644386148E-01   3.6024771555614239E-02   2.3775818305487796E+03 
      1      14    279      ANK   7.38E+03  1.00  0.046   1.1922096223149881E+00   9.3552410345497417E-01   3.5346490830030622E-02   4.2185167241604686E+03 
      1      15    290      ANK   7.38E+03  1.00  0.048   5.0552337004960746E-01   9.3367503546300934E-01   3.5277751199108288E-02   1.7911238236319423E+03 
      1      16    318      ANK   7.38E+03  1.00  0.049   8.7856198225092108E-01   9.2839502788771600E-01   3.4516637698181481E-02   3.1087294894853530E+03 
      1      17    332      ANK   7.38E+03  1.00  0.050   4.1324208906637649E-01   9.2557373477999094E-01   3.4363650666280943E-02   1.4639755806316336E+03 
      1      18    360      ANK   7.38E+03  1.00  0.047   7.2800752120035006E-01   9.1832914345819572E-01   3.3709718425288346E-02   2.5766380927015357E+03 
      1      19    378      ANK   7.38E+03  1.00  0.048   6.7241343595537895E-01   9.1353379860226824E-01   3.3472242229319438E-02   2.3802660492611767E+03 
      1      20    396      ANK   7.38E+03  1.00  0.048   6.0662233077807626E-01   9.0902428625640908E-01   3.3218190523583685E-02   2.1479059157939864E+03 
      1      21    416      ANK   7.38E+03  1.00  0.047   6.5187295435519998E-01   9.0462868751445891E-01   3.3008436076052583E-02   2.3074255182538700E+03 
      1      22    423     *ANK   7.38E+03  1.00  0.047   3.4812764633569870E-01   9.0256499490514341E-01   3.2885208218467341E-02   1.2346694048163699E+03 
      1      23    439      ANK   7.38E+03  1.00  0.048   6.6255126321094671E-01   8.9892332189114044E-01   3.2810822465276265E-02   2.3444843626581860E+03 
      1      24    453      ANK   7.38E+03  1.00  0.049   4.6798518729710709E-01   8.9662906498085160E-01   3.2751988455215542E-02   1.6571018224456268E+03 
      1      25    476      ANK   7.38E+03  1.00  0.046   8.4742870626732336E-01   8.9308355585606780E-01   3.2698197126195719E-02   2.9983019163718936E+03 
      1      26    490      ANK   7.38E+03  1.00  0.048   4.6069094924296627E-01   8.9175872897837427E-01   3.2701617921155099E-02   1.6318289803981900E+03 
      1      27    512      ANK   7.38E+03  1.00  0.049   6.4059365121485257E-01   8.9011009691194076E-01   3.2741467900270216E-02   2.2674033591125067E+03 
      1      28    529      ANK   7.38E+03  1.00  0.048   3.9284933698693014E-01   8.8935309580009958E-01   3.2759512934266662E-02   1.3918327324854445E+03 
      1      29    554      ANK   7.38E+03  1.00  0.050   5.7189803501281178E-01   8.8813158469210929E-01   3.2794750389870078E-02   2.0243759436170815E+03 
      1      30    571      ANK   7.38E+03  1.00  0.048   4.5394652894712972E-01   8.8762121136601491E-01   3.2820999304755794E-02   1.6070328618507419E+03 
      1      31    591      ANK   7.38E+03  1.00  0.049   6.0120579431740595E-01   8.8705593114413428E-01   3.2837099381151535E-02   2.1275050816756407E+03 
      1      32    598     *ANK   8.83E+03  1.00  0.043   2.9970164869533100E-01   8.8688341084951472E-01   3.2841495772407997E-02   1.0620980724039212E+03 
      1      33    612     *ANK   2.80E+04  1.00  0.048   4.1529510055234919E-01   8.8664724834448994E-01   3.2853664248709689E-02   1.4702088578937926E+03 
      1      34    621      ANK   2.80E+04  1.00  0.049   2.3846310691135902E-01   8.8654082413566537E-01   3.2860741731674650E-02   8.4549358926142304E+02 
      1      35    652      ANK   2.80E+04  1.00  0.049   4.7916135532186593E-01   8.8629299361766245E-01   3.2861069449390531E-02   1.6971874973731042E+03 
      1      36    663      ANK   2.80E+04  1.00  0.049   2.3438916355826736E-01   8.8625275416478244E-01   3.2867887663713923E-02   8.3156874720567589E+02 
      1      37    683      ANK   2.80E+04  1.00  0.049   2.7205146519800916E-01   8.8612097160958903E-01   3.2860589435158981E-02   9.6401703195209927E+02 
      1      38    699      ANK   2.80E+04  1.00  0.050   2.1572953281464274E-01   8.8606876323916484E-01   3.2863367210896492E-02   7.6477648585952625E+02 
      1      39    718      ANK   2.80E+04  1.00  0.050   2.1682741189445803E-01   8.8597747347941125E-01   3.2856700009876429E-02   7.6898054719299489E+02 
      1      40    736      ANK   2.80E+04  1.00  0.048   1.8302688857383939E-01   8.8590965813907951E-01   3.2853900931641672E-02   6.4976862341864705E+02 
      1      41    756      ANK   2.80E+04  1.00  0.048   1.6292673577309874E-01   8.8582008079532215E-01   3.2849253569237902E-02   5.7943256235278966E+02 
      1      42    775      ANK   2.80E+04  1.00  0.049   1.1403843630524930E-01   8.8574728894847876E-01   3.2848436228812561E-02   4.0734220629827399E+02 
      1      43    791     *ANK   1.00E+05  1.00  0.048   9.1788178647103744E-02   8.8566816497535350E-01   3.2846863187411549E-02   3.2876416357203107E+02 
      1      44    807      ANK   1.00E+05  1.00  0.048   8.2357317375855166E-02   8.8561004964508749E-01   3.2846557920827149E-02   2.9459794385295857E+02 
      1      45    824      ANK   1.00E+05  1.00  0.048   7.4992355523168061E-02   8.8557431775864548E-01   3.2847609559771715E-02   2.6764123452475053E+02 
      1      46    864      ANK   1.00E+05  1.00  0.048   9.2574142588958810E-02   8.8543753216250165E-01   3.2839474720191705E-02   3.2947250353168232E+02 
      1      47    890      ANK   1.00E+05  1.00  0.050   8.0208630022970392E-02   8.8542086516525953E-01   3.2841260808147629E-02   2.8598740964545033E+02 
      1      48    931      ANK   1.00E+05  1.00  0.046   1.2664387363712348E-01   8.8521348406906508E-01   3.2833117218259038E-02   4.5652683588456620E+02 
      1      49    952      ANK   1.00E+05  1.00  0.050   5.4632052686294494E-02   8.8525277617941200E-01   3.2848432862125861E-02   2.0336800196097371E+02 
#------------------------------------------------------------------------------------------------------------------------------------------------------------
#  Grid  | Iter | Iter |  Iter  |   CFL   | Step | Lin  |        Res rho         |         C_lift         |        C_drag          |        totalRes        |
#  level |      | Tot  |  Type  |         |      | Res  |                        |                        |                        |                        |
#------------------------------------------------------------------------------------------------------------------------------------------------------------
      1      50    987     *ANK   1.00E+05  1.00  0.050   6.2891706672924944E-02   8.8511643514909943E-01   3.2833546999334093E-02   2.3362122971336260E+02 
      1      51   1008      ANK   1.00E+05  1.00  0.049   5.4215591749463776E-02   8.8521409213070756E-01   3.2853530325680655E-02   2.0228503248572315E+02 
      1      52   1030      ANK   1.00E+05  1.00  0.047   5.7425306643963545E-02   8.8505678747460759E-01   3.2831475793401579E-02   2.1217828201549230E+02 
      1      53   1051      ANK   1.00E+05  1.00  0.048   5.3586971685991303E-02   8.8509601457398912E-01   3.2850093128188991E-02   1.9749770101387080E+02 
      1      54   1071      ANK   1.00E+05  1.00  0.047   4.9485057198529955E-02   8.8513088241835469E-01   3.2846779500600456E-02   1.8164812216318572E+02 
      1      55   1091      ANK   1.00E+05  1.00  0.047   4.4953869127361511E-02   8.8505671515767070E-01   3.2838920330507580E-02   1.6432128740224940E+02 
      1      56   1109      ANK   1.00E+05  1.00  0.049   3.9871472595453684E-02   8.8502461610215422E-01   3.2841453241379714E-02   1.4520524121284120E+02 
      1      57   1127      ANK   1.00E+05  1.00  0.049   3.7503172020463584E-02   8.8501218066957821E-01   3.2843004667917890E-02   1.3580814539067742E+02 
      1      58   1145      ANK   1.00E+05  1.00  0.048   3.4119832877367369E-02   8.8500510350505324E-01   3.2844454609243470E-02   1.2322405632523981E+02 
      1      59   1163      ANK   1.00E+05  1.00  0.048   3.1651751176267715E-02   8.8500997856396624E-01   3.2846181762662963E-02   1.1404465888151410E+02 
      1      60   1178     *ANK   1.00E+05  1.00  0.050   2.6952823143663093E-02   8.8498952177455237E-01   3.2844791201859555E-02   9.7299991895802265E+01 
      1      61   1194      ANK   1.00E+05  1.00  0.045   2.4506792068205489E-02   8.8499645627143231E-01   3.2845864679894025E-02   8.8412860763854823E+01 
      1      62   1209      ANK   1.00E+05  1.00  0.048   2.0098755645154950E-02   8.8497686291866295E-01   3.2843723357237717E-02   7.2778174378515047E+01 
      1      63   1224      ANK   1.00E+05  1.00  0.048   1.6807118206423555E-02   8.8496992058188106E-01   3.2842334002716453E-02   6.0964725016919111E+01 
      1      64   1239      ANK   1.00E+05  1.00  0.046   1.4747449384308244E-02   8.8496765590530546E-01   3.2841098357352244E-02   5.3423344448853143E+01 
      1      65   1254     *ANK   1.00E+05  1.00  0.047   1.3122661726215078E-02   8.8497503933708033E-01   3.2842318205366920E-02   4.7400370335167160E+01 
      1      66   1269      ANK   1.00E+05  1.00  0.047   1.1557254578816119E-02   8.8497737687355338E-01   3.2842643851458408E-02   4.1638702409890811E+01 
      1      67   1284      ANK   1.00E+05  1.00  0.048   1.0294905005957172E-02   8.8498261090299879E-01   3.2843561529646625E-02   3.6993455925532153E+01 
      1      68   1299      ANK   1.00E+05  1.00  0.049   9.0465646134190170E-03   8.8498272964912750E-01   3.2843618283876816E-02   3.2473511363789726E+01 
      1      69   1315      ANK   1.00E+05  1.00  0.046   8.5433125080801500E-03   8.8497927865185244E-01   3.2844129811672840E-02   3.0613012955362002E+01 
      1      70   1331      ANK   1.00E+05  1.00  0.050   7.7391595778325524E-03   8.8497691666207545E-01   3.2844096068923703E-02   2.7736559062469567E+01 
      1      71   1349      ANK   1.00E+05  1.00  0.049   8.4369292726180767E-03   8.8498114576398146E-01   3.2845472338943527E-02   3.0151763757794217E+01 
      1      72   1366      ANK   1.00E+05  1.00  0.048   7.6506137702596318E-03   8.8498136559628204E-01   3.2845595656718379E-02   2.7397023451930430E+01 
      1      73   1384      ANK   1.00E+05  1.00  0.049   8.0721622633692282E-03   8.8498946192019634E-01   3.2846416820816862E-02   2.8875557193378039E+01 
      1      74   1401      ANK   1.00E+05  1.00  0.050   6.5083542390732716E-03   8.8499026435534578E-01   3.2845778800880097E-02   2.3405228105150570E+01 
      1      75   1420     *ANK   1.00E+05  1.00  0.049   6.6041772897097572E-03   8.8498274953914136E-01   3.2845011774288058E-02   2.3745725472850928E+01 
      1      76   1438      ANK   1.00E+05  1.00  0.048   6.4344311164836457E-03   8.8498229470682710E-01   3.2845813938440903E-02   2.3111971777961092E+01 
      1      77   1455      ANK   1.00E+05  1.00  0.048   5.7972040580179657E-03   8.8498686984191788E-01   3.2845973880089571E-02   2.0835363303393667E+01 
#
# Writing grid file(s):
#    output/wing_000_vol.cgns
# Grid file(s) written
#
#
# Writing volume solution file(s):
#    output/wing_000_vol.cgns
# Volume solution file(s) written
#
#
# Writing surface solution file(s):
#    output/wing_000_surf.cgns
# Surface solution file(s) written
#
#
# Writing slices file(s): 
#    output/wing_000_slices.dat
# Slices file(s) written
#
#
# Writing lift distribution file(s):
#    output/wing_000_lift.dat
# Lift distribution file(s) written
#
#
# Writing tecplot surface file(s):
#    output/wing_000_surf.plt
# Tecplot surface file(s) written
#
+-------------------------------------------------+
|
| Solution Timings:
|
| Set AeroProblem Time          :      0.013 sec
| Solution Time                 :    363.080 sec
| Write Solution Time           :      0.413 sec
| Stability Parameter Time      :      0.000 sec
|
| Total Call Time               :    363.506 sec
+--------------------------------------------------+
-> Alpha... 1.800000 
+---------------------------------------------------+
|
| Function Timings:
|
| Function AeroProblem Time     :      0.002 sec
| Function Evaluation Time      :      0.000 sec
| User Function Evaluation Time :      0.000 sec
|
| Total Function Evaluation Time:      0.002 sec
+--------------------------------------------------+
{'wing_cd': 0.032845973880089564, 'wing_cl': 0.8849868698419179}
 
================ ANK Profiling Report (MPI max/avg) ================
Wall-clock interpretation: use max_* as the primary parallel metric.
Comm columns only include directly measured communication timings.
 
1. ANKStep major sections
name                                           calls    max_total     avg_total    max_compute   avg_compute   max_comm      avg_comm
                                   ANKStep_total      539   3.6272E+02   3.6220E+02   3.5312E+02   3.4936E+02   1.4776E+01   1.2838E+01
                              computeTimeStepMat      539   5.7815E+00   5.7814E+00   5.6531E+00   5.1309E+00   1.6096E+00   6.5054E-01
                           FormJacobianANK_total       91   2.7125E+01   2.7122E+01   2.6970E+01   2.4444E+01   6.6890E+00   2.6780E+00
              -->FormJacobianANK_residuals_total       91   2.5670E+01   2.5574E+01   2.5516E+01   2.2896E+01   6.6890E+00   2.6780E+00
                                -->PCSetup_total       91   3.5817E-01   3.5541E-01   3.5817E-01   3.5541E-01   0.0000E+00   0.0000E+00
                              KSPSolve_ANK_total      539   3.0703E+02   3.0651E+02   2.9999E+02   2.9808E+02   9.7785E+00   8.4314E+00
                      -->MatMult_in_KSPSolve_ANK     9107   7.6631E+01   6.9688E+01   6.8324E+01   6.1257E+01   9.7785E+00   8.4314E+00
                       -->outside_KSPSolve_total      539   4.9439E+00   4.3889E+00   4.9439E+00   4.3889E+00   0.0000E+00   0.0000E+00
                 -->MatMult_outside_KSPSolve_ANK      539   4.7753E+00   4.2505E+00   4.2546E+00   3.7357E+00   6.0812E-01   5.1488E-01
                         -->matrixAssembly_total      539   2.6305E-04   2.3648E-04   2.6305E-04   2.3648E-04   0.0000E+00   0.0000E+00
                            -->physicality_total      539   3.8930E+00   1.0371E+00   3.8930E+00   1.0371E+00   0.0000E+00   0.0000E+00
                            -->stateUpdate_total      539   4.8619E-01   4.1348E-01   4.8619E-01   4.1348E-01   0.0000E+00   0.0000E+00
                                -->vecNorm_total     1078   1.5658E+00   5.2978E-01   1.5658E+00   5.2978E-01   0.0000E+00   0.0000E+00
                              ANK_localOps_total        0   9.3974E+00   6.8298E+00   9.3974E+00   6.8298E+00   0.0000E+00   0.0000E+00
                     computeUnsteadyResANK_total      539   4.6051E+00   4.1881E+00   4.1102E+00   3.6838E+00   5.7976E-01   5.0430E-01
  -->computeUnsteadyResANK_timeStepMatMult_total      539   2.8729E-01   2.1261E-01   2.8729E-01   2.1261E-01   0.0000E+00   0.0000E+00
           -->computeUnsteadyResANK_vecOps_total      539   3.0036E-01   2.1677E-01   3.0036E-01   2.1677E-01   0.0000E+00   0.0000E+00
                          -->ANKLineSearch_total        0   0.0000E+00   0.0000E+00   0.0000E+00   0.0000E+00   0.0000E+00   0.0000E+00
                         ANK_finalResidual_total      539   5.3958E+00   4.9400E+00   4.8756E+00   4.3662E+00   7.6651E-01   5.7381E-01
                            ANK_turbUpdate_total      539   6.9049E+00   6.8218E+00   6.9049E+00   6.8218E+00   0.0000E+00   0.0000E+00
 
1b. Parent closure check (avg columns, additive check)
sum(parent avg_total/avg_compute/avg_comm):   3.6220E+02   3.4936E+02   1.2838E+01
ANKStep avg_total/avg_compute/avg_comm:   3.6220E+02   3.4936E+02   1.2838E+01
difference (ANKStep - parent_sum):   7.8372E-04   7.8372E-04  -1.7764E-15
 
2. Residual totals inside ANKStep
name                                           calls    max_total     avg_total    max_compute   avg_compute   max_comm      avg_comm
                       blocketteRes_total_in_ANK    10731   7.8362E+01   7.2666E+01   6.8517E+01   6.2634E+01   1.1735E+01   1.0032E+01
                     blocketteRes_compute_in_ANK    10731   6.8517E+01   6.2634E+01   6.8517E+01   6.2634E+01   0.0000E+00   0.0000E+00
                        blocketteRes_comm_in_ANK    10731   1.1735E+01   1.0032E+01   0.0000E+00   0.0000E+00   1.1735E+01   1.0032E+01
 
3. Residual totals by calling context
name                                           calls    max_total     avg_total    max_compute   avg_compute   max_comm      avg_comm
                 blocketteRes_in_FormJacobianANK        0   0.0000E+00   0.0000E+00   0.0000E+00   0.0000E+00   0.0000E+00   0.0000E+00
             blocketteRes_in_MatMult_in_KSPSolve     9107   6.4898E+01   6.0283E+01   5.6591E+01   5.1851E+01   9.7785E+00   8.4314E+00
        blocketteRes_in_MatMult_outside_KSPSolve      539   3.9572E+00   3.6217E+00   3.4365E+00   3.1068E+00   6.0812E-01   5.1488E-01
           blocketteRes_in_computeUnsteadyResANK      539   4.0478E+00   3.7583E+00   3.5529E+00   3.2540E+00   5.7976E-01   5.0430E-01
                   blocketteRes_in_ANKLineSearch        0   0.0000E+00   0.0000E+00   0.0000E+00   0.0000E+00   0.0000E+00   0.0000E+00
               blocketteRes_in_ANK_finalResidual      539   5.3956E+00   4.9398E+00   4.8753E+00   4.3660E+00   7.6651E-01   5.7381E-01
                  blocketteRes_in_ANK_turbUpdate        0   0.0000E+00   0.0000E+00   0.0000E+00   0.0000E+00   0.0000E+00   0.0000E+00
 
4. Key counters
n_ANKStep           539
n_FormJacobianANK            91
n_PCSetup_ANK            91
n_KSPSolve_ANK           539
n_GMRES_iter_ANK          9107
n_MatMult_ANK          9646
n_PCApply_ANK             0
n_GMRES_orthog_ANK             0
n_blocketteRes_total_in_ANK         10731
n_blocketteRes_in_FormJacobianANK             0
n_blocketteRes_in_MatMult_ANK          9646
n_blocketteRes_in_computeUnsteadyResANK           539
n_blocketteRes_in_ANKLineSearch             0
n_blocketteRes_in_ANK_finalResidual           539
n_whalo2_in_ANK         10731
=====================================================================
Generated Cumulative data file path: /home/mdo/MDOLab_3_v2/adflow- 2.12.2 dev 128/Run/results_bs_sweep/bs_8/results_smt_off_pure_mpi/np_7_omp_1/mem_np7_omp1.csv
