Warning: Option '--html' is not supported with '-C' option.
Profiling started.
[mdo-lab:2900898] MCW rank 0 bound to socket 0[core 0[hwt 0]]: [B/././././././././././././././.]
[mdo-lab:2900898] MCW rank 1 bound to socket 0[core 1[hwt 0]]: [./B/./././././././././././././.]
[mdo-lab:2900898] MCW rank 2 bound to socket 0[core 2[hwt 0]]: [././B/././././././././././././.]
[mdo-lab:2900898] MCW rank 3 bound to socket 0[core 3[hwt 0]]: [./././B/./././././././././././.]
[mdo-lab:2900898] MCW rank 4 bound to socket 0[core 4[hwt 0]]: [././././B/././././././././././.]
[mdo-lab:2900898] MCW rank 5 bound to socket 0[core 5[hwt 0]]: [./././././B/./././././././././.]
#
# ADflow, multiblock structured flow solver
#
# This code solves the 3D RANS, laminar NS or Euler equations
# on multiblock structured hexahedral grids.
# This is a parallel executable running on 6 processors.
# It has been compiled with the following options:
# - Optimized mode.
# - Size of standard integers: 4 bytes.
# - Size of standard floating point types: 8 bytes.
# - With cgns support
# - With support for signals.
#
+----------------------------------------+
|          All ADFLOW Options:           |
+----------------------------------------+
{'ADPC': False,
 'ANKADPC': False,
 'ANKAMGLevels': 2,
 'ANKAMGNSmooth': 1,
 'ANKASMOverlap': 1,
 'ANKASMOverlapCoarse': 0,
 'ANKCFL0': 5.0,
 'ANKCFLCutback': 0.5,
 'ANKCFLExponent': 0.5,
 'ANKCFLFactor': 10.0,
 'ANKCFLLimit': 100000.0,
 'ANKCFLMin': 1.0,
 'ANKCFLReset': True,
 'ANKCharTimeStepType': 'VLR',
 'ANKConstCFLStep': 0.4,
 'ANKCoupledSwitchTol': 1e-16,
 'ANKGlobalPreconditioner': 'additive Schwarz',
 'ANKInnerPreconIts': 1,
 'ANKInnerPreconItsCoarse': 1,
 'ANKJacobianLag': 10,
 'ANKLinResMax': 0.1,
 'ANKLinearSolveBuffer': 0.01,
 'ANKLinearSolveTol': 0.05,
 'ANKMaxIter': 40,
 'ANKNSubiterTurb': 1,
 'ANKOuterPreconIts': 1,
 'ANKPCILUFill': 2,
 'ANKPCILUFillCoarse': 0,
 'ANKPCUpdateCutoff': 1e-16,
 'ANKPCUpdateTol': 0.5,
 'ANKPCUpdateTolAfterCutoff': 0.0001,
 'ANKPhysicalLSTol': 0.2,
 'ANKPhysicalLSTolTurb': 0.99,
 'ANKSecondOrdSwitchTol': 1e-16,
 'ANKStepFactor': 1.0,
 'ANKStepMin': 0.01,
 'ANKSubspaceSize': -1,
 'ANKSwitchTol': 1000.0,
 'ANKTurbCFLScale': 1.0,
 'ANKTurbKSPDebug': False,
 'ANKUnsteadyLSTol': 1.0,
 'ANKUseApproxSA': False,
 'ANKUseFullVisc': True,
 'ANKUseMatrixFree': True,
 'ANKUseTurbDADI': True,
 'ASMOverlap': 1,
 'ASMOverlapCoarse': 0,
 'CFL': 1.7,
 'CFLCoarse': 1.0,
 'CFLLimit': 1.5,
 'GMRESOrthogonalizationType': 'modified Gram-Schmidt',
 'ILUFill': 2,
 'ILUFillCoarse': 0,
 'L2Convergence': 1e-05,
 'L2ConvergenceCoarse': 0.01,
 'L2ConvergenceRel': 1e-16,
 'MGCycle': 'sg',
 'MGStartLevel': -1,
 'NKADPC': False,
 'NKAMGLevels': 2,
 'NKAMGNSmooth': 1,
 'NKASMOverlap': 1,
 'NKASMOverlapCoarse': 0,
 'NKFixedStep': 0.25,
 'NKGlobalPreconditioner': 'additive Schwarz',
 'NKInnerPreconIts': 1,
 'NKInnerPreconItsCoarse': 1,
 'NKJacobianLag': 20,
 'NKLS': 'cubic',
 'NKLinearSolveTol': 0.3,
 'NKOuterPreconIts': 1,
 'NKPCILUFill': 2,
 'NKPCILUFillCoarse': 0,
 'NKSubspaceSize': 60,
 'NKSwitchTol': 1e-06,
 'NKUseEW': True,
 'NKViscPC': False,
 'RKReset': False,
 'SABCM_Const1': 0.002,
 'SABCM_Const2': 0.02,
 'SABCM_S0_tanh': 0.5,
 'SABCM_TU': 0.5,
 'SABCM_fsmooth': 0.08,
 'SABCM_maxsmooth': 50.0,
 'TSStability': False,
 'acousticScaleFactor': 0.08164,
 'adjointAMGLevels': 2,
 'adjointAMGNSmooth': 1,
 'adjointDivTol': 100000.0,
 'adjointL2Convergence': 1e-06,
 'adjointL2ConvergenceAbs': 1e-16,
 'adjointL2ConvergenceRel': 1e-16,
 'adjointMaxIter': 500,
 'adjointMaxL2DeviationFactor': 1.0,
 'adjointMonitorStep': 10,
 'adjointSolver': 'GMRES',
 'adjointSubspaceSize': 100,
 'alphaFollowing': True,
 'alphaMode': False,
 'altitudeMode': False,
 'applyAdjointPCSubspaceSize': 20,
 'applyPCSubspaceSize': 10,
 'approxPC': True,
 'backgroundVolScale': 1.0,
 'betaMode': False,
 'blockSplitting': True,
 'cavExponent': 0,
 'cavSensorOffset': 0.0,
 'cavSensorSharpness': 10.0,
 'cavitationNumber': 1.4,
 'closedSurfaceFamilies': None,
 'coarseDiscretization': 'central plus scalar dissipation',
 'computeCavitation': False,
 'computeSepSensorKs': False,
 'coupledSolution': False,
 'cpMinRho': 100.0,
 'cutCallback': None,
 'debugZipper': False,
 'deltaT': 0.01,
 'designSurfaceFamily': None,
 'discretization': 'central plus scalar dissipation',
 'dissContMagnitude': 1.0,
 'dissContMidpoint': 3.0,
 'dissContSharpness': 3.0,
 'dissipationLumpingParameter': 6.0,
 'dissipationScalingExponent': 0.67,
 'eddyVisInfRatio': 0.009,
 'equationMode': 'steady',
 'equationType': 'RANS',
 'eulerWallTreatment': 'linear pressure extrapolation',
 'explicitSurfaceCallback': None,
 'firstRun': True,
 'flowType': 'external',
 'forcesAsTractions': True,
 'frozenTurbulence': False,
 'globalPreconditioner': 'additive Schwarz',
 'gridFile': 'vmesh_L2.cgns',
 'gridPrecision': 'double',
 'gridPrecisionSurface': 'single',
 'infChangeCorrection': True,
 'infChangeCorrectionTol': 1e-12,
 'infChangeCorrectionType': 'offset',
 'innerPreconIts': 1,
 'innerPreconItsCoarse': 1,
 'isoVariables': [],
 'isosurface': {},
 'liftIndex': 3,
 'limiter': 'van Albada',
 'loadBalanceIter': 10,
 'loadImbalance': 0.1,
 'localPreconditioner': 'ILU',
 'lowSpeedPreconditioner': False,
 'machMode': False,
 'matrixOrdering': 'RCM',
 'maxL2DeviationFactor': 1.0,
 'meshMaxSkewness': 1.0,
 'meshSurfaceFamily': None,
 'monitorVariables': ['resrho', 'cl', 'cd'],
 'nCycles': 10000,
 'nCyclesCoarse': 500,
 'nFloodIter': -1,
 'nRKReset': 5,
 'nRefine': 10,
 'nSaveSurface': 1,
 'nSaveVolume': 1,
 'nSubiter': 1,
 'nSubiterTurb': 3,
 'nTimeStepsCoarse': 48,
 'nTimeStepsFine': 400,
 'nearWallDist': 0.1,
 'numberSolutions': True,
 'outerPreconIts': 3,
 'outputDirectory': 'output',
 'outputSurfaceFamily': 'allSurfaces',
 'overlapFactor': 0.9,
 'oversetDebugPrint': False,
 'oversetLoadBalance': True,
 'oversetPriority': {},
 'oversetProjTol': 1e-12,
 'oversetUpdateMode': 'frozen',
 'pMode': False,
 'partitionLikeNProc': -1,
 'partitionOnly': False,
 'preconditionerSide': 'right',
 'printAllOptions': True,
 'printBadlySkewedCells': False,
 'printIntro': True,
 'printIterations': True,
 'printNegativeVolumes': False,
 'printTiming': True,
 'printWarnings': True,
 'qMode': False,
 'rMode': False,
 'recomputeOverlapMatrix': True,
 'resAveraging': 'alternate',
 'restartAdjoint': True,
 'restartFile': None,
 'restrictionRelaxation': 0.8,
 'selfZipCutoff': 120.0,
 'sepSensorKsOffset': 0.0,
 'sepSensorKsPhi': 90.0,
 'sepSensorKsRho': 1000.0,
 'sepSensorKsSharpness': 25.0,
 'sepSensorOffset': 0.0,
 'sepSensorSharpness': 10.0,
 'setMonitor': True,
 'skipAfterFailedAdjoint': True,
 'smoothParameter': 1.5,
 'smoother': 'DADI',
 'solutionPrecision': 'single',
 'solutionPrecisionSurface': 'single',
 'storeConvHist': True,
 'storeRindLayer': True,
 'surfaceVariables': ['rho',
                      'p',
                      'vx',
                      'vy',
                      'vz',
                      'cp',
                      'mach',
                      'cf',
                      'cfx',
                      'cfy',
                      'cfz',
                      'yplus',
                      'blank'],
 'timeAccuracy': 2,
 'timeIntegrationScheme': 'BDF',
 'timeIntervals': 1,
 'timeLimit': -1.0,
 'turbResScale': 10000.0,
 'turbulenceModel': 'SA',
 'turbulenceOrder': 'first order',
 'turbulenceProduction': 'strain',
 'updateWallAssociations': False,
 'useALE': True,
 'useANKSolver': True,
 'useApproxWallDistance': True,
 'useBlockettes': True,
 'useDiagTSPC': True,
 'useDissContinuation': False,
 'useExternalDynamicMesh': False,
 'useGridMotion': False,
 'useLinResMonitor': False,
 'useMatrixFreedrdw': True,
 'useNKSolver': True,
 'useOversetWallScaling': False,
 'useQCR': False,
 'useRotationSA': False,
 'useSkewnessCheck': False,
 'useTSInterpolatedGridVelocity': False,
 'useWallFunctions': False,
 'useZipperMesh': True,
 'use_SABCM': False,
 'useft2SA': True,
 'verifyExtra': True,
 'verifySpatial': True,
 'verifyState': True,
 'vis2': 0.25,
 'vis2Coarse': 0.5,
 'vis4': 0.0156,
 'viscPC': False,
 'viscWallTreatment': 'constant pressure extrapolation',
 'viscousSurfaceVelocities': True,
 'volumeVariables': ['vort',
                     'vortx',
                     'vorty',
                     'vortz',
                     'cp',
                     'mach',
                     'macht',
                     'eddy',
                     'eddyratio',
                     'resrho',
                     'rhoe',
                     'resturb',
                     'blank'],
 'wallDistCutoff': 1e+20,
 'windAxis': False,
 'writeSolutionDigits': 3,
 'writeSolutionEachIter': False,
 'writeSurfaceSolution': True,
 'writeTecplotSurfaceSolution': True,
 'writeVolumeSolution': True,
 'zipperSurfaceFamily': None}
-> Alpha... 0.000000 
#
#                      Warning
# It is assumed that the grid is given in meters.
#
#
# Specified load imbalance tolerance 0.100 achieved.
# Continuing with 0.075 load imbalance for the cells and 0.080 for the faces
#
#
# Grid level: 1, Total number of cells: 943104
#
+--------------------------------------------------+
  CGNS Surface Families by Boundary Condition Type
+--------------------------------------------------+
| Wall Types           : wing 
| Inflow Types         : 
| Outflow Types        : 
| Symmetry Types       : sym 
| Farfield Types       : far 
| Overset Types        : 
+--------------------------------------------------+
+--------------------------------------------------+
|
| Initialization Times:
|
| Library Load Time             :      0.019 sec
| Set Defaults Time             :      0.001 sec
| Base Class Init Time          :      0.001 sec
| Introductory Time             :      0.011 sec
| Partitioning Time             :      0.008 sec
| Preprocessing Time            :      2.207 sec
| Family Setup Time             :      0.000 sec
| Cut Callback Time             :      0.000 sec
| Explicit Surface Cut Time     :      0.000 sec
| Overset Preprocessing Time    :      0.001 sec
| Initialize Flow Time          :      0.034 sec
|
| Total Init Time               :      2.282 sec
+--------------------------------------------------+

+------------------------------------------------------------------------------+
| pyADFLOW Warning: 'zipperSurfaceFamily' option was not given. Using all wall |
| boundary conditions for the zipper mesh.                                     |
+------------------------------------------------------------------------------+

+----------------------------------------------------------------------+
|  Switching to Aero Problem: wing                                     |
+----------------------------------------------------------------------+
-> Alpha... 1.800000 
+----------------------------------------+
|      All Modified ADFLOW Options:      |
+----------------------------------------+
{'ANKCharTimeStepType': 'VLR',
 'L2Convergence': 1e-05,
 'NKSwitchTol': 1e-06,
 'acousticScaleFactor': 0.08164,
 'gridFile': 'vmesh_L2.cgns',
 'liftIndex': 3,
 'monitorVariables': ['resrho', 'cl', 'cd'],
 'nCycles': 10000,
 'outputDirectory': 'output',
 'surfaceVariables': ['rho',
                      'p',
                      'vx',
                      'vy',
                      'vz',
                      'cp',
                      'mach',
                      'cf',
                      'cfx',
                      'cfy',
                      'cfz',
                      'yplus',
                      'blank'],
 'turbResScale': 10000.0,
 'useNKSolver': True,
 'volumeVariables': ['vort',
                     'vortx',
                     'vorty',
                     'vortz',
                     'cp',
                     'mach',
                     'macht',
                     'eddy',
                     'eddyratio',
                     'resrho',
                     'rhoe',
                     'resturb',
                     'blank'],
 'writeTecplotSurfaceSolution': True}
 saSource inputPhysics values:
   useft2SA       =  T
   useRotationSA  =  F
   turbProd       =            1
   equations      =            3
   use_SABCM      =  F
   SABCM_Const1   =    2.0000000000000000E-003
   SABCM_Const2   =    2.0000000000000000E-002
   SABCM_TU       =   0.50000000000000000     
   SABCM_S0_tanh  =   0.50000000000000000     
   SABCM_fsmooth  =    8.0000000000000002E-002
   SABCM_maxsmooth=    50.000000000000000     
 saSource inputPhysics values:
   useft2SA       =  T
   useRotationSA  =  F
   turbProd       =            1
   equations      =            3
   use_SABCM      =  F
   SABCM_Const1   =    2.0000000000000000E-003
   SABCM_Const2   =    2.0000000000000000E-002
   SABCM_TU       =   0.50000000000000000     
   SABCM_S0_tanh  =   0.50000000000000000     
   SABCM_fsmooth  =    8.0000000000000002E-002
   SABCM_maxsmooth=    50.000000000000000     
 saSource inputPhysics values:
   useft2SA       =  T
   useRotationSA  =  F
   turbProd       =            1
   equations      =            3
   use_SABCM      =  F
   SABCM_Const1   =    2.0000000000000000E-003
   SABCM_Const2   =    2.0000000000000000E-002
   SABCM_TU       =   0.50000000000000000     
   SABCM_S0_tanh  =   0.50000000000000000     
   SABCM_fsmooth  =    8.0000000000000002E-002
   SABCM_maxsmooth=    50.000000000000000     
 saSource inputPhysics values:
   useft2SA       =  T
   useRotationSA  =  F
   turbProd       =            1
   equations      =            3
   use_SABCM      =  F
   SABCM_Const1   =    2.0000000000000000E-003
   SABCM_Const2   =    2.0000000000000000E-002
   SABCM_TU       =   0.50000000000000000     
   SABCM_S0_tanh  =   0.50000000000000000     
   SABCM_fsmooth  =    8.0000000000000002E-002
   SABCM_maxsmooth=    50.000000000000000     
 saSource inputPhysics values:
   useft2SA       =  T
   useRotationSA  =  F
   turbProd       =            1
   equations      =            3
   use_SABCM      =  F
   SABCM_Const1   =    2.0000000000000000E-003
   SABCM_Const2   =    2.0000000000000000E-002
   SABCM_TU       =   0.50000000000000000     
   SABCM_S0_tanh  =   0.50000000000000000     
   SABCM_fsmooth  =    8.0000000000000002E-002
   SABCM_maxsmooth=    50.000000000000000     
 saSource inputPhysics values:
   useft2SA       =  T
   useRotationSA  =  F
   turbProd       =            1
   equations      =            3
   use_SABCM      =  F
   SABCM_Const1   =    2.0000000000000000E-003
   SABCM_Const2   =    2.0000000000000000E-002
   SABCM_TU       =   0.50000000000000000     
   SABCM_S0_tanh  =   0.50000000000000000     
   SABCM_fsmooth  =    8.0000000000000002E-002
   SABCM_maxsmooth=    50.000000000000000     
#
# Grid 1: Performing 10000 iterations, unless converged earlier. Minimum required iteration before NK switch:      5. Switch to NK at totalR of:   2.14E+00
#
#------------------------------------------------------------------------------------------------------------------------------------------------------------
#  Grid  | Iter | Iter |  Iter  |   CFL   | Step | Lin  |        Res rho         |         C_lift         |        C_drag          |        totalRes        |
#  level |      | Tot  |  Type  |         |      | Res  |                        |                        |                        |                        |
#------------------------------------------------------------------------------------------------------------------------------------------------------------
      1       0      0     None     ----    ----   ----   6.0530406274369943E+02   9.3778675296777338E-03   4.6460427872661780E-01   2.1431787191375108E+06 
      1       1      4     *ANK   5.00E+00  1.00  0.028   4.5530995631768832E+01   2.8473844946853504E+00   2.3783536756441421E+00   1.7736462336712802E+05 
      1       2     14     *ANK   4.13E+01  1.00  0.041   1.5972473884278845E+01   7.3813344883932563E-01   3.2922609838942540E-01   5.7135596167160591E+04 
      1       3     26     *ANK   1.97E+02  1.00  0.046   8.0809611913968240E+00   4.9920439889694113E-01   7.2981688378314660E-02   2.8726332344514041E+04 
      1       4     40      ANK   1.97E+02  1.00  0.049   2.4020869577436215E+00   5.7813917399129466E-01   6.6934063120213327E-02   8.2719502121958431E+03 
      1       5     59     *ANK   1.41E+03  1.00  0.048   1.1034608500905558E+00   7.1318329450464102E-01   5.5800148576003405E-02   4.0349036974211435E+03 
      1       6     93     *ANK   4.59E+03  1.00  0.050   1.8185552612422196E+00   8.6340798336356928E-01   4.4701809691422553E-02   6.5453810090911275E+03 
      1       7    122      ANK   4.59E+03  1.00  0.050   3.7595583118654923E+00   9.0208732672362313E-01   3.7442373269812861E-02   1.3339458363255106E+04 
      1       8    134      ANK   4.59E+03  1.00  0.050   1.0235446852765639E+00   9.0902874735881034E-01   3.8521492593196711E-02   3.6426687146725294E+03 
      1       9    176      ANK   4.59E+03  1.00  0.064   3.4197107542083760E+00   9.3289784947405541E-01   3.4948145070698829E-02   1.2103696502525212E+04 
      1      10    184     *ANK   4.59E+03  1.00  0.050   6.8742756419204953E-01   9.3561170193392162E-01   3.6264877200584779E-02   2.4529598624276682E+03 
      1      11    216     *ANK   2.88E+04  1.00  0.047   1.8924124539959764E+00   9.3922189952793322E-01   3.4654915094963636E-02   6.6993780431667183E+03 
      1      12    229      ANK   2.88E+04  1.00  0.050   8.3445180855675305E-01   9.3868314080645621E-01   3.5371371698226670E-02   2.9549305771231493E+03 
      1      13    256      ANK   2.88E+04  1.00  0.048   7.9374277135218629E-01   9.3602408045975727E-01   3.4936995417718331E-02   2.8115384570154829E+03 
      1      14    281      ANK   2.88E+04  1.00  0.049   6.6480455474388611E-01   9.3081652515176017E-01   3.4520511209042662E-02   2.3548516830073190E+03 
      1      15    307      ANK   2.88E+04  1.00  0.049   7.2372718686661530E-01   9.2446626716623337E-01   3.3991149069063614E-02   2.5622961537718356E+03 
      1      16    331      ANK   2.88E+04  1.00  0.046   8.9130837612392699E-01   9.1766364287164670E-01   3.3549367144469731E-02   3.1546894108814504E+03 
      1      17    349      ANK   2.88E+04  1.00  0.048   6.5958543468112640E-01   9.1260232083629678E-01   3.3294525018685905E-02   2.3355564959018420E+03 
      1      18    374      ANK   2.88E+04  1.00  0.050   7.6376775996081325E-01   9.0592878752990502E-01   3.2927078435994121E-02   2.7039104134895192E+03 
      1      19    395      ANK   2.88E+04  1.00  0.050   5.9273720851029399E-01   9.0146610297959961E-01   3.2748433693521678E-02   2.0991435716736091E+03 
      1      20    420      ANK   2.88E+04  1.00  0.050   6.8058973525411470E-01   8.9627063109639771E-01   3.2573026393641569E-02   2.4094861693476569E+03 
      1      21    431     *ANK   3.00E+04  1.00  0.047   4.3907820750921078E-01   8.9368478539744611E-01   3.2492031194912410E-02   1.5568620362853485E+03 
      1      22    451      ANK   3.00E+04  1.00  0.049   7.1079241017582506E-01   8.8987470732659335E-01   3.2479510941783682E-02   2.5163469647921047E+03 
      1      23    465      ANK   3.00E+04  1.00  0.048   4.6545494463287096E-01   8.8833788333850250E-01   3.2501409307766391E-02   1.6496729038183757E+03 
      1      24    489      ANK   3.00E+04  1.00  0.049   5.9632772581665650E-01   8.8619723652841653E-01   3.2587729630783137E-02   2.1115086364679573E+03 
      1      25    508      ANK   3.00E+04  1.00  0.049   4.5995236026855874E-01   8.8533710866744098E-01   3.2642920199198407E-02   1.6292109905730599E+03 
      1      26    536      ANK   3.00E+04  1.00  0.048   6.6258787132501862E-01   8.8450511413745359E-01   3.2737115567769641E-02   2.3453272540630455E+03 
      1      27    553      ANK   3.00E+04  1.00  0.049   4.0470344788065343E-01   8.8436971154139044E-01   3.2776089019155755E-02   1.4339124694173909E+03 
      1      28    584      ANK   3.00E+04  1.00  0.048   5.7828648163225538E-01   8.8432451311947391E-01   3.2833575924072891E-02   2.0473586702124935E+03 
      1      29    601      ANK   3.00E+04  1.00  0.049   3.2047595219195657E-01   8.8443285645954395E-01   3.2856253230335433E-02   1.1356820525137182E+03 
      1      30    621     *ANK   1.00E+05  1.00  0.049   3.4828465096839145E-01   8.8465968590699995E-01   3.2866238726140758E-02   1.2336876040733221E+03 
      1      31    640      ANK   1.00E+05  1.00  0.049   2.9810356312787306E-01   8.8486622228596312E-01   3.2872897390112163E-02   1.0560964725067538E+03 
      1      32    662      ANK   1.00E+05  1.00  0.049   2.7811643484654880E-01   8.8504742951338922E-01   3.2868943718527652E-02   9.8544082314398838E+02 
      1      33    682      ANK   1.00E+05  1.00  0.046   2.1295563530517764E-01   8.8520241147318512E-01   3.2867708825958984E-02   7.5527593981214579E+02 
      1      34    705      ANK   1.00E+05  1.00  0.049   1.5377760524631939E-01   8.8528357435948224E-01   3.2862005899031613E-02   5.4666460256212952E+02 
      1      35    728     *ANK   1.00E+05  1.00  0.050   1.2145805769207518E-01   8.8532501397808605E-01   3.2856967254974029E-02   4.3311996323609520E+02 
      1      36    759      ANK   1.00E+05  1.00  0.050   1.2853474386530250E-01   8.8533593708570124E-01   3.2849022639372963E-02   4.5795741101309289E+02 
      1      37    794      ANK   1.00E+05  1.00  0.050   1.2972873785992306E-01   8.8525252373509422E-01   3.2844977442146081E-02   4.6109296790483882E+02 
      1      38    833      ANK   1.00E+05  1.00  0.049   1.4600810580970205E-01   8.8525546460604165E-01   3.2844265193834987E-02   5.1829951489487621E+02 
      1      39    867      ANK   1.00E+05  1.00  0.047   1.1923573495636448E-01   8.8521430931783784E-01   3.2841606898685968E-02   4.2427758456454529E+02 
      1      40    905      ANK   1.00E+05  1.00  0.048   1.0146014776852373E-01   8.8508352935811430E-01   3.2844313075138368E-02   3.6469614821299888E+02 
      1      41    938      ANK   1.00E+05  1.00  0.050   6.3222061903739218E-02   8.8510977387528067E-01   3.2840984002861520E-02   2.3282645902609315E+02 
      1      42    970     *ANK   1.00E+05  1.00  0.049   6.5437755638745390E-02   8.8508385757593588E-01   3.2842749873406948E-02   2.4195155858303974E+02 
      1      43    996      ANK   1.00E+05  1.00  0.049   5.7233164299519253E-02   8.8503776954037394E-01   3.2839049617229492E-02   2.1302613921883696E+02 
      1      44   1025      ANK   1.00E+05  1.00  0.049   5.8280762285143284E-02   8.8498251274052275E-01   3.2841372320319868E-02   2.1499168816581670E+02 
      1      45   1054      ANK   1.00E+05  1.00  0.050   6.2943379422862308E-02   8.8501825634311193E-01   3.2842629607267526E-02   2.2893857943013307E+02 
      1      46   1081      ANK   1.00E+05  1.00  0.048   5.5634545744677258E-02   8.8499948783264215E-01   3.2842634805312014E-02   2.0174074546362039E+02 
      1      47   1106      ANK   1.00E+05  1.00  0.049   4.8881785597925463E-02   8.8499996654929303E-01   3.2843421947260545E-02   1.7670596852036849E+02 
      1      48   1130      ANK   1.00E+05  1.00  0.047   4.1803393704396542E-02   8.8499663217237656E-01   3.2843636743619460E-02   1.5087391350892548E+02 
      1      49   1153      ANK   1.00E+05  1.00  0.046   3.5311159853320402E-02   8.8498255509808521E-01   3.2843771535200829E-02   1.2739934184652562E+02 
#------------------------------------------------------------------------------------------------------------------------------------------------------------
#  Grid  | Iter | Iter |  Iter  |   CFL   | Step | Lin  |        Res rho         |         C_lift         |        C_drag          |        totalRes        |
#  level |      | Tot  |  Type  |         |      | Res  |                        |                        |                        |                        |
#------------------------------------------------------------------------------------------------------------------------------------------------------------
      1      50   1175      ANK   1.00E+05  1.00  0.048   2.9936741295113603E-02   8.8496092319129627E-01   3.2843368249241937E-02   1.0807522383622283E+02 
      1      51   1193     *ANK   1.00E+05  1.00  0.050   2.7848484736978697E-02   8.8498118195097875E-01   3.2843778413636344E-02   1.0033132219132625E+02 
      1      52   1210      ANK   1.00E+05  1.00  0.049   2.2569252750070688E-02   8.8495891587329334E-01   3.2844589722171420E-02   8.1608471446854551E+01 
      1      53   1227      ANK   1.00E+05  1.00  0.049   2.3057823154812557E-02   8.8498481725993594E-01   3.2844906910904033E-02   8.2886091092148348E+01 
      1      54   1243      ANK   1.00E+05  1.00  0.048   1.5847745276520747E-02   8.8496785294568769E-01   3.2844460765159261E-02   5.7443814296238777E+01 
      1      55   1259      ANK   1.00E+05  1.00  0.049   1.4730751634979675E-02   8.8496581898245674E-01   3.2845148521120943E-02   5.3119156144945180E+01 
      1      56   1275     *ANK   1.00E+05  1.00  0.049   1.3024193598592151E-02   8.8497723695203445E-01   3.2845020272997523E-02   4.6819025504910087E+01 
      1      57   1292      ANK   1.00E+05  1.00  0.048   1.0534134733532298E-02   8.8497537290461437E-01   3.2844800642935851E-02   3.7875258908042291E+01 
      1      58   1313      ANK   1.00E+05  1.00  0.049   1.1262359025019555E-02   8.8498006702173115E-01   3.2845364554755022E-02   4.0254024665623255E+01 
      1      59   1335      ANK   1.00E+05  1.00  0.045   1.0545835003904647E-02   8.8498512606593982E-01   3.2843922450976254E-02   3.7662587810647700E+01 
      1      60   1358      ANK   1.00E+05  1.00  0.048   9.3719481321824141E-03   8.8496996952742402E-01   3.2847032833795420E-02   3.3534493729784181E+01 
      1      61   1382      ANK   1.00E+05  1.00  0.049   8.8484535067330471E-03   8.8497458356570857E-01   3.2845713559522184E-02   3.1694348147308723E+01 
      1      62   1406      ANK   1.00E+05  1.00  0.047   1.0698307684707919E-02   8.8498131050543816E-01   3.2843294156977246E-02   3.8171617935123386E+01 
      1      63   1426      ANK   1.00E+05  1.00  0.049   8.2543504503149838E-03   8.8498055034409728E-01   3.2845195500865204E-02   2.9572472377031804E+01 
      1      64   1448      ANK   1.00E+05  1.00  0.045   8.0722737774733457E-03   8.8497820352398082E-01   3.2846319337588192E-02   2.8923518101675477E+01 
      1      65   1469      ANK   1.00E+05  1.00  0.047   7.9718935801950160E-03   8.8498316827306833E-01   3.2844536636048999E-02   2.8536061933992407E+01 
      1      66   1491     *ANK   1.00E+05  1.00  0.045   7.2948675220707452E-03   8.8497621780948743E-01   3.2844923543764289E-02   2.6133854426090522E+01 
      1      67   1511      ANK   1.00E+05  1.00  0.049   6.5397095967471598E-03   8.8497800757939982E-01   3.2846128684860039E-02   2.3437830153763816E+01 
      1      68   1532      ANK   1.00E+05  1.00  0.044   6.7421226639414527E-03   8.8497771823818960E-01   3.2845705562305906E-02   2.4105901679657311E+01 
      1      69   1551      ANK   1.00E+05  1.00  0.049   5.3427841621601141E-03   8.8497756333372057E-01   3.2845545931127498E-02   1.9145417815801146E+01 
#
# Writing grid file(s):
#    output/wing_000_vol.cgns
# Grid file(s) written
#
#
# Writing volume solution file(s):
#    output/wing_000_vol.cgns
# Volume solution file(s) written
#
#
# Writing surface solution file(s):
#    output/wing_000_surf.cgns
# Surface solution file(s) written
#
#
# Writing slices file(s): 
#    output/wing_000_slices.dat
# Slices file(s) written
#
#
# Writing lift distribution file(s):
#    output/wing_000_lift.dat
# Lift distribution file(s) written
#
#
# Writing tecplot surface file(s):
#    output/wing_000_surf.plt
# Tecplot surface file(s) written
#
+-------------------------------------------------+
|
| Solution Timings:
|
| Set AeroProblem Time          :      0.011 sec
| Solution Time                 :    440.869 sec
| Write Solution Time           :      0.419 sec
| Stability Parameter Time      :      0.000 sec
|
| Total Call Time               :    441.298 sec
+--------------------------------------------------+
-> Alpha... 1.800000 
+---------------------------------------------------+
|
| Function Timings:
|
| Function AeroProblem Time     :      0.002 sec
| Function Evaluation Time      :      0.000 sec
| User Function Evaluation Time :      0.000 sec
|
| Total Function Evaluation Time:      0.003 sec
+--------------------------------------------------+
{'wing_cd': 0.0328455459311275, 'wing_cl': 0.8849775633337205}
 
================ ANK Profiling Report (MPI max/avg) ================
Wall-clock interpretation: use max_* as the primary parallel metric.
Comm columns only include directly measured communication timings.
 
1. ANKStep major sections
name                                           calls    max_total     avg_total    max_compute   avg_compute   max_comm      avg_comm
                                   ANKStep_total      414   4.4041E+02   4.3993E+02   4.3121E+02   4.2920E+02   1.2395E+01   1.0729E+01
                              computeTimeStepMat      414   5.7761E+00   5.7761E+00   5.6818E+00   5.2998E+00   7.5911E-01   4.7626E-01
                           FormJacobianANK_total       84   3.9617E+01   3.9611E+01   3.9426E+01   3.7479E+01   3.6586E+00   2.1315E+00
              -->FormJacobianANK_residuals_total       84   3.7878E+01   3.7818E+01   3.7687E+01   3.5687E+01   3.6586E+00   2.1315E+00
                                -->PCSetup_total       84   4.0142E-01   3.9548E-01   4.0142E-01   3.9548E-01   0.0000E+00   0.0000E+00
                              KSPSolve_ANK_total      414   3.6899E+02   3.6818E+02   3.6155E+02   3.6082E+02   8.1934E+00   7.3585E+00
                      -->MatMult_in_KSPSolve_ANK     8478   1.1606E+02   1.0825E+02   1.0787E+02   1.0089E+02   8.1934E+00   7.3585E+00
                       -->outside_KSPSolve_total      414   6.0942E+00   5.5355E+00   6.0942E+00   5.5355E+00   0.0000E+00   0.0000E+00
                 -->MatMult_outside_KSPSolve_ANK      414   6.0548E+00   5.4646E+00   5.6580E+00   5.0965E+00   3.9674E-01   3.6813E-01
                         -->matrixAssembly_total      414   2.1168E-04   1.8873E-04   2.1168E-04   1.8873E-04   0.0000E+00   0.0000E+00
                            -->physicality_total      414   1.3058E+00   5.4252E-01   1.3058E+00   5.4252E-01   0.0000E+00   0.0000E+00
                            -->stateUpdate_total      414   3.7515E-01   3.5950E-01   3.7515E-01   3.5950E-01   0.0000E+00   0.0000E+00
                                -->vecNorm_total      828   8.7723E-01   4.8160E-01   8.7723E-01   4.8160E-01   0.0000E+00   0.0000E+00
                              ANK_localOps_total        0   8.2370E+00   7.3972E+00   8.2370E+00   7.3972E+00   0.0000E+00   0.0000E+00
                     computeUnsteadyResANK_total      414   5.8279E+00   5.4376E+00   5.4187E+00   5.0766E+00   4.0916E-01   3.6099E-01
  -->computeUnsteadyResANK_timeStepMatMult_total      414   1.7625E-01   1.5169E-01   1.7625E-01   1.5169E-01   0.0000E+00   0.0000E+00
           -->computeUnsteadyResANK_vecOps_total      414   1.7441E-01   1.6101E-01   1.7441E-01   1.6101E-01   0.0000E+00   0.0000E+00
                          -->ANKLineSearch_total        0   0.0000E+00   0.0000E+00   0.0000E+00   0.0000E+00   0.0000E+00   0.0000E+00
                         ANK_finalResidual_total      414   6.8678E+00   6.4664E+00   6.4386E+00   6.0651E+00   4.2925E-01   4.0127E-01
                            ANK_turbUpdate_total      414   7.1446E+00   7.0625E+00   7.1446E+00   7.0625E+00   0.0000E+00   0.0000E+00
 
1b. Parent closure check (avg columns, additive check)
sum(parent avg_total/avg_compute/avg_comm):   4.3993E+02   4.2920E+02   1.0729E+01
ANKStep avg_total/avg_compute/avg_comm:   4.3993E+02   4.2920E+02   1.0729E+01
difference (ANKStep - parent_sum):   6.1909E-04   6.1909E-04   1.7764E-15
 
2. Residual totals inside ANKStep
name                                           calls    max_total     avg_total    max_compute   avg_compute   max_comm      avg_comm
                       blocketteRes_total_in_ANK     9726   1.2631E+02   1.1568E+02   1.1688E+02   1.0719E+02   9.4351E+00   8.4948E+00
                     blocketteRes_compute_in_ANK     9726   1.1688E+02   1.0719E+02   1.1688E+02   1.0719E+02   0.0000E+00   0.0000E+00
                        blocketteRes_comm_in_ANK     9726   9.4351E+00   8.4948E+00   0.0000E+00   0.0000E+00   9.4351E+00   8.4948E+00
 
3. Residual totals by calling context
name                                           calls    max_total     avg_total    max_compute   avg_compute   max_comm      avg_comm
                 blocketteRes_in_FormJacobianANK        0   0.0000E+00   0.0000E+00   0.0000E+00   0.0000E+00   0.0000E+00   0.0000E+00
             blocketteRes_in_MatMult_in_KSPSolve     8478   1.0842E+02   9.9107E+01   1.0023E+02   9.1748E+01   8.1934E+00   7.3585E+00
        blocketteRes_in_MatMult_outside_KSPSolve      414   5.3617E+00   4.8924E+00   4.9650E+00   4.5243E+00   3.9674E-01   3.6813E-01
           blocketteRes_in_computeUnsteadyResANK      414   5.5579E+00   5.1246E+00   5.1487E+00   4.7636E+00   4.0916E-01   3.6099E-01
                   blocketteRes_in_ANKLineSearch        0   0.0000E+00   0.0000E+00   0.0000E+00   0.0000E+00   0.0000E+00   0.0000E+00
               blocketteRes_in_ANK_finalResidual      414   6.8675E+00   6.4662E+00   6.4383E+00   6.0649E+00   4.2925E-01   4.0127E-01
                  blocketteRes_in_ANK_turbUpdate        0   0.0000E+00   0.0000E+00   0.0000E+00   0.0000E+00   0.0000E+00   0.0000E+00
 
4. Key counters
n_ANKStep           414
n_FormJacobianANK            84
n_PCSetup_ANK            84
n_KSPSolve_ANK           414
n_GMRES_iter_ANK          8478
n_MatMult_ANK          8892
n_PCApply_ANK             0
n_GMRES_orthog_ANK             0
n_blocketteRes_total_in_ANK          9726
n_blocketteRes_in_FormJacobianANK             0
n_blocketteRes_in_MatMult_ANK          8892
n_blocketteRes_in_computeUnsteadyResANK           414
n_blocketteRes_in_ANKLineSearch             0
n_blocketteRes_in_ANK_finalResidual           414
n_whalo2_in_ANK          9726
=====================================================================
Generated Cumulative data file path: /home/mdo/MDOLab_3_v2/adflow- 2.12.2 dev 128/Run/results_bs_sweep/bs_4/results_smt_off_pure_mpi/np_6_omp_1/mem_np6_omp1.csv
