Warning: Option '--html' is not supported with '-C' option.
Profiling started.
[mdo-lab:2859591] MCW rank 0 bound to socket 0[core 0[hwt 0]]: [B/././././././././././././././.]
[mdo-lab:2859591] MCW rank 1 bound to socket 0[core 1[hwt 0]]: [./B/./././././././././././././.]
[mdo-lab:2859591] MCW rank 2 bound to socket 0[core 2[hwt 0]]: [././B/././././././././././././.]
[mdo-lab:2859591] MCW rank 3 bound to socket 0[core 3[hwt 0]]: [./././B/./././././././././././.]
[mdo-lab:2859591] MCW rank 4 bound to socket 0[core 4[hwt 0]]: [././././B/././././././././././.]
[mdo-lab:2859591] MCW rank 5 bound to socket 0[core 5[hwt 0]]: [./././././B/./././././././././.]
[mdo-lab:2859591] MCW rank 6 bound to socket 0[core 6[hwt 0]]: [././././././B/././././././././.]
[mdo-lab:2859591] MCW rank 7 bound to socket 0[core 7[hwt 0]]: [./././././././B/./././././././.]
[mdo-lab:2859591] MCW rank 8 bound to socket 0[core 8[hwt 0]]: [././././././././B/././././././.]
[mdo-lab:2859591] MCW rank 9 bound to socket 0[core 9[hwt 0]]: [./././././././././B/./././././.]
[mdo-lab:2859591] MCW rank 10 bound to socket 0[core 10[hwt 0]]: [././././././././././B/././././.]
[mdo-lab:2859591] MCW rank 11 bound to socket 0[core 11[hwt 0]]: [./././././././././././B/./././.]
[mdo-lab:2859591] MCW rank 12 bound to socket 0[core 12[hwt 0]]: [././././././././././././B/././.]
#
# ADflow, multiblock structured flow solver
#
# This code solves the 3D RANS, laminar NS or Euler equations
# on multiblock structured hexahedral grids.
# This is a parallel executable running on 13 processors.
# It has been compiled with the following options:
# - Optimized mode.
# - Size of standard integers: 4 bytes.
# - Size of standard floating point types: 8 bytes.
# - With cgns support
# - With support for signals.
#
+----------------------------------------+
|          All ADFLOW Options:           |
+----------------------------------------+
{'ADPC': False,
 'ANKADPC': False,
 'ANKAMGLevels': 2,
 'ANKAMGNSmooth': 1,
 'ANKASMOverlap': 1,
 'ANKASMOverlapCoarse': 0,
 'ANKCFL0': 5.0,
 'ANKCFLCutback': 0.5,
 'ANKCFLExponent': 0.5,
 'ANKCFLFactor': 10.0,
 'ANKCFLLimit': 100000.0,
 'ANKCFLMin': 1.0,
 'ANKCFLReset': True,
 'ANKCharTimeStepType': 'VLR',
 'ANKConstCFLStep': 0.4,
 'ANKCoupledSwitchTol': 1e-16,
 'ANKGlobalPreconditioner': 'additive Schwarz',
 'ANKInnerPreconIts': 1,
 'ANKInnerPreconItsCoarse': 1,
 'ANKJacobianLag': 10,
 'ANKLinResMax': 0.1,
 'ANKLinearSolveBuffer': 0.01,
 'ANKLinearSolveTol': 0.05,
 'ANKMaxIter': 40,
 'ANKNSubiterTurb': 1,
 'ANKOuterPreconIts': 1,
 'ANKPCILUFill': 2,
 'ANKPCILUFillCoarse': 0,
 'ANKPCUpdateCutoff': 1e-16,
 'ANKPCUpdateTol': 0.5,
 'ANKPCUpdateTolAfterCutoff': 0.0001,
 'ANKPhysicalLSTol': 0.2,
 'ANKPhysicalLSTolTurb': 0.99,
 'ANKSecondOrdSwitchTol': 1e-16,
 'ANKStepFactor': 1.0,
 'ANKStepMin': 0.01,
 'ANKSubspaceSize': -1,
 'ANKSwitchTol': 1000.0,
 'ANKTurbCFLScale': 1.0,
 'ANKTurbKSPDebug': False,
 'ANKUnsteadyLSTol': 1.0,
 'ANKUseApproxSA': False,
 'ANKUseFullVisc': True,
 'ANKUseMatrixFree': True,
 'ANKUseTurbDADI': True,
 'ASMOverlap': 1,
 'ASMOverlapCoarse': 0,
 'CFL': 1.7,
 'CFLCoarse': 1.0,
 'CFLLimit': 1.5,
 'GMRESOrthogonalizationType': 'modified Gram-Schmidt',
 'ILUFill': 2,
 'ILUFillCoarse': 0,
 'L2Convergence': 1e-05,
 'L2ConvergenceCoarse': 0.01,
 'L2ConvergenceRel': 1e-16,
 'MGCycle': 'sg',
 'MGStartLevel': -1,
 'NKADPC': False,
 'NKAMGLevels': 2,
 'NKAMGNSmooth': 1,
 'NKASMOverlap': 1,
 'NKASMOverlapCoarse': 0,
 'NKFixedStep': 0.25,
 'NKGlobalPreconditioner': 'additive Schwarz',
 'NKInnerPreconIts': 1,
 'NKInnerPreconItsCoarse': 1,
 'NKJacobianLag': 20,
 'NKLS': 'cubic',
 'NKLinearSolveTol': 0.3,
 'NKOuterPreconIts': 1,
 'NKPCILUFill': 2,
 'NKPCILUFillCoarse': 0,
 'NKSubspaceSize': 60,
 'NKSwitchTol': 1e-06,
 'NKUseEW': True,
 'NKViscPC': False,
 'RKReset': False,
 'SABCM_Const1': 0.002,
 'SABCM_Const2': 0.02,
 'SABCM_S0_tanh': 0.5,
 'SABCM_TU': 0.5,
 'SABCM_fsmooth': 0.08,
 'SABCM_maxsmooth': 50.0,
 'TSStability': False,
 'acousticScaleFactor': 0.08164,
 'adjointAMGLevels': 2,
 'adjointAMGNSmooth': 1,
 'adjointDivTol': 100000.0,
 'adjointL2Convergence': 1e-06,
 'adjointL2ConvergenceAbs': 1e-16,
 'adjointL2ConvergenceRel': 1e-16,
 'adjointMaxIter': 500,
 'adjointMaxL2DeviationFactor': 1.0,
 'adjointMonitorStep': 10,
 'adjointSolver': 'GMRES',
 'adjointSubspaceSize': 100,
 'alphaFollowing': True,
 'alphaMode': False,
 'altitudeMode': False,
 'applyAdjointPCSubspaceSize': 20,
 'applyPCSubspaceSize': 10,
 'approxPC': True,
 'backgroundVolScale': 1.0,
 'betaMode': False,
 'blockSplitting': True,
 'cavExponent': 0,
 'cavSensorOffset': 0.0,
 'cavSensorSharpness': 10.0,
 'cavitationNumber': 1.4,
 'closedSurfaceFamilies': None,
 'coarseDiscretization': 'central plus scalar dissipation',
 'computeCavitation': False,
 'computeSepSensorKs': False,
 'coupledSolution': False,
 'cpMinRho': 100.0,
 'cutCallback': None,
 'debugZipper': False,
 'deltaT': 0.01,
 'designSurfaceFamily': None,
 'discretization': 'central plus scalar dissipation',
 'dissContMagnitude': 1.0,
 'dissContMidpoint': 3.0,
 'dissContSharpness': 3.0,
 'dissipationLumpingParameter': 6.0,
 'dissipationScalingExponent': 0.67,
 'eddyVisInfRatio': 0.009,
 'equationMode': 'steady',
 'equationType': 'RANS',
 'eulerWallTreatment': 'linear pressure extrapolation',
 'explicitSurfaceCallback': None,
 'firstRun': True,
 'flowType': 'external',
 'forcesAsTractions': True,
 'frozenTurbulence': False,
 'globalPreconditioner': 'additive Schwarz',
 'gridFile': 'vmesh_L2.cgns',
 'gridPrecision': 'double',
 'gridPrecisionSurface': 'single',
 'infChangeCorrection': True,
 'infChangeCorrectionTol': 1e-12,
 'infChangeCorrectionType': 'offset',
 'innerPreconIts': 1,
 'innerPreconItsCoarse': 1,
 'isoVariables': [],
 'isosurface': {},
 'liftIndex': 3,
 'limiter': 'van Albada',
 'loadBalanceIter': 10,
 'loadImbalance': 0.1,
 'localPreconditioner': 'ILU',
 'lowSpeedPreconditioner': False,
 'machMode': False,
 'matrixOrdering': 'RCM',
 'maxL2DeviationFactor': 1.0,
 'meshMaxSkewness': 1.0,
 'meshSurfaceFamily': None,
 'monitorVariables': ['resrho', 'cl', 'cd'],
 'nCycles': 10000,
 'nCyclesCoarse': 500,
 'nFloodIter': -1,
 'nRKReset': 5,
 'nRefine': 10,
 'nSaveSurface': 1,
 'nSaveVolume': 1,
 'nSubiter': 1,
 'nSubiterTurb': 3,
 'nTimeStepsCoarse': 48,
 'nTimeStepsFine': 400,
 'nearWallDist': 0.1,
 'numberSolutions': True,
 'outerPreconIts': 3,
 'outputDirectory': 'output',
 'outputSurfaceFamily': 'allSurfaces',
 'overlapFactor': 0.9,
 'oversetDebugPrint': False,
 'oversetLoadBalance': True,
 'oversetPriority': {},
 'oversetProjTol': 1e-12,
 'oversetUpdateMode': 'frozen',
 'pMode': False,
 'partitionLikeNProc': -1,
 'partitionOnly': False,
 'preconditionerSide': 'right',
 'printAllOptions': True,
 'printBadlySkewedCells': False,
 'printIntro': True,
 'printIterations': True,
 'printNegativeVolumes': False,
 'printTiming': True,
 'printWarnings': True,
 'qMode': False,
 'rMode': False,
 'recomputeOverlapMatrix': True,
 'resAveraging': 'alternate',
 'restartAdjoint': True,
 'restartFile': None,
 'restrictionRelaxation': 0.8,
 'selfZipCutoff': 120.0,
 'sepSensorKsOffset': 0.0,
 'sepSensorKsPhi': 90.0,
 'sepSensorKsRho': 1000.0,
 'sepSensorKsSharpness': 25.0,
 'sepSensorOffset': 0.0,
 'sepSensorSharpness': 10.0,
 'setMonitor': True,
 'skipAfterFailedAdjoint': True,
 'smoothParameter': 1.5,
 'smoother': 'DADI',
 'solutionPrecision': 'single',
 'solutionPrecisionSurface': 'single',
 'storeConvHist': True,
 'storeRindLayer': True,
 'surfaceVariables': ['rho',
                      'p',
                      'vx',
                      'vy',
                      'vz',
                      'cp',
                      'mach',
                      'cf',
                      'cfx',
                      'cfy',
                      'cfz',
                      'yplus',
                      'blank'],
 'timeAccuracy': 2,
 'timeIntegrationScheme': 'BDF',
 'timeIntervals': 1,
 'timeLimit': -1.0,
 'turbResScale': 10000.0,
 'turbulenceModel': 'SA',
 'turbulenceOrder': 'first order',
 'turbulenceProduction': 'strain',
 'updateWallAssociations': False,
 'useALE': True,
 'useANKSolver': True,
 'useApproxWallDistance': True,
 'useBlockettes': True,
 'useDiagTSPC': True,
 'useDissContinuation': False,
 'useExternalDynamicMesh': False,
 'useGridMotion': False,
 'useLinResMonitor': False,
 'useMatrixFreedrdw': True,
 'useNKSolver': True,
 'useOversetWallScaling': False,
 'useQCR': False,
 'useRotationSA': False,
 'useSkewnessCheck': False,
 'useTSInterpolatedGridVelocity': False,
 'useWallFunctions': False,
 'useZipperMesh': True,
 'use_SABCM': False,
 'useft2SA': True,
 'verifyExtra': True,
 'verifySpatial': True,
 'verifyState': True,
 'vis2': 0.25,
 'vis2Coarse': 0.5,
 'vis4': 0.0156,
 'viscPC': False,
 'viscWallTreatment': 'constant pressure extrapolation',
 'viscousSurfaceVelocities': True,
 'volumeVariables': ['vort',
                     'vortx',
                     'vorty',
                     'vortz',
                     'cp',
                     'mach',
                     'macht',
                     'eddy',
                     'eddyratio',
                     'resrho',
                     'rhoe',
                     'resturb',
                     'blank'],
 'wallDistCutoff': 1e+20,
 'windAxis': False,
 'writeSolutionDigits': 3,
 'writeSolutionEachIter': False,
 'writeSurfaceSolution': True,
 'writeTecplotSurfaceSolution': True,
 'writeVolumeSolution': True,
 'zipperSurfaceFamily': None}
-> Alpha... 0.000000 
#
#                      Warning
# It is assumed that the grid is given in meters.
#
#
# Specified load imbalance tolerance 0.100 achieved.
# Continuing with 0.048 load imbalance for the cells and 0.041 for the faces
#
#
# Grid level: 1, Total number of cells: 943104
#
+--------------------------------------------------+
  CGNS Surface Families by Boundary Condition Type
+--------------------------------------------------+
| Wall Types           : wing 
| Inflow Types         : 
| Outflow Types        : 
| Symmetry Types       : sym 
| Farfield Types       : far 
| Overset Types        : 
+--------------------------------------------------+
+--------------------------------------------------+
|
| Initialization Times:
|
| Library Load Time             :      0.019 sec
| Set Defaults Time             :      0.001 sec
| Base Class Init Time          :      0.001 sec
| Introductory Time             :      0.008 sec
| Partitioning Time             :      0.011 sec
| Preprocessing Time            :      1.264 sec
| Family Setup Time             :      0.000 sec
| Cut Callback Time             :      0.000 sec
| Explicit Surface Cut Time     :      0.000 sec
| Overset Preprocessing Time    :      0.001 sec
| Initialize Flow Time          :      0.034 sec
|
| Total Init Time               :      1.338 sec
+--------------------------------------------------+

+------------------------------------------------------------------------------+
| pyADFLOW Warning: 'zipperSurfaceFamily' option was not given. Using all wall |
| boundary conditions for the zipper mesh.                                     |
+------------------------------------------------------------------------------+

+----------------------------------------------------------------------+
|  Switching to Aero Problem: wing                                     |
+----------------------------------------------------------------------+
-> Alpha... 1.800000 
+----------------------------------------+
|      All Modified ADFLOW Options:      |
+----------------------------------------+
{'ANKCharTimeStepType': 'VLR',
 'L2Convergence': 1e-05,
 'NKSwitchTol': 1e-06,
 'acousticScaleFactor': 0.08164,
 'gridFile': 'vmesh_L2.cgns',
 'liftIndex': 3,
 'monitorVariables': ['resrho', 'cl', 'cd'],
 'nCycles': 10000,
 'outputDirectory': 'output',
 'surfaceVariables': ['rho',
                      'p',
                      'vx',
                      'vy',
                      'vz',
                      'cp',
                      'mach',
                      'cf',
                      'cfx',
                      'cfy',
                      'cfz',
                      'yplus',
                      'blank'],
 'turbResScale': 10000.0,
 'useNKSolver': True,
 'volumeVariables': ['vort',
                     'vortx',
                     'vorty',
                     'vortz',
                     'cp',
                     'mach',
                     'macht',
                     'eddy',
                     'eddyratio',
                     'resrho',
                     'rhoe',
                     'resturb',
                     'blank'],
 'writeTecplotSurfaceSolution': True}
 saSource inputPhysics values:
   useft2SA       =  T
   useRotationSA  =  F
   turbProd       =            1
   equations      =            3
   use_SABCM      =  F
   SABCM_Const1   =    2.0000000000000000E-003
   SABCM_Const2   =    2.0000000000000000E-002
   SABCM_TU       =   0.50000000000000000     
   SABCM_S0_tanh  =   0.50000000000000000     
   SABCM_fsmooth  =    8.0000000000000002E-002
 saSource inputPhysics values:
   useft2SA       =  T
   useRotationSA  =  F
   turbProd       =            1
   equations      =            3
   use_SABCM      =  F
   SABCM_Const1   =    2.0000000000000000E-003
   SABCM_Const2   =    2.0000000000000000E-002
   SABCM_TU       =   0.50000000000000000     
   SABCM_S0_tanh  =   0.50000000000000000     
   SABCM_fsmooth  =    8.0000000000000002E-002
   SABCM_maxsmooth=    50.000000000000000     
 saSource inputPhysics values:
   useft2SA       =  T
   useRotationSA  =  F
   turbProd       =            1
   equations      =            3
   use_SABCM      =  F
   SABCM_maxsmooth=    50.000000000000000     
 saSource inputPhysics values:
   useft2SA       =  T
   useRotationSA  =  F
   turbProd       =            1
   equations      =            3
   use_SABCM      =  F
   SABCM_Const1   =    2.0000000000000000E-003
   SABCM_Const1   =    2.0000000000000000E-003
   SABCM_Const2   =    2.0000000000000000E-002
   SABCM_TU       =   0.50000000000000000     
   SABCM_S0_tanh  =   0.50000000000000000     
   SABCM_fsmooth  =    8.0000000000000002E-002
   SABCM_maxsmooth=    50.000000000000000     
   SABCM_Const2   =    2.0000000000000000E-002
   SABCM_TU       =   0.50000000000000000     
   SABCM_S0_tanh  =   0.50000000000000000     
   SABCM_fsmooth  =    8.0000000000000002E-002
   SABCM_maxsmooth=    50.000000000000000     
 saSource inputPhysics values:
   useft2SA       =  T
   useRotationSA  =  F
   turbProd       =            1
   equations      =            3
   use_SABCM      =  F
   SABCM_Const1   =    2.0000000000000000E-003
   SABCM_Const2   =    2.0000000000000000E-002
   SABCM_TU       =   0.50000000000000000     
   SABCM_S0_tanh  =   0.50000000000000000     
   SABCM_fsmooth  =    8.0000000000000002E-002
   SABCM_maxsmooth=    50.000000000000000     
 saSource inputPhysics values:
   useft2SA       =  T
   useRotationSA  =  F
   turbProd       =            1
   equations      =            3
   use_SABCM      =  F
   SABCM_Const1   =    2.0000000000000000E-003
   SABCM_Const2   =    2.0000000000000000E-002
   SABCM_TU       =   0.50000000000000000     
   SABCM_S0_tanh  =   0.50000000000000000     
   SABCM_fsmooth  =    8.0000000000000002E-002
   SABCM_maxsmooth=    50.000000000000000     
 saSource inputPhysics values:
   useft2SA       =  T
   useRotationSA  =  F
   turbProd       =            1
   equations      =            3
   use_SABCM      =  F
   SABCM_Const1   =    2.0000000000000000E-003
   SABCM_Const2   =    2.0000000000000000E-002
   SABCM_TU       =   0.50000000000000000     
   SABCM_S0_tanh  =   0.50000000000000000     
   SABCM_fsmooth  =    8.0000000000000002E-002
   SABCM_maxsmooth=    50.000000000000000     
 saSource inputPhysics values:
   useft2SA       =  T
   useRotationSA  =  F
   turbProd       =            1
   equations      =            3
   use_SABCM      =  F
   SABCM_Const1   =    2.0000000000000000E-003
   SABCM_Const2   =    2.0000000000000000E-002
   SABCM_TU       =   0.50000000000000000     
   SABCM_S0_tanh  =   0.50000000000000000     
   SABCM_fsmooth  =    8.0000000000000002E-002
   SABCM_maxsmooth=    50.000000000000000     
 saSource inputPhysics values:
   useft2SA       =  T
   useRotationSA  =  F
   turbProd       =            1
   equations      =            3
   use_SABCM      =  F
   SABCM_Const1   =    2.0000000000000000E-003
   SABCM_Const2   =    2.0000000000000000E-002
   SABCM_TU       =   0.50000000000000000     
   SABCM_S0_tanh  =   0.50000000000000000     
 saSource inputPhysics values:
   useft2SA       =  T
   useRotationSA  =  F
   turbProd       =            1
   equations      =            3
   use_SABCM      =  F
   SABCM_fsmooth  =    8.0000000000000002E-002
   SABCM_maxsmooth=    50.000000000000000     
   SABCM_Const1   =    2.0000000000000000E-003
   SABCM_Const2   =    2.0000000000000000E-002
   SABCM_TU       =   0.50000000000000000     
   SABCM_S0_tanh  =   0.50000000000000000     
   SABCM_fsmooth  =    8.0000000000000002E-002
   SABCM_maxsmooth=    50.000000000000000     
 saSource inputPhysics values:
   useft2SA       =  T
   useRotationSA  =  F
   turbProd       =            1
   equations      =            3
   use_SABCM      =  F
   SABCM_Const1   =    2.0000000000000000E-003
   SABCM_Const2   =    2.0000000000000000E-002
   SABCM_TU       =   0.50000000000000000     
   SABCM_S0_tanh  =   0.50000000000000000     
   SABCM_fsmooth  =    8.0000000000000002E-002
   SABCM_maxsmooth=    50.000000000000000     
 saSource inputPhysics values:
   useft2SA       =  T
   useRotationSA  =  F
   turbProd       =            1
   equations      =            3
   use_SABCM      =  F
   SABCM_Const1   =    2.0000000000000000E-003
   SABCM_Const2   =    2.0000000000000000E-002
   SABCM_TU       =   0.50000000000000000     
   SABCM_S0_tanh  =   0.50000000000000000     
   SABCM_fsmooth  =    8.0000000000000002E-002
   SABCM_maxsmooth=    50.000000000000000     
 saSource inputPhysics values:
   useft2SA       =  T
   useRotationSA  =  F
   turbProd       =            1
   equations      =            3
   use_SABCM      =  F
   SABCM_Const1   =    2.0000000000000000E-003
   SABCM_Const2   =    2.0000000000000000E-002
   SABCM_TU       =   0.50000000000000000     
   SABCM_S0_tanh  =   0.50000000000000000     
   SABCM_fsmooth  =    8.0000000000000002E-002
   SABCM_maxsmooth=    50.000000000000000     
#
# Grid 1: Performing 10000 iterations, unless converged earlier. Minimum required iteration before NK switch:      5. Switch to NK at totalR of:   2.14E+00
#
#------------------------------------------------------------------------------------------------------------------------------------------------------------
#  Grid  | Iter | Iter |  Iter  |   CFL   | Step | Lin  |        Res rho         |         C_lift         |        C_drag          |        totalRes        |
#  level |      | Tot  |  Type  |         |      | Res  |                        |                        |                        |                        |
#------------------------------------------------------------------------------------------------------------------------------------------------------------
      1       0      0     None     ----    ----   ----   6.0530406274369955E+02   9.3778675296776106E-03   4.6460427872661803E-01   2.1431787191375932E+06 
      1       1      4     *ANK   5.00E+00  1.00  0.030   4.6898595345875705E+01   2.8207948949449717E+00   2.3979330805668972E+00   1.8136155031211238E+05 
      1       2     15     *ANK   4.11E+01  1.00  0.041   1.4283841422538089E+01   7.6198210269477640E-01   3.6987285777960938E-01   5.1146561406152978E+04 
      1       3     30     *ANK   2.15E+02  1.00  0.041   1.0130726442276153E+01   5.0125388602383303E-01   7.3909031598864694E-02   3.5895584501156656E+04 
      1       4     43      ANK   2.15E+02  1.00  0.045   1.3354901597075837E+00   5.6146795874938682E-01   6.4521887538080844E-02   4.8312129839816198E+03 
      1       5     73     *ANK   1.73E+03  1.00  0.047   1.2046699687479374E+00   7.4318905498124144E-01   5.4090167289857022E-02   4.4348783259915363E+03 
      1       6    103      ANK   1.73E+03  1.00  0.050   1.4943262175862002E+00   8.3651672859852555E-01   4.6431296745044703E-02   5.4165820474066431E+03 
      1       7    133      ANK   1.73E+03  1.00  0.048   2.1820553229725075E+00   8.8523639113035701E-01   4.0175144032526713E-02   7.7570357064083473E+03 
      1       8    152      ANK   1.73E+03  1.00  0.048   1.1070435025451124E+00   8.9742288325178576E-01   3.9837326442696434E-02   3.9276139187340427E+03 
      1       9    189      ANK   1.73E+03  1.00  0.049   2.2189457165491810E+00   9.2136219804261410E-01   3.6309850034396574E-02   7.8601420335967541E+03 
      1      10    203      ANK   1.73E+03  1.00  0.049   6.1614041640673467E-01   9.2435344366427952E-01   3.7291211138907550E-02   2.1934960852949566E+03 
      1      11    229     *ANK   6.08E+03  1.00  0.048   2.3727683045702235E+00   9.3383019689847491E-01   3.5280888781362874E-02   8.3978249502844301E+03 
      1      12    240      ANK   6.08E+03  1.00  0.048   7.3909026793920740E-01   9.3408206119173331E-01   3.5908258386426639E-02   2.6184270421488031E+03 
      1      13    263      ANK   6.08E+03  1.00  0.050   8.9206388145457749E-01   9.3363651440810069E-01   3.5478750221438142E-02   3.1577466378408794E+03 
      1      14    282      ANK   6.08E+03  1.00  0.049   7.5572447415441768E-01   9.3193986419829311E-01   3.5307576749345169E-02   2.6748480578390991E+03 
      1      15    303      ANK   6.08E+03  1.00  0.047   7.3112478062529240E-01   9.2902292229821770E-01   3.4900073734495364E-02   2.5879069778267876E+03 
      1      16    323      ANK   6.08E+03  1.00  0.049   7.4325586146600386E-01   9.2528801805291649E-01   3.4493696970658072E-02   2.6300940165320972E+03 
      1      17    342      ANK   6.08E+03  1.00  0.046   7.5977119322271069E-01   9.2102944072951254E-01   3.4103069001890182E-02   2.6887291054959796E+03 
      1      18    362      ANK   6.08E+03  1.00  0.047   6.7381222006559194E-01   9.1645416579312666E-01   3.3729462151868776E-02   2.3851320865633984E+03 
      1      19    385      ANK   6.08E+03  1.00  0.049   7.5485525694335975E-01   9.1064137637093490E-01   3.3322377138788183E-02   2.6721320709999659E+03 
      1      20    405      ANK   6.08E+03  1.00  0.049   6.0862315840843428E-01   9.0602085628463636E-01   3.3081959786827320E-02   2.1559571405423553E+03 
      1      21    417     *ANK   6.32E+03  1.00  0.048   4.8476883820289240E-01   9.0296969959693729E-01   3.2950085456214175E-02   1.7186477682460800E+03 
      1      22    436      ANK   6.32E+03  1.00  0.048   6.1536027866756871E-01   8.9892357814771739E-01   3.2810848704546834E-02   2.1791202472514028E+03 
      1      23    453      ANK   6.32E+03  1.00  0.049   5.0919502115344262E-01   8.9628977258994380E-01   3.2758754602890260E-02   1.8038630515587074E+03 
      1      24    473      ANK   6.32E+03  1.00  0.048   6.4641503741431450E-01   8.9341584412849184E-01   3.2716988354780326E-02   2.2882995923552794E+03 
      1      25    490      ANK   6.32E+03  1.00  0.047   4.6223893286128109E-01   8.9195107514084426E-01   3.2728729021733148E-02   1.6377153600326194E+03 
      1      26    510      ANK   6.32E+03  1.00  0.050   4.8394105661463727E-01   8.9027074631191372E-01   3.2741006515118687E-02   1.7141218043743538E+03 
      1      27    529      ANK   6.32E+03  1.00  0.048   5.0337887691537009E-01   8.8905399915407934E-01   3.2772917751414894E-02   1.7823753496928880E+03 
      1      28    547      ANK   6.32E+03  1.00  0.048   4.8780528258983114E-01   8.8823910660414684E-01   3.2798116827058368E-02   1.7272346507086565E+03 
      1      29    566      ANK   6.32E+03  1.00  0.045   4.8514756042152746E-01   8.8757340760553871E-01   3.2824827175692774E-02   1.7177953291806368E+03 
      1      30    584      ANK   6.32E+03  1.00  0.049   3.8817310965452889E-01   8.8717684870633051E-01   3.2848813943547668E-02   1.3748965212623680E+03 
      1      31    595     *ANK   1.46E+04  1.00  0.050   2.9538155469835964E-01   8.8694461447878137E-01   3.2865563194413902E-02   1.0468035888232937E+03 
      1      32    615      ANK   1.46E+04  1.00  0.050   3.3145616768824981E-01   8.8662105666753210E-01   3.2870947152595156E-02   1.1742836454070091E+03 
      1      33    633      ANK   1.46E+04  1.00  0.047   2.4337664501215334E-01   8.8647155665723854E-01   3.2882954283906154E-02   8.6287710401321999E+02 
      1      34    656      ANK   1.46E+04  1.00  0.049   2.7555435538979206E-01   8.8631675748119199E-01   3.2877597642948397E-02   9.7667546478389590E+02 
      1      35    674      ANK   1.46E+04  1.00  0.048   2.1173314460010231E-01   8.8623901671918670E-01   3.2880185966162420E-02   7.5084848461201864E+02 
      1      36    693      ANK   1.46E+04  1.00  0.045   1.9076258599530327E-01   8.8615678514799401E-01   3.2873685331378501E-02   6.7687755954713884E+02 
      1      37    708     *ANK   4.69E+04  1.00  0.048   1.3940855538552771E-01   8.8609333384039024E-01   3.2871303308026824E-02   4.9562695524158153E+02 
      1      38    727      ANK   4.69E+04  1.00  0.049   1.2679769431459995E-01   8.8601262881702381E-01   3.2864091646782605E-02   4.5139489845180356E+02 
      1      39    746      ANK   4.69E+04  1.00  0.049   1.0465141098596914E-01   8.8594021764345965E-01   3.2860568841773768E-02   3.7318587697472321E+02 
      1      40    764      ANK   4.69E+04  1.00  0.050   8.3942817990774132E-02   8.8587073419294771E-01   3.2857918804327022E-02   2.9980081899058786E+02 
      1      41    781     *ANK   1.00E+05  1.00  0.049   7.2684852514398213E-02   8.8580567845276992E-01   3.2855249635201741E-02   2.5952482131536283E+02 
      1      42    802      ANK   1.00E+05  1.00  0.049   7.7934864785069405E-02   8.8572958998343154E-01   3.2851475015912568E-02   2.7748781136762949E+02 
      1      43    844      ANK   1.00E+05  1.00  0.051   9.8851822110363211E-02   8.8559638069816382E-01   3.2847155811276924E-02   3.5214491767949386E+02 
      1      44    866     *ANK   1.00E+05  1.00  0.049   7.4466703411254387E-02   8.8548410422561596E-01   3.2844972326075007E-02   2.6604519420514669E+02 
      1      45    908      ANK   1.00E+05  1.00  0.047   1.3039295167632439E-01   8.8536749387344116E-01   3.2838855847488323E-02   4.6999874534415738E+02 
      1      46    928      ANK   1.00E+05  1.00  0.050   4.6620663571102519E-02   8.8527049074874042E-01   3.2844526281179010E-02   1.7455903112850763E+02 
      1      47    970     *ANK   1.00E+05  1.00  0.050   6.3608001695347569E-02   8.8517955378615265E-01   3.2838943940768806E-02   2.3623668440342516E+02 
      1      48    994     *ANK   1.00E+05  1.00  0.048   4.5807117909353670E-02   8.8516331320093367E-01   3.2840255532759779E-02   1.7298835800780532E+02 
      1      49   1023      ANK   1.00E+05  1.00  0.048   5.0744808256444375E-02   8.8513525793806647E-01   3.2838354999943031E-02   1.8997286495685154E+02 
#------------------------------------------------------------------------------------------------------------------------------------------------------------
#  Grid  | Iter | Iter |  Iter  |   CFL   | Step | Lin  |        Res rho         |         C_lift         |        C_drag          |        totalRes        |
#  level |      | Tot  |  Type  |         |      | Res  |                        |                        |                        |                        |
#------------------------------------------------------------------------------------------------------------------------------------------------------------
      1      50   1046      ANK   1.00E+05  1.00  0.045   4.4279331433756827E-02   8.8510672325010908E-01   3.2849084692136259E-02   1.6640801557285579E+02 
      1      51   1069      ANK   1.00E+05  1.00  0.049   3.9017965601807245E-02   8.8509423581665803E-01   3.2843037080884055E-02   1.4640381711889967E+02 
      1      52   1092      ANK   1.00E+05  1.00  0.049   3.4290931915707569E-02   8.8506803757455765E-01   3.2845876372509755E-02   1.2833200432136670E+02 
      1      53   1115      ANK   1.00E+05  1.00  0.047   3.3539598938767096E-02   8.8503719223792632E-01   3.2844335283144489E-02   1.2384229349332563E+02 
      1      54   1137      ANK   1.00E+05  1.00  0.049   3.4096484508557186E-02   8.8506570345490021E-01   3.2839392371202904E-02   1.2422461201630341E+02 
      1      55   1159      ANK   1.00E+05  1.00  0.046   2.8009304102050485E-02   8.8502964889797864E-01   3.2843033472207614E-02   1.0231150127603772E+02 
      1      56   1177     *ANK   1.00E+05  1.00  0.047   2.5216447713037098E-02   8.8502334150753004E-01   3.2844312983093552E-02   9.1862574782313402E+01 
      1      57   1194      ANK   1.00E+05  1.00  0.048   2.0949342898911705E-02   8.8498901691401710E-01   3.2842497899288399E-02   7.6533432849951751E+01 
      1      58   1211      ANK   1.00E+05  1.00  0.050   2.0332224751905988E-02   8.8499238149538473E-01   3.2844379964562111E-02   7.3844468392828375E+01 
      1      59   1227      ANK   1.00E+05  1.00  0.049   1.8246096202522721E-02   8.8498958486222778E-01   3.2841901219453441E-02   6.6145087486176124E+01 
      1      60   1243      ANK   1.00E+05  1.00  0.049   1.5862700928726773E-02   8.8499301003951014E-01   3.2848064156792575E-02   5.7541786966239712E+01 
      1      61   1260      ANK   1.00E+05  1.00  0.045   1.5372494271768251E-02   8.8498311268648144E-01   3.2841633130855488E-02   5.5380420922201722E+01 
      1      62   1276      ANK   1.00E+05  1.00  0.048   1.1214743078739028E-02   8.8499436671767107E-01   3.2845247858315517E-02   4.0715532362767469E+01 
      1      63   1292     *ANK   1.00E+05  1.00  0.047   9.1388483202333743E-03   8.8497706604708593E-01   3.2844961733205412E-02   3.3196105853531208E+01 
      1      64   1308      ANK   1.00E+05  1.00  0.050   7.8674281172573853E-03   8.8497210047276642E-01   3.2845417608331040E-02   2.8541364600557571E+01 
      1      65   1325      ANK   1.00E+05  1.00  0.045   7.8446246390389517E-03   8.8497724827835023E-01   3.2844943419695793E-02   2.8232965074724870E+01 
      1      66   1342      ANK   1.00E+05  1.00  0.044   6.7609356045559123E-03   8.8498321794404566E-01   3.2845091552144406E-02   2.4317551423764655E+01 
      1      67   1359      ANK   1.00E+05  1.00  0.049   5.8231793801972161E-03   8.8497963675961611E-01   3.2845164742112166E-02   2.0945221834677206E+01 
#
# Writing grid file(s):
#    output/wing_000_vol.cgns
# Grid file(s) written
#
#
# Writing volume solution file(s):
#    output/wing_000_vol.cgns
# Volume solution file(s) written
#
#
# Writing surface solution file(s):
#    output/wing_000_surf.cgns
# Surface solution file(s) written
#
#
# Writing slices file(s): 
#    output/wing_000_slices.dat
# Slices file(s) written
#
#
# Writing lift distribution file(s):
#    output/wing_000_lift.dat
# Lift distribution file(s) written
#
#
# Writing tecplot surface file(s):
#    output/wing_000_surf.plt
# Tecplot surface file(s) written
#
+-------------------------------------------------+
|
| Solution Timings:
|
| Set AeroProblem Time          :      0.017 sec
| Solution Time                 :    352.189 sec
| Write Solution Time           :      0.425 sec
| Stability Parameter Time      :      0.000 sec
|
| Total Call Time               :    352.631 sec
+--------------------------------------------------+
-> Alpha... 1.800000 
+---------------------------------------------------+
|
| Function Timings:
|
| Function AeroProblem Time     :      0.001 sec
| Function Evaluation Time      :      0.000 sec
| User Function Evaluation Time :      0.000 sec
|
| Total Function Evaluation Time:      0.002 sec
+--------------------------------------------------+
{'wing_cd': 0.03284516474211216, 'wing_cl': 0.8849796367596159}
 
================ ANK Profiling Report (MPI max/avg) ================
Wall-clock interpretation: use max_* as the primary parallel metric.
Comm columns only include directly measured communication timings.
 
1. ANKStep major sections
name                                           calls    max_total     avg_total    max_compute   avg_compute   max_comm      avg_comm
                                   ANKStep_total      871   3.5180E+02   3.5159E+02   3.4632E+02   3.4258E+02   1.2578E+01   9.0086E+00
                              computeTimeStepMat      871   2.8505E+00   2.8504E+00   2.7521E+00   2.6231E+00   3.5371E-01   2.2729E-01
                           FormJacobianANK_total      182   2.8321E+01   2.8319E+01   2.8178E+01   2.6694E+01   2.4842E+00   1.6250E+00
              -->FormJacobianANK_residuals_total      182   2.7353E+01   2.7199E+01   2.6947E+01   2.5574E+01   2.4842E+00   1.6250E+00
                                -->PCSetup_total      182   3.1568E-01   3.1137E-01   3.1568E-01   3.1138E-01   0.0000E+00   0.0000E+00
                              KSPSolve_ANK_total      871   2.9923E+02   2.9792E+02   2.9480E+02   2.9149E+02   9.7083E+00   6.4285E+00
                      -->MatMult_in_KSPSolve_ANK    15925   9.3608E+01   8.9219E+01   8.8791E+01   8.2791E+01   9.7083E+00   6.4285E+00
                       -->outside_KSPSolve_total      871   5.6842E+00   5.1551E+00   5.6842E+00   5.1551E+00   0.0000E+00   0.0000E+00
                 -->MatMult_outside_KSPSolve_ANK      871   5.6088E+00   5.0805E+00   5.3453E+00   4.7398E+00   5.1577E-01   3.4073E-01
                         -->matrixAssembly_total      871   5.0811E-04   3.6087E-04   5.0811E-04   3.6087E-04   0.0000E+00   0.0000E+00
                            -->physicality_total      871   2.2575E+00   9.3368E-01   2.2575E+00   9.3368E-01   0.0000E+00   0.0000E+00
                            -->stateUpdate_total      871   4.1727E-01   3.1681E-01   4.1727E-01   3.1681E-01   0.0000E+00   0.0000E+00
                                -->vecNorm_total     1742   7.9550E-01   2.7909E-01   7.9550E-01   2.7909E-01   0.0000E+00   0.0000E+00
                              ANK_localOps_total        0   8.2347E+00   7.0818E+00   8.2347E+00   7.0818E+00   0.0000E+00   0.0000E+00
                     computeUnsteadyResANK_total      871   5.6165E+00   5.3677E+00   5.3614E+00   5.0212E+00   5.6298E-01   3.4648E-01
  -->computeUnsteadyResANK_timeStepMatMult_total      871   3.7634E-01   2.5289E-01   3.7634E-01   2.5289E-01   0.0000E+00   0.0000E+00
           -->computeUnsteadyResANK_vecOps_total      871   2.8745E-01   2.3308E-01   2.8745E-01   2.3308E-01   0.0000E+00   0.0000E+00
                          -->ANKLineSearch_total        0   0.0000E+00   0.0000E+00   0.0000E+00   0.0000E+00   0.0000E+00   0.0000E+00
                         ANK_finalResidual_total      871   5.9787E+00   5.7043E+00   5.5192E+00   5.3229E+00   4.6494E-01   3.8136E-01
                            ANK_turbUpdate_total      871   4.4371E+00   4.3441E+00   4.4371E+00   4.3441E+00   0.0000E+00   0.0000E+00
 
1b. Parent closure check (avg columns, additive check)
sum(parent avg_total/avg_compute/avg_comm):   3.5159E+02   3.4258E+02   9.0086E+00
ANKStep avg_total/avg_compute/avg_comm:   3.5159E+02   3.4258E+02   9.0086E+00
difference (ANKStep - parent_sum):   9.1644E-04   9.1644E-04   0.0000E+00
 
2. Residual totals inside ANKStep
name                                           calls    max_total     avg_total    max_compute   avg_compute   max_comm      avg_comm
                       blocketteRes_total_in_ANK    18551   1.0403E+02   9.4290E+01   9.2811E+01   8.6787E+01   1.1223E+01   7.5027E+00
                     blocketteRes_compute_in_ANK    18551   9.2811E+01   8.6787E+01   9.2811E+01   8.6787E+01   0.0000E+00   0.0000E+00
                        blocketteRes_comm_in_ANK    18551   1.1223E+01   7.5027E+00   0.0000E+00   0.0000E+00   1.1223E+01   7.5027E+00
 
3. Residual totals by calling context
name                                           calls    max_total     avg_total    max_compute   avg_compute   max_comm      avg_comm
                 blocketteRes_in_FormJacobianANK        0   0.0000E+00   0.0000E+00   0.0000E+00   0.0000E+00   0.0000E+00   0.0000E+00
             blocketteRes_in_MatMult_in_KSPSolve    15925   8.8033E+01   7.9247E+01   7.8325E+01   7.2818E+01   9.7083E+00   6.4285E+00
        blocketteRes_in_MatMult_outside_KSPSolve      871   4.6986E+00   4.3742E+00   4.3220E+00   4.0335E+00   5.1577E-01   3.4073E-01
           blocketteRes_in_computeUnsteadyResANK      871   5.2359E+00   4.8812E+00   4.7851E+00   4.5347E+00   5.6298E-01   3.4648E-01
                   blocketteRes_in_ANKLineSearch        0   0.0000E+00   0.0000E+00   0.0000E+00   0.0000E+00   0.0000E+00   0.0000E+00
               blocketteRes_in_ANK_finalResidual      871   5.9786E+00   5.7041E+00   5.5190E+00   5.3227E+00   4.6494E-01   3.8136E-01
                  blocketteRes_in_ANK_turbUpdate        0   0.0000E+00   0.0000E+00   0.0000E+00   0.0000E+00   0.0000E+00   0.0000E+00
 
4. Key counters
n_ANKStep           871
n_FormJacobianANK           182
n_PCSetup_ANK           182
n_KSPSolve_ANK           871
n_GMRES_iter_ANK         15925
n_MatMult_ANK         16796
n_PCApply_ANK             0
n_GMRES_orthog_ANK             0
n_blocketteRes_total_in_ANK         18551
n_blocketteRes_in_FormJacobianANK             0
n_blocketteRes_in_MatMult_ANK         16796
n_blocketteRes_in_computeUnsteadyResANK           871
n_blocketteRes_in_ANKLineSearch             0
n_blocketteRes_in_ANK_finalResidual           871
n_whalo2_in_ANK         18551
=====================================================================
Generated Cumulative data file path: /home/mdo/MDOLab_3_v2/adflow- 2.12.2 dev 128/Run/results_bs_sweep/bs_2/results_smt_off_pure_mpi/np_13_omp_1/mem_np13_omp1.csv
