Warning: Option '--html' is not supported with '-C' option.
Profiling started.
[mdo-lab:3082402] MCW rank 0 bound to socket 0[core 0[hwt 0]]: [B/././././././././././././././.]
[mdo-lab:3082402] MCW rank 1 bound to socket 0[core 1[hwt 0]]: [./B/./././././././././././././.]
[mdo-lab:3082402] MCW rank 2 bound to socket 0[core 2[hwt 0]]: [././B/././././././././././././.]
[mdo-lab:3082402] MCW rank 3 bound to socket 0[core 3[hwt 0]]: [./././B/./././././././././././.]
[mdo-lab:3082402] MCW rank 4 bound to socket 0[core 4[hwt 0]]: [././././B/././././././././././.]
[mdo-lab:3082402] MCW rank 5 bound to socket 0[core 5[hwt 0]]: [./././././B/./././././././././.]
[mdo-lab:3082402] MCW rank 6 bound to socket 0[core 6[hwt 0]]: [././././././B/././././././././.]
[mdo-lab:3082402] MCW rank 7 bound to socket 0[core 7[hwt 0]]: [./././././././B/./././././././.]
[mdo-lab:3082402] MCW rank 8 bound to socket 0[core 8[hwt 0]]: [././././././././B/././././././.]
[mdo-lab:3082402] MCW rank 9 bound to socket 0[core 9[hwt 0]]: [./././././././././B/./././././.]
#
# ADflow, multiblock structured flow solver
#
# This code solves the 3D RANS, laminar NS or Euler equations
# on multiblock structured hexahedral grids.
# This is a parallel executable running on 10 processors.
# It has been compiled with the following options:
# - Optimized mode.
# - Size of standard integers: 4 bytes.
# - Size of standard floating point types: 8 bytes.
# - With cgns support
# - With support for signals.
#
+----------------------------------------+
|          All ADFLOW Options:           |
+----------------------------------------+
{'ADPC': False,
 'ANKADPC': False,
 'ANKAMGLevels': 2,
 'ANKAMGNSmooth': 1,
 'ANKASMOverlap': 1,
 'ANKASMOverlapCoarse': 0,
 'ANKCFL0': 5.0,
 'ANKCFLCutback': 0.5,
 'ANKCFLExponent': 0.5,
 'ANKCFLFactor': 10.0,
 'ANKCFLLimit': 100000.0,
 'ANKCFLMin': 1.0,
 'ANKCFLReset': True,
 'ANKCharTimeStepType': 'VLR',
 'ANKConstCFLStep': 0.4,
 'ANKCoupledSwitchTol': 1e-16,
 'ANKGlobalPreconditioner': 'additive Schwarz',
 'ANKInnerPreconIts': 1,
 'ANKInnerPreconItsCoarse': 1,
 'ANKJacobianLag': 10,
 'ANKLinResMax': 0.1,
 'ANKLinearSolveBuffer': 0.01,
 'ANKLinearSolveTol': 0.05,
 'ANKMaxIter': 40,
 'ANKNSubiterTurb': 1,
 'ANKOuterPreconIts': 1,
 'ANKPCILUFill': 2,
 'ANKPCILUFillCoarse': 0,
 'ANKPCUpdateCutoff': 1e-16,
 'ANKPCUpdateTol': 0.5,
 'ANKPCUpdateTolAfterCutoff': 0.0001,
 'ANKPhysicalLSTol': 0.2,
 'ANKPhysicalLSTolTurb': 0.99,
 'ANKSecondOrdSwitchTol': 1e-16,
 'ANKStepFactor': 1.0,
 'ANKStepMin': 0.01,
 'ANKSubspaceSize': -1,
 'ANKSwitchTol': 1000.0,
 'ANKTurbCFLScale': 1.0,
 'ANKTurbKSPDebug': False,
 'ANKUnsteadyLSTol': 1.0,
 'ANKUseApproxSA': False,
 'ANKUseFullVisc': True,
 'ANKUseMatrixFree': True,
 'ANKUseTurbDADI': True,
 'ASMOverlap': 1,
 'ASMOverlapCoarse': 0,
 'CFL': 1.7,
 'CFLCoarse': 1.0,
 'CFLLimit': 1.5,
 'GMRESOrthogonalizationType': 'modified Gram-Schmidt',
 'ILUFill': 2,
 'ILUFillCoarse': 0,
 'L2Convergence': 1e-05,
 'L2ConvergenceCoarse': 0.01,
 'L2ConvergenceRel': 1e-16,
 'MGCycle': 'sg',
 'MGStartLevel': -1,
 'NKADPC': False,
 'NKAMGLevels': 2,
 'NKAMGNSmooth': 1,
 'NKASMOverlap': 1,
 'NKASMOverlapCoarse': 0,
 'NKFixedStep': 0.25,
 'NKGlobalPreconditioner': 'additive Schwarz',
 'NKInnerPreconIts': 1,
 'NKInnerPreconItsCoarse': 1,
 'NKJacobianLag': 20,
 'NKLS': 'cubic',
 'NKLinearSolveTol': 0.3,
 'NKOuterPreconIts': 1,
 'NKPCILUFill': 2,
 'NKPCILUFillCoarse': 0,
 'NKSubspaceSize': 60,
 'NKSwitchTol': 1e-06,
 'NKUseEW': True,
 'NKViscPC': False,
 'RKReset': False,
 'SABCM_Const1': 0.002,
 'SABCM_Const2': 0.02,
 'SABCM_S0_tanh': 0.5,
 'SABCM_TU': 0.5,
 'SABCM_fsmooth': 0.08,
 'SABCM_maxsmooth': 50.0,
 'TSStability': False,
 'acousticScaleFactor': 0.08164,
 'adjointAMGLevels': 2,
 'adjointAMGNSmooth': 1,
 'adjointDivTol': 100000.0,
 'adjointL2Convergence': 1e-06,
 'adjointL2ConvergenceAbs': 1e-16,
 'adjointL2ConvergenceRel': 1e-16,
 'adjointMaxIter': 500,
 'adjointMaxL2DeviationFactor': 1.0,
 'adjointMonitorStep': 10,
 'adjointSolver': 'GMRES',
 'adjointSubspaceSize': 100,
 'alphaFollowing': True,
 'alphaMode': False,
 'altitudeMode': False,
 'applyAdjointPCSubspaceSize': 20,
 'applyPCSubspaceSize': 10,
 'approxPC': True,
 'backgroundVolScale': 1.0,
 'betaMode': False,
 'blockSplitting': True,
 'cavExponent': 0,
 'cavSensorOffset': 0.0,
 'cavSensorSharpness': 10.0,
 'cavitationNumber': 1.4,
 'closedSurfaceFamilies': None,
 'coarseDiscretization': 'central plus scalar dissipation',
 'computeCavitation': False,
 'computeSepSensorKs': False,
 'coupledSolution': False,
 'cpMinRho': 100.0,
 'cutCallback': None,
 'debugZipper': False,
 'deltaT': 0.01,
 'designSurfaceFamily': None,
 'discretization': 'central plus scalar dissipation',
 'dissContMagnitude': 1.0,
 'dissContMidpoint': 3.0,
 'dissContSharpness': 3.0,
 'dissipationLumpingParameter': 6.0,
 'dissipationScalingExponent': 0.67,
 'eddyVisInfRatio': 0.009,
 'equationMode': 'steady',
 'equationType': 'RANS',
 'eulerWallTreatment': 'linear pressure extrapolation',
 'explicitSurfaceCallback': None,
 'firstRun': True,
 'flowType': 'external',
 'forcesAsTractions': True,
 'frozenTurbulence': False,
 'globalPreconditioner': 'additive Schwarz',
 'gridFile': 'vmesh_L2.cgns',
 'gridPrecision': 'double',
 'gridPrecisionSurface': 'single',
 'infChangeCorrection': True,
 'infChangeCorrectionTol': 1e-12,
 'infChangeCorrectionType': 'offset',
 'innerPreconIts': 1,
 'innerPreconItsCoarse': 1,
 'isoVariables': [],
 'isosurface': {},
 'liftIndex': 3,
 'limiter': 'van Albada',
 'loadBalanceIter': 10,
 'loadImbalance': 0.1,
 'localPreconditioner': 'ILU',
 'lowSpeedPreconditioner': False,
 'machMode': False,
 'matrixOrdering': 'RCM',
 'maxL2DeviationFactor': 1.0,
 'meshMaxSkewness': 1.0,
 'meshSurfaceFamily': None,
 'monitorVariables': ['resrho', 'cl', 'cd'],
 'nCycles': 10000,
 'nCyclesCoarse': 500,
 'nFloodIter': -1,
 'nRKReset': 5,
 'nRefine': 10,
 'nSaveSurface': 1,
 'nSaveVolume': 1,
 'nSubiter': 1,
 'nSubiterTurb': 3,
 'nTimeStepsCoarse': 48,
 'nTimeStepsFine': 400,
 'nearWallDist': 0.1,
 'numberSolutions': True,
 'outerPreconIts': 3,
 'outputDirectory': 'output',
 'outputSurfaceFamily': 'allSurfaces',
 'overlapFactor': 0.9,
 'oversetDebugPrint': False,
 'oversetLoadBalance': True,
 'oversetPriority': {},
 'oversetProjTol': 1e-12,
 'oversetUpdateMode': 'frozen',
 'pMode': False,
 'partitionLikeNProc': -1,
 'partitionOnly': False,
 'preconditionerSide': 'right',
 'printAllOptions': True,
 'printBadlySkewedCells': False,
 'printIntro': True,
 'printIterations': True,
 'printNegativeVolumes': False,
 'printTiming': True,
 'printWarnings': True,
 'qMode': False,
 'rMode': False,
 'recomputeOverlapMatrix': True,
 'resAveraging': 'alternate',
 'restartAdjoint': True,
 'restartFile': None,
 'restrictionRelaxation': 0.8,
 'selfZipCutoff': 120.0,
 'sepSensorKsOffset': 0.0,
 'sepSensorKsPhi': 90.0,
 'sepSensorKsRho': 1000.0,
 'sepSensorKsSharpness': 25.0,
 'sepSensorOffset': 0.0,
 'sepSensorSharpness': 10.0,
 'setMonitor': True,
 'skipAfterFailedAdjoint': True,
 'smoothParameter': 1.5,
 'smoother': 'DADI',
 'solutionPrecision': 'single',
 'solutionPrecisionSurface': 'single',
 'storeConvHist': True,
 'storeRindLayer': True,
 'surfaceVariables': ['rho',
                      'p',
                      'vx',
                      'vy',
                      'vz',
                      'cp',
                      'mach',
                      'cf',
                      'cfx',
                      'cfy',
                      'cfz',
                      'yplus',
                      'blank'],
 'timeAccuracy': 2,
 'timeIntegrationScheme': 'BDF',
 'timeIntervals': 1,
 'timeLimit': -1.0,
 'turbResScale': 10000.0,
 'turbulenceModel': 'SA',
 'turbulenceOrder': 'first order',
 'turbulenceProduction': 'strain',
 'updateWallAssociations': False,
 'useALE': True,
 'useANKSolver': True,
 'useApproxWallDistance': True,
 'useBlockettes': True,
 'useDiagTSPC': True,
 'useDissContinuation': False,
 'useExternalDynamicMesh': False,
 'useGridMotion': False,
 'useLinResMonitor': False,
 'useMatrixFreedrdw': True,
 'useNKSolver': True,
 'useOversetWallScaling': False,
 'useQCR': False,
 'useRotationSA': False,
 'useSkewnessCheck': False,
 'useTSInterpolatedGridVelocity': False,
 'useWallFunctions': False,
 'useZipperMesh': True,
 'use_SABCM': False,
 'useft2SA': True,
 'verifyExtra': True,
 'verifySpatial': True,
 'verifyState': True,
 'vis2': 0.25,
 'vis2Coarse': 0.5,
 'vis4': 0.0156,
 'viscPC': False,
 'viscWallTreatment': 'constant pressure extrapolation',
 'viscousSurfaceVelocities': True,
 'volumeVariables': ['vort',
                     'vortx',
                     'vorty',
                     'vortz',
                     'cp',
                     'mach',
                     'macht',
                     'eddy',
                     'eddyratio',
                     'resrho',
                     'rhoe',
                     'resturb',
                     'blank'],
 'wallDistCutoff': 1e+20,
 'windAxis': False,
 'writeSolutionDigits': 3,
 'writeSolutionEachIter': False,
 'writeSurfaceSolution': True,
 'writeTecplotSurfaceSolution': True,
 'writeVolumeSolution': True,
 'zipperSurfaceFamily': None}
-> Alpha... 0.000000 
#
#                      Warning
# It is assumed that the grid is given in meters.
#
#
# Specified load imbalance tolerance 0.100 achieved.
# Continuing with 0.084 load imbalance for the cells and 0.097 for the faces
#
#
# Grid level: 1, Total number of cells: 943104
#
+--------------------------------------------------+
  CGNS Surface Families by Boundary Condition Type
+--------------------------------------------------+
| Wall Types           : wing 
| Inflow Types         : 
| Outflow Types        : 
| Symmetry Types       : sym 
| Farfield Types       : far 
| Overset Types        : 
+--------------------------------------------------+
+--------------------------------------------------+
|
| Initialization Times:
|
| Library Load Time             :      0.019 sec
| Set Defaults Time             :      0.001 sec
| Base Class Init Time          :      0.001 sec
| Introductory Time             :      0.014 sec
| Partitioning Time             :      0.011 sec
| Preprocessing Time            :      1.518 sec
| Family Setup Time             :      0.000 sec
| Cut Callback Time             :      0.000 sec
| Explicit Surface Cut Time     :      0.000 sec
| Overset Preprocessing Time    :      0.001 sec
| Initialize Flow Time          :      0.035 sec
|
| Total Init Time               :      1.600 sec
+--------------------------------------------------+

+------------------------------------------------------------------------------+
| pyADFLOW Warning: 'zipperSurfaceFamily' option was not given. Using all wall |
| boundary conditions for the zipper mesh.                                     |
+------------------------------------------------------------------------------+

+----------------------------------------------------------------------+
|  Switching to Aero Problem: wing                                     |
+----------------------------------------------------------------------+
-> Alpha... 1.800000 
+----------------------------------------+
|      All Modified ADFLOW Options:      |
+----------------------------------------+
{'ANKCharTimeStepType': 'VLR',
 'L2Convergence': 1e-05,
 'NKSwitchTol': 1e-06,
 'acousticScaleFactor': 0.08164,
 'gridFile': 'vmesh_L2.cgns',
 'liftIndex': 3,
 'monitorVariables': ['resrho', 'cl', 'cd'],
 'nCycles': 10000,
 'outputDirectory': 'output',
 'surfaceVariables': ['rho',
                      'p',
                      'vx',
                      'vy',
                      'vz',
                      'cp',
                      'mach',
                      'cf',
                      'cfx',
                      'cfy',
                      'cfz',
                      'yplus',
                      'blank'],
 'turbResScale': 10000.0,
 'useNKSolver': True,
 'volumeVariables': ['vort',
                     'vortx',
                     'vorty',
                     'vortz',
                     'cp',
                     'mach',
                     'macht',
                     'eddy',
                     'eddyratio',
                     'resrho',
                     'rhoe',
                     'resturb',
                     'blank'],
 'writeTecplotSurfaceSolution': True}
 saSource inputPhysics values:
   useft2SA       =  T
   useRotationSA  =  F
   turbProd       =            1
   equations      =            3
   use_SABCM      =  F
   SABCM_Const1   =    2.0000000000000000E-003
   SABCM_Const2   =    2.0000000000000000E-002
   SABCM_TU       =   0.50000000000000000     
   SABCM_S0_tanh  =   0.50000000000000000     
   SABCM_fsmooth  =    8.0000000000000002E-002
   SABCM_maxsmooth=    50.000000000000000     
 saSource inputPhysics values:
   useft2SA       =  T
   useRotationSA  =  F
   turbProd       =            1
   equations      =            3
   use_SABCM      =  F
   SABCM_Const1   =    2.0000000000000000E-003
   SABCM_Const2   =    2.0000000000000000E-002
   SABCM_TU       =   0.50000000000000000     
   SABCM_S0_tanh  =   0.50000000000000000     
   SABCM_fsmooth  =    8.0000000000000002E-002
   SABCM_maxsmooth=    50.000000000000000     
 saSource inputPhysics values:
   useft2SA       =  T
   useRotationSA  =  F
   turbProd       =            1
   equations      =            3
   use_SABCM      =  F
   SABCM_Const1   =    2.0000000000000000E-003
   SABCM_Const2   =    2.0000000000000000E-002
   SABCM_TU       =   0.50000000000000000     
   SABCM_S0_tanh  =   0.50000000000000000     
   SABCM_fsmooth  =    8.0000000000000002E-002
   SABCM_maxsmooth=    50.000000000000000     
 saSource inputPhysics values:
   useft2SA       =  T
   useRotationSA  =  F
   turbProd       =            1
   equations      =            3
   use_SABCM      =  F
   SABCM_Const1   =    2.0000000000000000E-003
   SABCM_Const2   =    2.0000000000000000E-002
   SABCM_TU       =   0.50000000000000000     
   SABCM_S0_tanh  =   0.50000000000000000     
   SABCM_fsmooth  =    8.0000000000000002E-002
   SABCM_maxsmooth=    50.000000000000000     
 saSource inputPhysics values:
   useft2SA       =  T
   useRotationSA  =  F
   turbProd       =            1
   equations      =            3
   use_SABCM      =  F
   SABCM_Const1   =    2.0000000000000000E-003
   SABCM_Const2   =    2.0000000000000000E-002
   SABCM_TU       =   0.50000000000000000     
   SABCM_S0_tanh  =   0.50000000000000000     
   SABCM_fsmooth  =    8.0000000000000002E-002
   SABCM_maxsmooth=    50.000000000000000     
 saSource inputPhysics values:
   useft2SA       =  T
   useRotationSA  =  F
   turbProd       =            1
   equations      =            3
   use_SABCM      =  F
   SABCM_Const1   =    2.0000000000000000E-003
   SABCM_Const2   =    2.0000000000000000E-002
   SABCM_TU       =   0.50000000000000000     
   SABCM_S0_tanh  =   0.50000000000000000     
   SABCM_fsmooth  =    8.0000000000000002E-002
   SABCM_maxsmooth=    50.000000000000000     
 saSource inputPhysics values:
   useft2SA       =  T
   useRotationSA  =  F
   turbProd       =            1
   equations      =            3
   use_SABCM      =  F
   SABCM_Const1   =    2.0000000000000000E-003
   SABCM_Const2   =    2.0000000000000000E-002
   SABCM_TU       =   0.50000000000000000     
   SABCM_S0_tanh  =   0.50000000000000000     
   SABCM_fsmooth  =    8.0000000000000002E-002
   SABCM_maxsmooth=    50.000000000000000     
 saSource inputPhysics values:
   useft2SA       =  T
   useRotationSA  =  F
   turbProd       =            1
   equations      =            3
   use_SABCM      =  F
   SABCM_Const1   =    2.0000000000000000E-003
   SABCM_Const2   =    2.0000000000000000E-002
   SABCM_TU       =   0.50000000000000000     
   SABCM_S0_tanh  =   0.50000000000000000     
   SABCM_fsmooth  =    8.0000000000000002E-002
   SABCM_maxsmooth=    50.000000000000000     
 saSource inputPhysics values:
   useft2SA       =  T
   useRotationSA  =  F
   turbProd       =            1
   equations      =            3
   use_SABCM      =  F
   SABCM_Const1   =    2.0000000000000000E-003
   SABCM_Const2   =    2.0000000000000000E-002
   SABCM_TU       =   0.50000000000000000     
   SABCM_S0_tanh  =   0.50000000000000000     
   SABCM_fsmooth  =    8.0000000000000002E-002
   SABCM_maxsmooth=    50.000000000000000     
 saSource inputPhysics values:
   useft2SA       =  T
   useRotationSA  =  F
   turbProd       =            1
   equations      =            3
   use_SABCM      =  F
   SABCM_Const1   =    2.0000000000000000E-003
   SABCM_Const2   =    2.0000000000000000E-002
   SABCM_TU       =   0.50000000000000000     
   SABCM_S0_tanh  =   0.50000000000000000     
   SABCM_fsmooth  =    8.0000000000000002E-002
   SABCM_maxsmooth=    50.000000000000000     
#
# Grid 1: Performing 10000 iterations, unless converged earlier. Minimum required iteration before NK switch:      5. Switch to NK at totalR of:   2.14E+00
#
#------------------------------------------------------------------------------------------------------------------------------------------------------------
#  Grid  | Iter | Iter |  Iter  |   CFL   | Step | Lin  |        Res rho         |         C_lift         |        C_drag          |        totalRes        |
#  level |      | Tot  |  Type  |         |      | Res  |                        |                        |                        |                        |
#------------------------------------------------------------------------------------------------------------------------------------------------------------
      1       0      0     None     ----    ----   ----   6.0530406274369921E+02   9.3778675296777355E-03   4.6460427872661780E-01   2.1431787191375187E+06 
      1       1      4     *ANK   5.00E+00  1.00  0.027   4.5444927448695076E+01   2.8266601684758226E+00   2.3740497846682223E+00   1.7699279462855685E+05 
      1       2     13     *ANK   4.13E+01  1.00  0.048   1.4114290334768231E+01   7.7836136814535817E-01   3.8706943427489032E-01   5.0564032144409277E+04 
      1       3     26     *ANK   2.14E+02  1.00  0.042   1.1859427416348941E+01   4.7913519225721418E-01   7.3026381033355361E-02   4.3090523799207491E+04 
      1       4     37      ANK   2.14E+02  1.00  0.047   2.4242485401085969E+00   5.4966524071435707E-01   6.4500393370991574E-02   8.5769533589141593E+03 
      1       5     54     *ANK   1.45E+03  1.00  0.043   2.9263167845903530E+00   6.9327979027760789E-01   5.4746820288169205E-02   1.0478772479644173E+04 
      1       6     72      ANK   1.45E+03  1.00  0.050   1.5378043049652137E+00   7.5396916902599931E-01   5.2675864482905760E-02   5.6257353865154391E+03 
      1       7     96      ANK   1.45E+03  1.00  0.048   1.1269274372946088E+00   8.3176004318931396E-01   4.6614116576581745E-02   4.0759642780269796E+03 
      1       8    115     *ANK   4.85E+03  1.00  0.048   1.7259377224318866E+00   8.8244561400651012E-01   4.0137298323403944E-02   6.1506262041265227E+03 
      1       9    131      ANK   4.85E+03  1.00  0.050   1.0047947920649003E+00   8.9389932686718021E-01   3.9598126550020110E-02   3.5655223130023237E+03 
      1      10    157      ANK   4.85E+03  1.00  0.048   2.2081770654039308E+00   9.2174762012295708E-01   3.6649050578899528E-02   7.8185862494753892E+03 
      1      11    168      ANK   4.85E+03  1.00  0.049   5.9616116546116349E-01   9.2377686865711028E-01   3.7261815542623547E-02   2.1215430903836750E+03 
      1      12    210      ANK   4.85E+03  1.00  0.050   2.8066555761446024E+00   9.3461207786461309E-01   3.5287890608505970E-02   9.9312704087880829E+03 
      1      13    217     *ANK   4.85E+03  1.00  0.043   6.9341814407988112E-01   9.3422870542429337E-01   3.5899265114723591E-02   2.4585346577788468E+03 
      1      14    233     *ANK   2.74E+04  1.00  0.047   8.1683453850271692E-01   9.3405992833406493E-01   3.5618465794999346E-02   2.8924994591712043E+03 
      1      15    251      ANK   2.74E+04  1.00  0.048   7.1416200771220772E-01   9.3253401983801631E-01   3.5369040430120298E-02   2.5282006130734271E+03 
      1      16    268      ANK   2.74E+04  1.00  0.049   6.6270719321148364E-01   9.3003419116645747E-01   3.5038462688998157E-02   2.3452957972497238E+03 
      1      17    288      ANK   2.74E+04  1.00  0.046   5.8788122429555412E-01   9.2683397534687573E-01   3.4531311590167618E-02   2.0811951807157161E+03 
      1      18    310      ANK   2.74E+04  1.00  0.047   6.2053262017225808E-01   9.2222188242475223E-01   3.4055446024592678E-02   2.1963185524092778E+03 
      1      19    332      ANK   2.74E+04  1.00  0.047   6.6952021798405636E-01   9.1661907732107895E-01   3.3750077960080803E-02   2.3693573864188993E+03 
      1      20    352      ANK   2.74E+04  1.00  0.049   6.2061769634331398E-01   9.1217476109089879E-01   3.3399849076682517E-02   2.1964287277688441E+03 
      1      21    373      ANK   2.74E+04  1.00  0.048   6.4191380878689008E-01   9.0750903950754580E-01   3.3172687742708644E-02   2.2715806410871915E+03 
      1      22    393      ANK   2.74E+04  1.00  0.048   5.2369866454664959E-01   9.0379795563163334E-01   3.2973691818228137E-02   1.8538847621486709E+03 
      1      23    414      ANK   2.74E+04  1.00  0.050   5.8209346728535327E-01   8.9960207063924225E-01   3.2856857577169225E-02   2.0603762248920702E+03 
      1      24    423     *ANK   3.98E+04  1.00  0.044   3.9657017889822777E-01   8.9728820581465252E-01   3.2841695150383564E-02   1.4053769433782695E+03 
      1      25    442      ANK   3.98E+04  1.00  0.046   6.6382229735645049E-01   8.9454525424183384E-01   3.2678186524398925E-02   2.3492672546092385E+03 
      1      26    455      ANK   3.98E+04  1.00  0.048   3.8017977178144868E-01   8.9287172376387880E-01   3.2699333715416376E-02   1.3473139066471044E+03 
      1      27    475      ANK   3.98E+04  1.00  0.048   5.2774244959648597E-01   8.9087552460269870E-01   3.2761900196909888E-02   1.8684072424808542E+03 
      1      28    490      ANK   3.98E+04  1.00  0.050   3.3754080272131365E-01   8.8983836908032410E-01   3.2750340854931961E-02   1.1964463149101211E+03 
      1      29    514      ANK   3.98E+04  1.00  0.048   5.4428084303870095E-01   8.8822282397567121E-01   3.2905284084867724E-02   1.9267175335580794E+03 
      1      30    527      ANK   3.98E+04  1.00  0.048   3.9230571085809146E-01   8.8798927531374605E-01   3.2729055441670422E-02   1.3895381147464420E+03 
      1      31    545      ANK   3.98E+04  1.00  0.050   4.2923355291383292E-01   8.8710187193835843E-01   3.2779593968544338E-02   1.5198155115692891E+03 
      1      32    561      ANK   3.98E+04  1.00  0.049   3.1252564693704643E-01   8.8692118467853787E-01   3.2878766555007349E-02   1.1073071023193686E+03 
      1      33    584      ANK   3.98E+04  1.00  0.049   4.0097571414164801E-01   8.8650729161330655E-01   3.2883104192876302E-02   1.4199036194246614E+03 
      1      34    592     *ANK   8.15E+04  1.00  0.045   2.1368167226101520E-01   8.8656924195699360E-01   3.2878585212210897E-02   7.5823625872012303E+02 
      1      35    614      ANK   8.15E+04  1.00  0.050   2.8706214293639620E-01   8.8606140571959802E-01   3.2873350420211528E-02   1.0171613772160405E+03 
      1      36    624      ANK   8.15E+04  1.00  0.049   1.8529307396990474E-01   8.8621195707698830E-01   3.2875697970945833E-02   6.5757622579183374E+02 
      1      37    648     *ANK   1.00E+05  1.00  0.050   2.5949213583498676E-01   8.8604315321290639E-01   3.2834869772939826E-02   9.1957765910808041E+02 
      1      38    658      ANK   1.00E+05  1.00  0.048   1.7310004767088555E-01   8.8620071994003158E-01   3.2902646922481502E-02   6.1417803090848031E+02 
      1      39    675      ANK   1.00E+05  1.00  0.049   1.8052521212380762E-01   8.8599038706906319E-01   3.2846667218552610E-02   6.4032471510549624E+02 
      1      40    688      ANK   1.00E+05  1.00  0.048   1.4744460359765299E-01   8.8589636162236118E-01   3.2869746352932890E-02   5.2339018129776878E+02 
      1      41    708      ANK   1.00E+05  1.00  0.049   1.4375897492678355E-01   8.8628185838370666E-01   3.2860333151866643E-02   5.1067031023282493E+02 
      1      42    723      ANK   1.00E+05  1.00  0.047   9.9399712628107817E-02   8.8629932196292760E-01   3.2847464140502908E-02   3.5395964927031719E+02 
      1      43    745      ANK   1.00E+05  1.00  0.049   8.8599826098209503E-02   8.8606150538242923E-01   3.2846051614940891E-02   3.1631281796831291E+02 
      1      44    760     *ANK   1.00E+05  1.00  0.049   7.3149590295733952E-02   8.8610501082963222E-01   3.2811688051546446E-02   2.6119762715815045E+02 
      1      45    777      ANK   1.00E+05  1.00  0.047   6.6169870629563712E-02   8.8570778428342289E-01   3.2853215651057477E-02   2.3633750694303976E+02 
      1      46    799      ANK   1.00E+05  1.00  0.049   7.2532286199007034E-02   8.8579994213615365E-01   3.2817435226287626E-02   2.5812911269147298E+02 
      1      47    841      ANK   1.00E+05  1.00  0.046   8.9082468497222844E-02   8.8545060836445699E-01   3.2852645586643442E-02   3.1780662991816649E+02 
      1      48    865      ANK   1.00E+05  1.00  0.049   5.3598125925127277E-02   8.8550551985827164E-01   3.2863449703155384E-02   1.9202432125833758E+02 
      1      49    906      ANK   1.00E+05  1.00  0.050   9.5217665905503970E-02   8.8508949144486826E-01   3.2850262624272000E-02   3.4347177218402203E+02 
#------------------------------------------------------------------------------------------------------------------------------------------------------------
#  Grid  | Iter | Iter |  Iter  |   CFL   | Step | Lin  |        Res rho         |         C_lift         |        C_drag          |        totalRes        |
#  level |      | Tot  |  Type  |         |      | Res  |                        |                        |                        |                        |
#------------------------------------------------------------------------------------------------------------------------------------------------------------
      1      50    929      ANK   1.00E+05  1.00  0.049   4.9517411973887926E-02   8.8535444939818519E-01   3.2870516980878721E-02   1.8111606445278466E+02 
      1      51    966      ANK   1.00E+05  1.00  0.049   7.3658948081198106E-02   8.8499340109755031E-01   3.2884202448424965E-02   2.6799708975394310E+02 
      1      52    992      ANK   1.00E+05  1.00  0.049   6.0864453900467123E-02   8.8544740834639790E-01   3.2798132300588811E-02   2.2116873808377889E+02 
      1      53   1019      ANK   1.00E+05  1.00  0.048   4.7873733790204626E-02   8.8529133734054821E-01   3.2864106071405143E-02   1.7586810513099547E+02 
      1      54   1042     *ANK   1.00E+05  1.00  0.044   5.5012072984384729E-02   8.8515820531488432E-01   3.2881210828120865E-02   1.9942145510934853E+02 
      1      55   1062      ANK   1.00E+05  1.00  0.046   5.4671341261362548E-02   8.8542528363938455E-01   3.2837303775371800E-02   1.9673884262993107E+02 
      1      56   1082      ANK   1.00E+05  1.00  0.049   4.1374829931231941E-02   8.8517351173644909E-01   3.2853761059625473E-02   1.4958200914643623E+02 
      1      57   1103      ANK   1.00E+05  1.00  0.045   3.7486096065854159E-02   8.8505041014676000E-01   3.2839373647972556E-02   1.3514626734961942E+02 
      1      58   1123      ANK   1.00E+05  1.00  0.049   3.9961908334849520E-02   8.8519706099423190E-01   3.2850686569582496E-02   1.4322776325311165E+02 
      1      59   1140      ANK   1.00E+05  1.00  0.049   2.9432634427280880E-02   8.8517215103793245E-01   3.2863227563986706E-02   1.0601067885783419E+02 
      1      60   1160      ANK   1.00E+05  1.00  0.049   2.6975034972386371E-02   8.8500516378121163E-01   3.2863459554912045E-02   9.6982714978557212E+01 
      1      61   1177      ANK   1.00E+05  1.00  0.046   3.2721640607504668E-02   8.8500508178444592E-01   3.2839542870308776E-02   1.1683588865164232E+02 
      1      62   1190      ANK   1.00E+05  1.00  0.046   2.6459773218798350E-02   8.8489537914955751E-01   3.2856786387284322E-02   9.4666486988964920E+01 
      1      63   1205      ANK   1.00E+05  1.00  0.050   1.9890450053051126E-02   8.8509796918789740E-01   3.2867785636551322E-02   7.1449176163467200E+01 
      1      64   1222     *ANK   1.00E+05  1.00  0.045   2.7785391282789298E-02   8.8501866338859791E-01   3.2849613234753397E-02   9.8807110447399623E+01 
      1      65   1233      ANK   1.00E+05  1.00  0.048   2.0525736864080400E-02   8.8517754266673454E-01   3.2846182899777782E-02   7.3267794270610480E+01 
      1      66   1246      ANK   1.00E+05  1.00  0.049   1.3671840059761315E-02   8.8499716983823562E-01   3.2860168460437461E-02   4.8960052065837047E+01 
      1      67   1261      ANK   1.00E+05  1.00  0.049   1.4971743340204759E-02   8.8498478012170978E-01   3.2834949736551856E-02   5.3380972490430558E+01 
      1      68   1276      ANK   1.00E+05  1.00  0.043   1.3653531750728670E-02   8.8500794384415338E-01   3.2857522649514755E-02   4.8607006933341900E+01 
      1      69   1288      ANK   1.00E+05  1.00  0.048   1.6277286711546209E-02   8.8505785184148178E-01   3.2848620563882228E-02   5.7826359413499233E+01 
      1      70   1298      ANK   1.00E+05  1.00  0.048   1.5012874285707866E-02   8.8501013744589541E-01   3.2839219262597204E-02   5.3227753984668979E+01 
      1      71   1307      ANK   1.00E+05  1.00  0.043   1.1427403273167146E-02   8.8501331409942730E-01   3.2855706689813795E-02   4.0567356002240921E+01 
      1      72   1320      ANK   1.00E+05  1.00  0.049   1.5447993113815945E-02   8.8497133605460143E-01   3.2845176967692104E-02   5.4848757097566192E+01 
      1      73   1329      ANK   1.00E+05  1.00  0.045   1.5761336744456983E-02   8.8507194270198764E-01   3.2845370151816641E-02   5.5801871800145989E+01 
      1      74   1336     *ANK   1.00E+05  1.00  0.048   8.4812367842143875E-03   8.8497384678376800E-01   3.2852668503232096E-02   3.0128796662169478E+01 
      1      75   1350      ANK   1.00E+05  1.00  0.047   7.5309831405095595E-03   8.8502294499148881E-01   3.2850793761651398E-02   2.6835908637833636E+01 
      1      76   1365     *ANK   1.00E+05  1.00  0.049   5.8985853369027509E-03   8.8503979711005265E-01   3.2846848292884645E-02   2.1081530940963813E+01 
#
# Writing grid file(s):
#    output/wing_000_vol.cgns
# Grid file(s) written
#
#
# Writing volume solution file(s):
#    output/wing_000_vol.cgns
# Volume solution file(s) written
#
#
# Writing surface solution file(s):
#    output/wing_000_surf.cgns
# Surface solution file(s) written
#
#
# Writing slices file(s): 
#    output/wing_000_slices.dat
# Slices file(s) written
#
#
# Writing lift distribution file(s):
#    output/wing_000_lift.dat
# Lift distribution file(s) written
#
#
# Writing tecplot surface file(s):
#    output/wing_000_surf.plt
# Tecplot surface file(s) written
#
+-------------------------------------------------+
|
| Solution Timings:
|
| Set AeroProblem Time          :      0.012 sec
| Solution Time                 :    314.112 sec
| Write Solution Time           :      0.412 sec
| Stability Parameter Time      :      0.000 sec
|
| Total Call Time               :    314.536 sec
+--------------------------------------------------+
-> Alpha... 1.800000 
+---------------------------------------------------+
|
| Function Timings:
|
| Function AeroProblem Time     :      0.002 sec
| Function Evaluation Time      :      0.000 sec
| User Function Evaluation Time :      0.000 sec
|
| Total Function Evaluation Time:      0.002 sec
+--------------------------------------------------+
{'wing_cd': 0.03284684829288463, 'wing_cl': 0.8850397971100527}
 
================ ANK Profiling Report (MPI max/avg) ================
Wall-clock interpretation: use max_* as the primary parallel metric.
Comm columns only include directly measured communication timings.
 
1. ANKStep major sections
name                                           calls    max_total     avg_total    max_compute   avg_compute   max_comm      avg_comm
                                   ANKStep_total      760   3.1378E+02   3.1345E+02   3.0742E+02   3.0211E+02   2.0501E+01   1.1335E+01
                              computeTimeStepMat      760   4.0369E+00   4.0368E+00   3.9387E+00   3.7062E+00   9.0764E-01   3.3061E-01
                           FormJacobianANK_total      150   2.4114E+01   2.4112E+01   2.3949E+01   2.1945E+01   7.5239E+00   2.1669E+00
              -->FormJacobianANK_residuals_total      150   2.2854E+01   2.2697E+01   2.2615E+01   2.0530E+01   7.5239E+00   2.1669E+00
                                -->PCSetup_total      150   3.6905E-01   3.6128E-01   3.6905E-01   3.6128E-01   0.0000E+00   0.0000E+00
                              KSPSolve_ANK_total      760   2.6803E+02   2.6671E+02   2.6201E+02   2.5885E+02   1.2667E+01   7.8509E+00
                      -->MatMult_in_KSPSolve_ANK    12130   5.7719E+01   5.2221E+01   5.2403E+01   4.4370E+01   1.2667E+01   7.8509E+00
                       -->outside_KSPSolve_total      760   4.1216E+00   3.5976E+00   4.1216E+00   3.5976E+00   0.0000E+00   0.0000E+00
                 -->MatMult_outside_KSPSolve_ANK      760   4.0187E+00   3.5023E+00   3.6666E+00   3.0164E+00   5.9809E-01   4.8590E-01
                         -->matrixAssembly_total      760   4.6105E-04   3.4795E-04   4.6105E-04   3.4795E-04   0.0000E+00   0.0000E+00
                            -->physicality_total      760   6.2367E+00   1.5633E+00   6.2367E+00   1.5633E+00   0.0000E+00   0.0000E+00
                            -->stateUpdate_total      760   4.7736E-01   3.7080E-01   4.7736E-01   3.7080E-01   0.0000E+00   0.0000E+00
                                -->vecNorm_total     1520   1.4493E+00   4.2917E-01   1.4493E+00   4.2917E-01   0.0000E+00   0.0000E+00
                              ANK_localOps_total        0   1.0441E+01   6.3835E+00   1.0441E+01   6.3835E+00   0.0000E+00   0.0000E+00
                     computeUnsteadyResANK_total      760   3.6373E+00   3.3565E+00   3.2678E+00   2.8622E+00   8.4156E-01   4.9432E-01
  -->computeUnsteadyResANK_timeStepMatMult_total      760   3.8217E-01   2.8340E-01   3.8217E-01   2.8340E-01   0.0000E+00   0.0000E+00
           -->computeUnsteadyResANK_vecOps_total      760   3.1741E-01   2.5093E-01   3.1741E-01   2.5093E-01   0.0000E+00   0.0000E+00
                          -->ANKLineSearch_total        0   0.0000E+00   0.0000E+00   0.0000E+00   0.0000E+00   0.0000E+00   0.0000E+00
                         ANK_finalResidual_total      760   4.1513E+00   3.7945E+00   3.7187E+00   3.3026E+00   5.9641E-01   4.9191E-01
                            ANK_turbUpdate_total      760   5.0991E+00   5.0561E+00   5.0991E+00   5.0561E+00   0.0000E+00   0.0000E+00
 
1b. Parent closure check (avg columns, additive check)
sum(parent avg_total/avg_compute/avg_comm):   3.1345E+02   3.0211E+02   1.1335E+01
ANKStep avg_total/avg_compute/avg_comm:   3.1345E+02   3.0211E+02   1.1335E+01
difference (ANKStep - parent_sum):   9.1250E-04   9.1250E-04   1.7764E-15
 
2. Residual totals inside ANKStep
name                                           calls    max_total     avg_total    max_compute   avg_compute   max_comm      avg_comm
                       blocketteRes_total_in_ANK    14420   5.6563E+01   5.2332E+01   5.0133E+01   4.3002E+01   1.4685E+01   9.3299E+00
                     blocketteRes_compute_in_ANK    14420   5.0133E+01   4.3002E+01   5.0133E+01   4.3002E+01   0.0000E+00   0.0000E+00
                        blocketteRes_comm_in_ANK    14420   1.4685E+01   9.3299E+00   0.0000E+00   0.0000E+00   1.4685E+01   9.3299E+00
 
3. Residual totals by calling context
name                                           calls    max_total     avg_total    max_compute   avg_compute   max_comm      avg_comm
                 blocketteRes_in_FormJacobianANK        0   0.0000E+00   0.0000E+00   0.0000E+00   0.0000E+00   0.0000E+00   0.0000E+00
             blocketteRes_in_MatMult_in_KSPSolve    12130   4.6307E+01   4.2901E+01   4.0991E+01   3.5050E+01   1.2667E+01   7.8509E+00
        blocketteRes_in_MatMult_outside_KSPSolve      760   3.0497E+00   2.7650E+00   2.6976E+00   2.2791E+00   5.9809E-01   4.8590E-01
           blocketteRes_in_computeUnsteadyResANK      760   3.0052E+00   2.8216E+00   2.6775E+00   2.3273E+00   8.4156E-01   4.9432E-01
                   blocketteRes_in_ANKLineSearch        0   0.0000E+00   0.0000E+00   0.0000E+00   0.0000E+00   0.0000E+00   0.0000E+00
               blocketteRes_in_ANK_finalResidual      760   4.1512E+00   3.7943E+00   3.7185E+00   3.3024E+00   5.9641E-01   4.9191E-01
                  blocketteRes_in_ANK_turbUpdate        0   0.0000E+00   0.0000E+00   0.0000E+00   0.0000E+00   0.0000E+00   0.0000E+00
 
4. Key counters
n_ANKStep           760
n_FormJacobianANK           150
n_PCSetup_ANK           150
n_KSPSolve_ANK           760
n_GMRES_iter_ANK         12130
n_MatMult_ANK         12890
n_PCApply_ANK             0
n_GMRES_orthog_ANK             0
n_blocketteRes_total_in_ANK         14420
n_blocketteRes_in_FormJacobianANK             0
n_blocketteRes_in_MatMult_ANK         12890
n_blocketteRes_in_computeUnsteadyResANK           760
n_blocketteRes_in_ANKLineSearch             0
n_blocketteRes_in_ANK_finalResidual           760
n_whalo2_in_ANK         14420
=====================================================================
Generated Cumulative data file path: /home/mdo/MDOLab_3_v2/adflow- 2.12.2 dev 128/Run/results_bs_sweep/bs_16/results_smt_off_pure_mpi/np_10_omp_1/mem_np10_omp1.csv
