Warning: Option '--html' is not supported with '-C' option.
Profiling started.
[mdo-lab:2782268] MCW rank 0 bound to socket 0[core 0[hwt 0]]: [B/././././././././././././././.]
[mdo-lab:2782268] MCW rank 1 bound to socket 0[core 1[hwt 0]]: [./B/./././././././././././././.]
[mdo-lab:2782268] MCW rank 2 bound to socket 0[core 2[hwt 0]]: [././B/././././././././././././.]
[mdo-lab:2782268] MCW rank 3 bound to socket 0[core 3[hwt 0]]: [./././B/./././././././././././.]
[mdo-lab:2782268] MCW rank 4 bound to socket 0[core 4[hwt 0]]: [././././B/././././././././././.]
[mdo-lab:2782268] MCW rank 5 bound to socket 0[core 5[hwt 0]]: [./././././B/./././././././././.]
[mdo-lab:2782268] MCW rank 6 bound to socket 0[core 6[hwt 0]]: [././././././B/././././././././.]
[mdo-lab:2782268] MCW rank 7 bound to socket 0[core 7[hwt 0]]: [./././././././B/./././././././.]
[mdo-lab:2782268] MCW rank 8 bound to socket 0[core 8[hwt 0]]: [././././././././B/././././././.]
[mdo-lab:2782268] MCW rank 9 bound to socket 0[core 9[hwt 0]]: [./././././././././B/./././././.]
[mdo-lab:2782268] MCW rank 10 bound to socket 0[core 10[hwt 0]]: [././././././././././B/././././.]
[mdo-lab:2782268] MCW rank 11 bound to socket 0[core 11[hwt 0]]: [./././././././././././B/./././.]
[mdo-lab:2782268] MCW rank 12 bound to socket 0[core 12[hwt 0]]: [././././././././././././B/././.]
[mdo-lab:2782268] MCW rank 13 bound to socket 0[core 13[hwt 0]]: [./././././././././././././B/./.]
#
# ADflow, multiblock structured flow solver
#
# This code solves the 3D RANS, laminar NS or Euler equations
# on multiblock structured hexahedral grids.
# This is a parallel executable running on 14 processors.
# It has been compiled with the following options:
# - Optimized mode.
# - Size of standard integers: 4 bytes.
# - Size of standard floating point types: 8 bytes.
# - With cgns support
# - With support for signals.
#
+----------------------------------------+
|          All ADFLOW Options:           |
+----------------------------------------+
{'ADPC': False,
 'ANKADPC': False,
 'ANKAMGLevels': 2,
 'ANKAMGNSmooth': 1,
 'ANKASMOverlap': 1,
 'ANKASMOverlapCoarse': 0,
 'ANKCFL0': 5.0,
 'ANKCFLCutback': 0.5,
 'ANKCFLExponent': 0.5,
 'ANKCFLFactor': 10.0,
 'ANKCFLLimit': 100000.0,
 'ANKCFLMin': 1.0,
 'ANKCFLReset': True,
 'ANKCharTimeStepType': 'VLR',
 'ANKConstCFLStep': 0.4,
 'ANKCoupledSwitchTol': 1e-16,
 'ANKGlobalPreconditioner': 'additive Schwarz',
 'ANKInnerPreconIts': 1,
 'ANKInnerPreconItsCoarse': 1,
 'ANKJacobianLag': 10,
 'ANKLinResMax': 0.1,
 'ANKLinearSolveBuffer': 0.01,
 'ANKLinearSolveTol': 0.05,
 'ANKMaxIter': 40,
 'ANKNSubiterTurb': 1,
 'ANKOuterPreconIts': 1,
 'ANKPCILUFill': 2,
 'ANKPCILUFillCoarse': 0,
 'ANKPCUpdateCutoff': 1e-16,
 'ANKPCUpdateTol': 0.5,
 'ANKPCUpdateTolAfterCutoff': 0.0001,
 'ANKPhysicalLSTol': 0.2,
 'ANKPhysicalLSTolTurb': 0.99,
 'ANKSecondOrdSwitchTol': 1e-16,
 'ANKStepFactor': 1.0,
 'ANKStepMin': 0.01,
 'ANKSubspaceSize': -1,
 'ANKSwitchTol': 1000.0,
 'ANKTurbCFLScale': 1.0,
 'ANKTurbKSPDebug': False,
 'ANKUnsteadyLSTol': 1.0,
 'ANKUseApproxSA': False,
 'ANKUseFullVisc': True,
 'ANKUseMatrixFree': True,
 'ANKUseTurbDADI': True,
 'ASMOverlap': 1,
 'ASMOverlapCoarse': 0,
 'CFL': 1.7,
 'CFLCoarse': 1.0,
 'CFLLimit': 1.5,
 'GMRESOrthogonalizationType': 'modified Gram-Schmidt',
 'ILUFill': 2,
 'ILUFillCoarse': 0,
 'L2Convergence': 1e-05,
 'L2ConvergenceCoarse': 0.01,
 'L2ConvergenceRel': 1e-16,
 'MGCycle': 'sg',
 'MGStartLevel': -1,
 'NKADPC': False,
 'NKAMGLevels': 2,
 'NKAMGNSmooth': 1,
 'NKASMOverlap': 1,
 'NKASMOverlapCoarse': 0,
 'NKFixedStep': 0.25,
 'NKGlobalPreconditioner': 'additive Schwarz',
 'NKInnerPreconIts': 1,
 'NKInnerPreconItsCoarse': 1,
 'NKJacobianLag': 20,
 'NKLS': 'cubic',
 'NKLinearSolveTol': 0.3,
 'NKOuterPreconIts': 1,
 'NKPCILUFill': 2,
 'NKPCILUFillCoarse': 0,
 'NKSubspaceSize': 60,
 'NKSwitchTol': 1e-06,
 'NKUseEW': True,
 'NKViscPC': False,
 'RKReset': False,
 'SABCM_Const1': 0.002,
 'SABCM_Const2': 0.02,
 'SABCM_S0_tanh': 0.5,
 'SABCM_TU': 0.5,
 'SABCM_fsmooth': 0.08,
 'SABCM_maxsmooth': 50.0,
 'TSStability': False,
 'acousticScaleFactor': 0.08164,
 'adjointAMGLevels': 2,
 'adjointAMGNSmooth': 1,
 'adjointDivTol': 100000.0,
 'adjointL2Convergence': 1e-06,
 'adjointL2ConvergenceAbs': 1e-16,
 'adjointL2ConvergenceRel': 1e-16,
 'adjointMaxIter': 500,
 'adjointMaxL2DeviationFactor': 1.0,
 'adjointMonitorStep': 10,
 'adjointSolver': 'GMRES',
 'adjointSubspaceSize': 100,
 'alphaFollowing': True,
 'alphaMode': False,
 'altitudeMode': False,
 'applyAdjointPCSubspaceSize': 20,
 'applyPCSubspaceSize': 10,
 'approxPC': True,
 'backgroundVolScale': 1.0,
 'betaMode': False,
 'blockSplitting': True,
 'cavExponent': 0,
 'cavSensorOffset': 0.0,
 'cavSensorSharpness': 10.0,
 'cavitationNumber': 1.4,
 'closedSurfaceFamilies': None,
 'coarseDiscretization': 'central plus scalar dissipation',
 'computeCavitation': False,
 'computeSepSensorKs': False,
 'coupledSolution': False,
 'cpMinRho': 100.0,
 'cutCallback': None,
 'debugZipper': False,
 'deltaT': 0.01,
 'designSurfaceFamily': None,
 'discretization': 'central plus scalar dissipation',
 'dissContMagnitude': 1.0,
 'dissContMidpoint': 3.0,
 'dissContSharpness': 3.0,
 'dissipationLumpingParameter': 6.0,
 'dissipationScalingExponent': 0.67,
 'eddyVisInfRatio': 0.009,
 'equationMode': 'steady',
 'equationType': 'RANS',
 'eulerWallTreatment': 'linear pressure extrapolation',
 'explicitSurfaceCallback': None,
 'firstRun': True,
 'flowType': 'external',
 'forcesAsTractions': True,
 'frozenTurbulence': False,
 'globalPreconditioner': 'additive Schwarz',
 'gridFile': 'vmesh_L2.cgns',
 'gridPrecision': 'double',
 'gridPrecisionSurface': 'single',
 'infChangeCorrection': True,
 'infChangeCorrectionTol': 1e-12,
 'infChangeCorrectionType': 'offset',
 'innerPreconIts': 1,
 'innerPreconItsCoarse': 1,
 'isoVariables': [],
 'isosurface': {},
 'liftIndex': 3,
 'limiter': 'van Albada',
 'loadBalanceIter': 10,
 'loadImbalance': 0.1,
 'localPreconditioner': 'ILU',
 'lowSpeedPreconditioner': False,
 'machMode': False,
 'matrixOrdering': 'RCM',
 'maxL2DeviationFactor': 1.0,
 'meshMaxSkewness': 1.0,
 'meshSurfaceFamily': None,
 'monitorVariables': ['resrho', 'cl', 'cd'],
 'nCycles': 10000,
 'nCyclesCoarse': 500,
 'nFloodIter': -1,
 'nRKReset': 5,
 'nRefine': 10,
 'nSaveSurface': 1,
 'nSaveVolume': 1,
 'nSubiter': 1,
 'nSubiterTurb': 3,
 'nTimeStepsCoarse': 48,
 'nTimeStepsFine': 400,
 'nearWallDist': 0.1,
 'numberSolutions': True,
 'outerPreconIts': 3,
 'outputDirectory': 'output',
 'outputSurfaceFamily': 'allSurfaces',
 'overlapFactor': 0.9,
 'oversetDebugPrint': False,
 'oversetLoadBalance': True,
 'oversetPriority': {},
 'oversetProjTol': 1e-12,
 'oversetUpdateMode': 'frozen',
 'pMode': False,
 'partitionLikeNProc': -1,
 'partitionOnly': False,
 'preconditionerSide': 'right',
 'printAllOptions': True,
 'printBadlySkewedCells': False,
 'printIntro': True,
 'printIterations': True,
 'printNegativeVolumes': False,
 'printTiming': True,
 'printWarnings': True,
 'qMode': False,
 'rMode': False,
 'recomputeOverlapMatrix': True,
 'resAveraging': 'alternate',
 'restartAdjoint': True,
 'restartFile': None,
 'restrictionRelaxation': 0.8,
 'selfZipCutoff': 120.0,
 'sepSensorKsOffset': 0.0,
 'sepSensorKsPhi': 90.0,
 'sepSensorKsRho': 1000.0,
 'sepSensorKsSharpness': 25.0,
 'sepSensorOffset': 0.0,
 'sepSensorSharpness': 10.0,
 'setMonitor': True,
 'skipAfterFailedAdjoint': True,
 'smoothParameter': 1.5,
 'smoother': 'DADI',
 'solutionPrecision': 'single',
 'solutionPrecisionSurface': 'single',
 'storeConvHist': True,
 'storeRindLayer': True,
 'surfaceVariables': ['rho',
                      'p',
                      'vx',
                      'vy',
                      'vz',
                      'cp',
                      'mach',
                      'cf',
                      'cfx',
                      'cfy',
                      'cfz',
                      'yplus',
                      'blank'],
 'timeAccuracy': 2,
 'timeIntegrationScheme': 'BDF',
 'timeIntervals': 1,
 'timeLimit': -1.0,
 'turbResScale': 10000.0,
 'turbulenceModel': 'SA',
 'turbulenceOrder': 'first order',
 'turbulenceProduction': 'strain',
 'updateWallAssociations': False,
 'useALE': True,
 'useANKSolver': True,
 'useApproxWallDistance': True,
 'useBlockettes': True,
 'useDiagTSPC': True,
 'useDissContinuation': False,
 'useExternalDynamicMesh': False,
 'useGridMotion': False,
 'useLinResMonitor': False,
 'useMatrixFreedrdw': True,
 'useNKSolver': True,
 'useOversetWallScaling': False,
 'useQCR': False,
 'useRotationSA': False,
 'useSkewnessCheck': False,
 'useTSInterpolatedGridVelocity': False,
 'useWallFunctions': False,
 'useZipperMesh': True,
 'use_SABCM': False,
 'useft2SA': True,
 'verifyExtra': True,
 'verifySpatial': True,
 'verifyState': True,
 'vis2': 0.25,
 'vis2Coarse': 0.5,
 'vis4': 0.0156,
 'viscPC': False,
 'viscWallTreatment': 'constant pressure extrapolation',
 'viscousSurfaceVelocities': True,
 'volumeVariables': ['vort',
                     'vortx',
                     'vorty',
                     'vortz',
                     'cp',
                     'mach',
                     'macht',
                     'eddy',
                     'eddyratio',
                     'resrho',
                     'rhoe',
                     'resturb',
                     'blank'],
 'wallDistCutoff': 1e+20,
 'windAxis': False,
 'writeSolutionDigits': 3,
 'writeSolutionEachIter': False,
 'writeSurfaceSolution': True,
 'writeTecplotSurfaceSolution': True,
 'writeVolumeSolution': True,
 'zipperSurfaceFamily': None}
-> Alpha... 0.000000 
#
#                      Warning
# It is assumed that the grid is given in meters.
#
#
# Specified load imbalance tolerance 0.100 achieved.
# Continuing with 0.057 load imbalance for the cells and 0.073 for the faces
#
#
# Grid level: 1, Total number of cells: 943104
#
+--------------------------------------------------+
  CGNS Surface Families by Boundary Condition Type
+--------------------------------------------------+
| Wall Types           : wing 
| Inflow Types         : 
| Outflow Types        : 
| Symmetry Types       : sym 
| Farfield Types       : far 
| Overset Types        : 
+--------------------------------------------------+
+--------------------------------------------------+
|
| Initialization Times:
|
| Library Load Time             :      0.019 sec
| Set Defaults Time             :      0.001 sec
| Base Class Init Time          :      0.001 sec
| Introductory Time             :      0.005 sec
| Partitioning Time             :      0.010 sec
| Preprocessing Time            :      1.219 sec
| Family Setup Time             :      0.000 sec
| Cut Callback Time             :      0.000 sec
| Explicit Surface Cut Time     :      0.000 sec
| Overset Preprocessing Time    :      0.001 sec
| Initialize Flow Time          :      0.035 sec
|
| Total Init Time               :      1.291 sec
+--------------------------------------------------+

+------------------------------------------------------------------------------+
| pyADFLOW Warning: 'zipperSurfaceFamily' option was not given. Using all wall |
| boundary conditions for the zipper mesh.                                     |
+------------------------------------------------------------------------------+

+----------------------------------------------------------------------+
|  Switching to Aero Problem: wing                                     |
+----------------------------------------------------------------------+
-> Alpha... 1.800000 
+----------------------------------------+
|      All Modified ADFLOW Options:      |
+----------------------------------------+
{'ANKCharTimeStepType': 'VLR',
 'L2Convergence': 1e-05,
 'NKSwitchTol': 1e-06,
 'acousticScaleFactor': 0.08164,
 'gridFile': 'vmesh_L2.cgns',
 'liftIndex': 3,
 'monitorVariables': ['resrho', 'cl', 'cd'],
 'nCycles': 10000,
 'outputDirectory': 'output',
 'surfaceVariables': ['rho',
                      'p',
                      'vx',
                      'vy',
                      'vz',
                      'cp',
                      'mach',
                      'cf',
                      'cfx',
                      'cfy',
                      'cfz',
                      'yplus',
                      'blank'],
 'turbResScale': 10000.0,
 'useNKSolver': True,
 'volumeVariables': ['vort',
                     'vortx',
                     'vorty',
                     'vortz',
                     'cp',
                     'mach',
                     'macht',
                     'eddy',
                     'eddyratio',
                     'resrho',
                     'rhoe',
                     'resturb',
                     'blank'],
 'writeTecplotSurfaceSolution': True}
 saSource inputPhysics values:
   useft2SA       =  T
   useRotationSA  =  F
   turbProd       =            1
   equations      =            3
   use_SABCM      =  F
   SABCM_Const1   =    2.0000000000000000E-003
   SABCM_Const2   =    2.0000000000000000E-002
   SABCM_TU       =   0.50000000000000000     
   SABCM_S0_tanh  =   0.50000000000000000     
   SABCM_fsmooth  =    8.0000000000000002E-002
   SABCM_maxsmooth=    50.000000000000000     
 saSource inputPhysics values:
   useft2SA       =  T
   useRotationSA  =  F
   turbProd       =            1
   equations      =            3
   use_SABCM      =  F
   SABCM_Const1   =    2.0000000000000000E-003
   SABCM_Const2   =    2.0000000000000000E-002
   SABCM_TU       =   0.50000000000000000     
   SABCM_S0_tanh  =   0.50000000000000000     
   SABCM_fsmooth  =    8.0000000000000002E-002
   SABCM_maxsmooth=    50.000000000000000     
 saSource inputPhysics values:
   useft2SA       =  T
   useRotationSA  =  F
   turbProd       =            1
   equations      =            3
   use_SABCM      =  F
 saSource inputPhysics values:
   useft2SA       =  T
   useRotationSA  =  F
   turbProd       =            1
   equations      =            3
   SABCM_Const1   =    2.0000000000000000E-003
   SABCM_Const2   =    2.0000000000000000E-002
   SABCM_TU       =   0.50000000000000000     
   SABCM_S0_tanh  =   0.50000000000000000     
   SABCM_fsmooth  =    8.0000000000000002E-002
   use_SABCM      =  F
   SABCM_Const1   =    2.0000000000000000E-003
   SABCM_Const2   =    2.0000000000000000E-002
   SABCM_TU       =   0.50000000000000000     
 saSource inputPhysics values:
   useft2SA       =  T
   useRotationSA  =  F
   turbProd       =            1
   equations      =            3
   use_SABCM      =  F
   SABCM_Const1   =    2.0000000000000000E-003
   SABCM_Const2   =    2.0000000000000000E-002
   SABCM_TU       =   0.50000000000000000     
   SABCM_S0_tanh  =   0.50000000000000000     
   SABCM_maxsmooth=    50.000000000000000     
   SABCM_fsmooth  =    8.0000000000000002E-002
   SABCM_maxsmooth=    50.000000000000000     
   SABCM_S0_tanh  =   0.50000000000000000     
   SABCM_fsmooth  =    8.0000000000000002E-002
   SABCM_maxsmooth=    50.000000000000000     
 saSource inputPhysics values:
   useft2SA       =  T
   useRotationSA  =  F
   turbProd       =            1
   equations      =            3
   use_SABCM      =  F
   SABCM_Const1   =    2.0000000000000000E-003
   SABCM_Const2   =    2.0000000000000000E-002
   SABCM_TU       =   0.50000000000000000     
   SABCM_S0_tanh  =   0.50000000000000000     
   SABCM_fsmooth  =    8.0000000000000002E-002
   SABCM_maxsmooth=    50.000000000000000     
 saSource inputPhysics values:
   useft2SA       =  T
   useRotationSA  =  F
   turbProd       =            1
   equations      =            3
   use_SABCM      =  F
   SABCM_Const1   =    2.0000000000000000E-003
   SABCM_Const2   =    2.0000000000000000E-002
   SABCM_TU       =   0.50000000000000000     
   SABCM_S0_tanh  =   0.50000000000000000     
   SABCM_fsmooth  =    8.0000000000000002E-002
   SABCM_maxsmooth=    50.000000000000000     
 saSource inputPhysics values:
   useft2SA       =  T
   useRotationSA  =  F
   turbProd       =            1
   equations      =            3
   use_SABCM      =  F
   SABCM_Const1   =    2.0000000000000000E-003
   SABCM_Const2   =    2.0000000000000000E-002
   SABCM_TU       =   0.50000000000000000     
   SABCM_S0_tanh  =   0.50000000000000000     
   SABCM_fsmooth  =    8.0000000000000002E-002
   SABCM_maxsmooth=    50.000000000000000     
 saSource inputPhysics values:
   useft2SA       =  T
   useRotationSA  =  F
   turbProd       =            1
   equations      =            3
   use_SABCM      =  F
   SABCM_Const1   =    2.0000000000000000E-003
   SABCM_Const2   =    2.0000000000000000E-002
   SABCM_TU       =   0.50000000000000000     
   SABCM_S0_tanh  =   0.50000000000000000     
   SABCM_fsmooth  =    8.0000000000000002E-002
   SABCM_maxsmooth=    50.000000000000000     
 saSource inputPhysics values:
   useft2SA       =  T
   useRotationSA  =  F
   turbProd       =            1
   equations      =            3
   use_SABCM      =  F
   SABCM_Const1   =    2.0000000000000000E-003
   SABCM_Const2   =    2.0000000000000000E-002
   SABCM_TU       =   0.50000000000000000     
   SABCM_S0_tanh  =   0.50000000000000000     
   SABCM_fsmooth  =    8.0000000000000002E-002
   SABCM_maxsmooth=    50.000000000000000     
 saSource inputPhysics values:
   useft2SA       =  T
   useRotationSA  =  F
   turbProd       =            1
   equations      =            3
   use_SABCM      =  F
   SABCM_Const1   =    2.0000000000000000E-003
   SABCM_Const2   =    2.0000000000000000E-002
   SABCM_TU       =   0.50000000000000000     
   SABCM_S0_tanh  =   0.50000000000000000     
   SABCM_fsmooth  =    8.0000000000000002E-002
   SABCM_maxsmooth=    50.000000000000000     
 saSource inputPhysics values:
   useft2SA       =  T
   useRotationSA  =  F
   turbProd       =            1
   equations      =            3
   use_SABCM      =  F
   SABCM_Const1   =    2.0000000000000000E-003
   SABCM_Const2   =    2.0000000000000000E-002
   SABCM_TU       =   0.50000000000000000     
   SABCM_S0_tanh  =   0.50000000000000000     
   SABCM_fsmooth  =    8.0000000000000002E-002
   SABCM_maxsmooth=    50.000000000000000     
 saSource inputPhysics values:
   useft2SA       =  T
   useRotationSA  =  F
   turbProd       =            1
   equations      =            3
   use_SABCM      =  F
   SABCM_Const1   =    2.0000000000000000E-003
   SABCM_Const2   =    2.0000000000000000E-002
   SABCM_TU       =   0.50000000000000000     
   SABCM_S0_tanh  =   0.50000000000000000     
   SABCM_fsmooth  =    8.0000000000000002E-002
   SABCM_maxsmooth=    50.000000000000000     
 saSource inputPhysics values:
   useft2SA       =  T
   useRotationSA  =  F
   turbProd       =            1
   equations      =            3
   use_SABCM      =  F
   SABCM_Const1   =    2.0000000000000000E-003
   SABCM_Const2   =    2.0000000000000000E-002
   SABCM_TU       =   0.50000000000000000     
   SABCM_S0_tanh  =   0.50000000000000000     
   SABCM_fsmooth  =    8.0000000000000002E-002
   SABCM_maxsmooth=    50.000000000000000     
#
# Grid 1: Performing 10000 iterations, unless converged earlier. Minimum required iteration before NK switch:      5. Switch to NK at totalR of:   2.14E+00
#
#------------------------------------------------------------------------------------------------------------------------------------------------------------
#  Grid  | Iter | Iter |  Iter  |   CFL   | Step | Lin  |        Res rho         |         C_lift         |        C_drag          |        totalRes        |
#  level |      | Tot  |  Type  |         |      | Res  |                        |                        |                        |                        |
#------------------------------------------------------------------------------------------------------------------------------------------------------------
      1       0      0     None     ----    ----   ----   6.0530406274369943E+02   9.3778675296777251E-03   4.6460427872661808E-01   2.1431787191375690E+06 
      1       1      4     *ANK   5.00E+00  1.00  0.029   4.6519895280413671E+01   2.8161608867157897E+00   2.4136897027829587E+00   1.8057782293609926E+05 
      1       2     14     *ANK   4.12E+01  1.00  0.048   1.7381584564806637E+01   7.0634279363011010E-01   3.6840951770501418E-01   6.2170139781587772E+04 
      1       3     27     *ANK   1.86E+02  1.00  0.050   9.7729630035079769E+00   4.7136007251667977E-01   7.6780779247601100E-02   3.4705497037123670E+04 
      1       4     40      ANK   1.86E+02  1.00  0.045   1.6118283549778265E+00   5.3836571783751541E-01   6.7227169371046502E-02   5.5827630583274149E+03 
      1       5     67     *ANK   1.52E+03  1.00  0.048   1.3874248048501934E+00   7.2204580590673251E-01   5.5420822491401803E-02   5.0220845394215303E+03 
      1       6     98      ANK   1.52E+03  1.00  0.049   1.4481360648729960E+00   8.1782535215286001E-01   4.7576451173489562E-02   5.2778397644247016E+03 
      1       7    132      ANK   1.52E+03  1.00  0.046   2.9642081585426356E+00   8.8392077843806660E-01   3.9740064204601223E-02   1.0541338198074985E+04 
      1       8    146      ANK   1.52E+03  1.00  0.050   9.9916235024613043E-01   8.9133328608764517E-01   4.0131464578407827E-02   3.5610822317504703E+03 
      1       9    187      ANK   1.52E+03  1.00  0.048   2.5775952675023155E+00   9.2437040374165380E-01   3.6080033535048385E-02   9.1313246896925866E+03 
      1      10    205      ANK   1.52E+03  1.00  0.049   6.6661607463522621E-01   9.2607785058768310E-01   3.6684980075067278E-02   2.3834147955896924E+03 
      1      11    232     *ANK   5.67E+03  1.00  0.050   2.1655717919848096E+00   9.3424361789622345E-01   3.5123010930458450E-02   7.6659659817426827E+03 
      1      12    243      ANK   5.67E+03  1.00  0.047   5.7239621830800269E-01   9.3397947084394872E-01   3.5715520589156266E-02   2.0350409969310363E+03 
      1      13    274      ANK   5.67E+03  1.00  0.050   1.2232113216106784E+00   9.3229252372838545E-01   3.4862844802724599E-02   4.3305963141459879E+03 
      1      14    286      ANK   5.67E+03  1.00  0.050   5.2926704978931305E-01   9.3110994798916302E-01   3.4918442490850445E-02   1.8783241441473635E+03 
      1      15    312      ANK   5.67E+03  1.00  0.050   7.7112736152366590E-01   9.2664002248430488E-01   3.4280528857924382E-02   2.7309932978060419E+03 
      1      16    332      ANK   5.67E+03  1.00  0.046   5.2401323009519707E-01   9.2239967371461917E-01   3.3960584386563283E-02   1.8576716230079296E+03 
      1      17    359      ANK   5.67E+03  1.00  0.049   7.2639029167969771E-01   9.1596857233128104E-01   3.3453140370312787E-02   2.5729526537009615E+03 
      1      18    380      ANK   5.67E+03  1.00  0.049   6.4693441921796768E-01   9.1144694876723975E-01   3.3182527786348601E-02   2.2915213806030433E+03 
      1      19    400      ANK   5.67E+03  1.00  0.049   6.7923059371698491E-01   9.0654990675617309E-01   3.2916195426299810E-02   2.4050401077083952E+03 
      1      20    420      ANK   5.67E+03  1.00  0.047   6.3182694545024098E-01   9.0234330892652503E-01   3.2747429869879087E-02   2.2371108648779941E+03 
      1      21    429     *ANK   6.53E+03  1.00  0.049   4.1812659076173719E-01   9.0008339724324760E-01   3.2685381844998349E-02   1.4828485730208561E+03 
      1      22    447      ANK   6.53E+03  1.00  0.048   6.5251302672816491E-01   8.9566028774923701E-01   3.2569790481659686E-02   2.3107360834156389E+03 
      1      23    464      ANK   6.53E+03  1.00  0.049   5.0588466237388263E-01   8.9350891681626143E-01   3.2557400811110374E-02   1.7932322075589159E+03 
      1      24    484      ANK   6.53E+03  1.00  0.048   6.4769228013936386E-01   8.9077343799097131E-01   3.2570778453127343E-02   2.2943306072492419E+03 
      1      25    500      ANK   6.53E+03  1.00  0.049   4.2065682397652449E-01   8.8964985222345139E-01   3.2622691320922007E-02   1.4921115502464281E+03 
      1      26    523      ANK   6.53E+03  1.00  0.049   5.1595705524250801E-01   8.8787275296375590E-01   3.2667380862608321E-02   1.8281870230812003E+03 
      1      27    540      ANK   6.53E+03  1.00  0.049   4.2038085830168465E-01   8.8699362050309039E-01   3.2713167082951439E-02   1.4897781924177191E+03 
      1      28    562      ANK   6.53E+03  1.00  0.050   5.1163618822857071E-01   8.8616245422578699E-01   3.2757427315254599E-02   1.8118383431275186E+03 
      1      29    579      ANK   6.53E+03  1.00  0.048   3.8577776914079959E-01   8.8582124263351947E-01   3.2786199843609712E-02   1.3667516581447976E+03 
      1      30    603      ANK   6.53E+03  1.00  0.049   4.9265900337170471E-01   8.8550349245607052E-01   3.2823083424754054E-02   1.7444212918036328E+03 
      1      31    610     *ANK   1.08E+04  1.00  0.046   2.2109439442144022E-01   8.8546204709059295E-01   3.2834901074257364E-02   7.8481546303969355E+02 
      1      32    638     *ANK   3.85E+04  1.00  0.048   4.5507631858766723E-01   8.8535659265121369E-01   3.2852571836761643E-02   1.6122058723570099E+03 
      1      33    648      ANK   3.85E+04  1.00  0.049   2.0597656528732730E-01   8.8530338657167240E-01   3.2861335959850468E-02   7.3151988547949031E+02 
      1      34    672      ANK   3.85E+04  1.00  0.047   2.9854363212452323E-01   8.8534746070516479E-01   3.2862436397213660E-02   1.0579430845265601E+03 
      1      35    685      ANK   3.85E+04  1.00  0.048   1.7970560263639934E-01   8.8526563526277513E-01   3.2865021896581310E-02   6.3780075685934219E+02 
      1      36    708      ANK   3.85E+04  1.00  0.048   2.3698343780366909E-01   8.8531838179807576E-01   3.2862970450341943E-02   8.4029558207433206E+02 
      1      37    723      ANK   3.85E+04  1.00  0.048   1.4346430516605840E-01   8.8529260462296777E-01   3.2857961553297232E-02   5.1005662146457598E+02 
      1      38    749      ANK   3.85E+04  1.00  0.047   1.7690660506500896E-01   8.8538996593920094E-01   3.2853578611794255E-02   6.2892236276429355E+02 
      1      39    767      ANK   3.85E+04  1.00  0.049   9.5496545070068814E-02   8.8538975640752848E-01   3.2859089819696957E-02   3.4174058481961328E+02 
      1      40    786     *ANK   1.00E+05  1.00  0.050   9.1100963082491548E-02   8.8537021369881197E-01   3.2844422927830887E-02   3.2611611978561325E+02 
      1      41    805      ANK   1.00E+05  1.00  0.048   7.6434592924617628E-02   8.8529195792235083E-01   3.2844875836521889E-02   2.7384939180793958E+02 
      1      42    840      ANK   1.00E+05  1.00  0.049   9.8945018606492810E-02   8.8532333705978394E-01   3.2846779081288816E-02   3.5180289366734911E+02 
      1      43    876      ANK   1.00E+05  1.00  0.049   9.9393008285295986E-02   8.8528296735823264E-01   3.2834196061912277E-02   3.5332067883889147E+02 
      1      44    913      ANK   1.00E+05  1.00  0.050   1.1852546415244766E-01   8.8521402350716016E-01   3.2820057140685158E-02   4.2326038267707213E+02 
      1      45    941      ANK   1.00E+05  1.00  0.050   7.4510803178754983E-02   8.8522161170828273E-01   3.2819702847808913E-02   2.7012192452588801E+02 
      1      46    978      ANK   1.00E+05  1.00  0.047   8.6747800477013415E-02   8.8510905436740051E-01   3.2834356793723214E-02   3.1756826033310841E+02 
      1      47   1007      ANK   1.00E+05  1.00  0.047   6.8789416397087633E-02   8.8521256362951373E-01   3.2830709943473591E-02   2.5367819866519426E+02 
      1      48   1034      ANK   1.00E+05  1.00  0.049   6.6398467906434319E-02   8.8504558786402265E-01   3.2819898958894207E-02   2.4424696454961992E+02 
      1      49   1058      ANK   1.00E+05  1.00  0.049   5.9517729753757208E-02   8.8514088265406110E-01   3.2865109242868680E-02   2.1929119651359630E+02 
#------------------------------------------------------------------------------------------------------------------------------------------------------------
#  Grid  | Iter | Iter |  Iter  |   CFL   | Step | Lin  |        Res rho         |         C_lift         |        C_drag          |        totalRes        |
#  level |      | Tot  |  Type  |         |      | Res  |                        |                        |                        |                        |
#------------------------------------------------------------------------------------------------------------------------------------------------------------
      1      50   1080     *ANK   1.00E+05  1.00  0.047   6.6609477084002985E-02   8.8496016860094318E-01   3.2844634382556588E-02   2.4205189292580167E+02 
      1      51   1099      ANK   1.00E+05  1.00  0.045   4.9646992670355938E-02   8.8501709750291802E-01   3.2868938617147209E-02   1.8172653386004171E+02 
      1      52   1120      ANK   1.00E+05  1.00  0.049   6.0963035432744381E-02   8.8509411183960063E-01   3.2842041194022939E-02   2.1915512962166230E+02 
      1      53   1138      ANK   1.00E+05  1.00  0.048   4.0064867096119845E-02   8.8507329884490771E-01   3.2855804212700804E-02   1.4534990964473590E+02 
      1      54   1160      ANK   1.00E+05  1.00  0.047   4.0225778578854697E-02   8.8508314588775627E-01   3.2852614672945007E-02   1.4498498040260517E+02 
      1      55   1180      ANK   1.00E+05  1.00  0.045   3.2246310969987015E-02   8.8501234949779317E-01   3.2838009599872091E-02   1.1658788246253258E+02 
      1      56   1200      ANK   1.00E+05  1.00  0.049   2.8412529785385179E-02   8.8501792235069687E-01   3.2838677767833627E-02   1.0284728325417530E+02 
      1      57   1217     *ANK   1.00E+05  1.00  0.047   2.4978900863306067E-02   8.8504308668282827E-01   3.2844836217664666E-02   9.0519932188888433E+01 
      1      58   1234      ANK   1.00E+05  1.00  0.044   2.2286866931793239E-02   8.8499292560716591E-01   3.2855407109534052E-02   8.0755953657447137E+01 
      1      59   1250      ANK   1.00E+05  1.00  0.045   2.6159226171819438E-02   8.8497952718973971E-01   3.2834755811685989E-02   9.3720520115658275E+01 
      1      60   1265      ANK   1.00E+05  1.00  0.044   2.0307341489234704E-02   8.8507645516583344E-01   3.2841544281214462E-02   7.3004168418746687E+01 
      1      61   1283      ANK   1.00E+05  1.00  0.044   1.5521617380845530E-02   8.8499617603420389E-01   3.2845343868699556E-02   5.5942044709098354E+01 
      1      62   1299      ANK   1.00E+05  1.00  0.048   1.2266231447012168E-02   8.8497883032105651E-01   3.2840797510816477E-02   4.4201547034298002E+01 
      1      63   1318     *ANK   1.00E+05  1.00  0.045   1.4776577329453578E-02   8.8499335475061391E-01   3.2839223781830421E-02   5.2721744289889735E+01 
      1      64   1336      ANK   1.00E+05  1.00  0.047   1.5911916665616008E-02   8.8501159117044903E-01   3.2850244748947800E-02   5.6697136685710788E+01 
      1      65   1351      ANK   1.00E+05  1.00  0.049   9.4820120456816457E-03   8.8499324509620825E-01   3.2843417416700993E-02   3.3966135404334253E+01 
      1      66   1374      ANK   1.00E+05  1.00  0.047   1.1845064973577657E-02   8.8499560517298659E-01   3.2843756646557434E-02   4.2283675372369224E+01 
      1      67   1394      ANK   1.00E+05  1.00  0.049   7.4601685269422291E-03   8.8496546344127436E-01   3.2848115139973766E-02   2.6933535455783378E+01 
      1      68   1418      ANK   1.00E+05  1.00  0.048   1.0454458978150942E-02   8.8497904711632613E-01   3.2843077495848479E-02   3.7377515610031296E+01 
      1      69   1439      ANK   1.00E+05  1.00  0.050   9.6857936745503356E-03   8.8496944567956104E-01   3.2838656252122088E-02   3.4590040742939330E+01 
      1      70   1459      ANK   1.00E+05  1.00  0.044   7.4188480919749741E-03   8.8495503822393717E-01   3.2847262832353820E-02   2.6676034268507518E+01 
      1      71   1481      ANK   1.00E+05  1.00  0.048   8.4730920101024534E-03   8.8496258950281315E-01   3.2841368588890994E-02   3.0284094693796437E+01 
      1      72   1500      ANK   1.00E+05  1.00  0.049   5.9129235774034953E-03   8.8495440651542689E-01   3.2846314285078844E-02   2.1321671235826518E+01 
#
# Writing grid file(s):
#    output/wing_000_vol.cgns
# Grid file(s) written
#
#
# Writing volume solution file(s):
#    output/wing_000_vol.cgns
# Volume solution file(s) written
#
#
# Writing surface solution file(s):
#    output/wing_000_surf.cgns
# Surface solution file(s) written
#
#
# Writing slices file(s): 
#    output/wing_000_slices.dat
# Slices file(s) written
#
#
# Writing lift distribution file(s):
#    output/wing_000_lift.dat
# Lift distribution file(s) written
#
#
# Writing tecplot surface file(s):
#    output/wing_000_surf.plt
# Tecplot surface file(s) written
#
+-------------------------------------------------+
|
| Solution Timings:
|
| Set AeroProblem Time          :      0.015 sec
| Solution Time                 :    314.249 sec
| Write Solution Time           :      0.404 sec
| Stability Parameter Time      :      0.000 sec
|
| Total Call Time               :    314.669 sec
+--------------------------------------------------+
-> Alpha... 1.800000 
+---------------------------------------------------+
|
| Function Timings:
|
| Function AeroProblem Time     :      0.004 sec
| Function Evaluation Time      :      0.000 sec
| User Function Evaluation Time :      0.000 sec
|
| Total Function Evaluation Time:      0.004 sec
+--------------------------------------------------+
{'wing_cd': 0.03284631428507884, 'wing_cl': 0.8849544065154269}
 
================ ANK Profiling Report (MPI max/avg) ================
Wall-clock interpretation: use max_* as the primary parallel metric.
Comm columns only include directly measured communication timings.
 
1. ANKStep major sections
name                                           calls    max_total     avg_total    max_compute   avg_compute   max_comm      avg_comm
                                   ANKStep_total     1008   3.1402E+02   3.1377E+02   3.0662E+02   3.0325E+02   1.4163E+01   1.0523E+01
                              computeTimeStepMat     1008   3.8724E+00   3.8723E+00   3.7837E+00   2.6931E+00   1.4126E+00   1.1793E+00
                           FormJacobianANK_total      168   1.5692E+01   1.5688E+01   1.5476E+01   1.4505E+01   1.8818E+00   1.1829E+00
              -->FormJacobianANK_residuals_total      168   1.4861E+01   1.4765E+01   1.4577E+01   1.3582E+01   1.8818E+00   1.1829E+00
                                -->PCSetup_total      168   3.0972E-01   3.0419E-01   3.0972E-01   3.0419E-01   0.0000E+00   0.0000E+00
                              KSPSolve_ANK_total     1008   2.8098E+02   2.7962E+02   2.7487E+02   2.7232E+02   1.0518E+01   7.3035E+00
                      -->MatMult_in_KSPSolve_ANK    18984   5.5253E+01   5.1192E+01   4.8036E+01   4.3889E+01   1.0518E+01   7.3035E+00
                       -->outside_KSPSolve_total     1008   3.3012E+00   2.8581E+00   3.3012E+00   2.8581E+00   0.0000E+00   0.0000E+00
                 -->MatMult_outside_KSPSolve_ANK     1008   3.2199E+00   2.7688E+00   2.8944E+00   2.3699E+00   5.4080E-01   3.9892E-01
                         -->matrixAssembly_total     1008   5.4218E-04   4.2897E-04   5.4218E-04   4.2897E-04   0.0000E+00   0.0000E+00
                            -->physicality_total     1008   1.9682E+00   7.6883E-01   1.9682E+00   7.6883E-01   0.0000E+00   0.0000E+00
                            -->stateUpdate_total     1008   4.2534E-01   3.3034E-01   4.2534E-01   3.3034E-01   0.0000E+00   0.0000E+00
                                -->vecNorm_total     2016   5.7143E-01   2.7602E-01   5.7143E-01   2.7602E-01   0.0000E+00   0.0000E+00
                              ANK_localOps_total        0   5.7436E+00   4.6268E+00   5.7436E+00   4.6268E+00   0.0000E+00   0.0000E+00
                     computeUnsteadyResANK_total     1008   2.9429E+00   2.8157E+00   2.5880E+00   2.4235E+00   5.5235E-01   3.9220E-01
  -->computeUnsteadyResANK_timeStepMatMult_total     1008   5.0222E-01   3.7723E-01   5.0222E-01   3.7723E-01   0.0000E+00   0.0000E+00
           -->computeUnsteadyResANK_vecOps_total     1008   3.4520E-01   2.9361E-01   3.4520E-01   2.9361E-01   0.0000E+00   0.0000E+00
                          -->ANKLineSearch_total        0   0.0000E+00   0.0000E+00   0.0000E+00   0.0000E+00   0.0000E+00   0.0000E+00
                         ANK_finalResidual_total     1008   2.9718E+00   2.6906E+00   2.4381E+00   2.2251E+00   5.7254E-01   4.6548E-01
                            ANK_turbUpdate_total     1008   4.5281E+00   4.4534E+00   4.5281E+00   4.4534E+00   0.0000E+00   0.0000E+00
 
1b. Parent closure check (avg columns, additive check)
sum(parent avg_total/avg_compute/avg_comm):   3.1377E+02   3.0325E+02   1.0523E+01
ANKStep avg_total/avg_compute/avg_comm:   3.1377E+02   3.0325E+02   1.0523E+01
difference (ANKStep - parent_sum):   1.1573E-03   1.1573E-03  -1.7764E-15
 
2. Residual totals inside ANKStep
name                                           calls    max_total     avg_total    max_compute   avg_compute   max_comm      avg_comm
                       blocketteRes_total_in_ANK    22022   5.1060E+01   4.4166E+01   4.2596E+01   3.5600E+01   1.2192E+01   8.5663E+00
                     blocketteRes_compute_in_ANK    22022   4.2596E+01   3.5600E+01   4.2596E+01   3.5600E+01   0.0000E+00   0.0000E+00
                        blocketteRes_comm_in_ANK    22022   1.2192E+01   8.5663E+00   0.0000E+00   0.0000E+00   1.2192E+01   8.5663E+00
 
3. Residual totals by calling context
name                                           calls    max_total     avg_total    max_compute   avg_compute   max_comm      avg_comm
                 blocketteRes_in_FormJacobianANK        0   0.0000E+00   0.0000E+00   0.0000E+00   0.0000E+00   0.0000E+00   0.0000E+00
             blocketteRes_in_MatMult_in_KSPSolve    18984   4.3352E+01   3.7321E+01   3.6135E+01   3.0017E+01   1.0518E+01   7.3035E+00
        blocketteRes_in_MatMult_outside_KSPSolve     1008   2.2250E+00   1.9736E+00   1.8995E+00   1.5746E+00   5.4080E-01   3.9892E-01
           blocketteRes_in_computeUnsteadyResANK     1008   2.4710E+00   2.1443E+00   2.0892E+00   1.7521E+00   5.5235E-01   3.9220E-01
                   blocketteRes_in_ANKLineSearch        0   0.0000E+00   0.0000E+00   0.0000E+00   0.0000E+00   0.0000E+00   0.0000E+00
               blocketteRes_in_ANK_finalResidual     1008   2.9715E+00   2.6904E+00   2.4379E+00   2.2249E+00   5.7254E-01   4.6548E-01
                  blocketteRes_in_ANK_turbUpdate        0   0.0000E+00   0.0000E+00   0.0000E+00   0.0000E+00   0.0000E+00   0.0000E+00
 
4. Key counters
n_ANKStep          1008
n_FormJacobianANK           168
n_PCSetup_ANK           168
n_KSPSolve_ANK          1008
n_GMRES_iter_ANK         18984
n_MatMult_ANK         19992
n_PCApply_ANK             0
n_GMRES_orthog_ANK             0
n_blocketteRes_total_in_ANK         22022
n_blocketteRes_in_FormJacobianANK             0
n_blocketteRes_in_MatMult_ANK         19992
n_blocketteRes_in_computeUnsteadyResANK          1008
n_blocketteRes_in_ANKLineSearch             0
n_blocketteRes_in_ANK_finalResidual          1008
n_whalo2_in_ANK         22022
=====================================================================
Generated Cumulative data file path: /home/mdo/MDOLab_3_v2/adflow- 2.12.2 dev 128/Run/results_bs_sweep/bs_8/results_smt_off_pure_mpi/np_14_omp_1/mem_np14_omp1.csv
