Warning: Option '--html' is not supported with '-C' option.
Profiling started.
[mdo-lab:2839955] MCW rank 0 bound to socket 0[core 0[hwt 0]]: [B/././././././././././././././.]
[mdo-lab:2839955] MCW rank 1 bound to socket 0[core 1[hwt 0]]: [./B/./././././././././././././.]
[mdo-lab:2839955] MCW rank 2 bound to socket 0[core 2[hwt 0]]: [././B/././././././././././././.]
[mdo-lab:2839955] MCW rank 3 bound to socket 0[core 3[hwt 0]]: [./././B/./././././././././././.]
[mdo-lab:2839955] MCW rank 4 bound to socket 0[core 4[hwt 0]]: [././././B/././././././././././.]
[mdo-lab:2839955] MCW rank 5 bound to socket 0[core 5[hwt 0]]: [./././././B/./././././././././.]
[mdo-lab:2839955] MCW rank 6 bound to socket 0[core 6[hwt 0]]: [././././././B/././././././././.]
[mdo-lab:2839955] MCW rank 7 bound to socket 0[core 7[hwt 0]]: [./././././././B/./././././././.]
#
# ADflow, multiblock structured flow solver
#
# This code solves the 3D RANS, laminar NS or Euler equations
# on multiblock structured hexahedral grids.
# This is a parallel executable running on 8 processors.
# It has been compiled with the following options:
# - Optimized mode.
# - Size of standard integers: 4 bytes.
# - Size of standard floating point types: 8 bytes.
# - With cgns support
# - With support for signals.
#
+----------------------------------------+
|          All ADFLOW Options:           |
+----------------------------------------+
{'ADPC': False,
 'ANKADPC': False,
 'ANKAMGLevels': 2,
 'ANKAMGNSmooth': 1,
 'ANKASMOverlap': 1,
 'ANKASMOverlapCoarse': 0,
 'ANKCFL0': 5.0,
 'ANKCFLCutback': 0.5,
 'ANKCFLExponent': 0.5,
 'ANKCFLFactor': 10.0,
 'ANKCFLLimit': 100000.0,
 'ANKCFLMin': 1.0,
 'ANKCFLReset': True,
 'ANKCharTimeStepType': 'VLR',
 'ANKConstCFLStep': 0.4,
 'ANKCoupledSwitchTol': 1e-16,
 'ANKGlobalPreconditioner': 'additive Schwarz',
 'ANKInnerPreconIts': 1,
 'ANKInnerPreconItsCoarse': 1,
 'ANKJacobianLag': 10,
 'ANKLinResMax': 0.1,
 'ANKLinearSolveBuffer': 0.01,
 'ANKLinearSolveTol': 0.05,
 'ANKMaxIter': 40,
 'ANKNSubiterTurb': 1,
 'ANKOuterPreconIts': 1,
 'ANKPCILUFill': 2,
 'ANKPCILUFillCoarse': 0,
 'ANKPCUpdateCutoff': 1e-16,
 'ANKPCUpdateTol': 0.5,
 'ANKPCUpdateTolAfterCutoff': 0.0001,
 'ANKPhysicalLSTol': 0.2,
 'ANKPhysicalLSTolTurb': 0.99,
 'ANKSecondOrdSwitchTol': 1e-16,
 'ANKStepFactor': 1.0,
 'ANKStepMin': 0.01,
 'ANKSubspaceSize': -1,
 'ANKSwitchTol': 1000.0,
 'ANKTurbCFLScale': 1.0,
 'ANKTurbKSPDebug': False,
 'ANKUnsteadyLSTol': 1.0,
 'ANKUseApproxSA': False,
 'ANKUseFullVisc': True,
 'ANKUseMatrixFree': True,
 'ANKUseTurbDADI': True,
 'ASMOverlap': 1,
 'ASMOverlapCoarse': 0,
 'CFL': 1.7,
 'CFLCoarse': 1.0,
 'CFLLimit': 1.5,
 'GMRESOrthogonalizationType': 'modified Gram-Schmidt',
 'ILUFill': 2,
 'ILUFillCoarse': 0,
 'L2Convergence': 1e-05,
 'L2ConvergenceCoarse': 0.01,
 'L2ConvergenceRel': 1e-16,
 'MGCycle': 'sg',
 'MGStartLevel': -1,
 'NKADPC': False,
 'NKAMGLevels': 2,
 'NKAMGNSmooth': 1,
 'NKASMOverlap': 1,
 'NKASMOverlapCoarse': 0,
 'NKFixedStep': 0.25,
 'NKGlobalPreconditioner': 'additive Schwarz',
 'NKInnerPreconIts': 1,
 'NKInnerPreconItsCoarse': 1,
 'NKJacobianLag': 20,
 'NKLS': 'cubic',
 'NKLinearSolveTol': 0.3,
 'NKOuterPreconIts': 1,
 'NKPCILUFill': 2,
 'NKPCILUFillCoarse': 0,
 'NKSubspaceSize': 60,
 'NKSwitchTol': 1e-06,
 'NKUseEW': True,
 'NKViscPC': False,
 'RKReset': False,
 'SABCM_Const1': 0.002,
 'SABCM_Const2': 0.02,
 'SABCM_S0_tanh': 0.5,
 'SABCM_TU': 0.5,
 'SABCM_fsmooth': 0.08,
 'SABCM_maxsmooth': 50.0,
 'TSStability': False,
 'acousticScaleFactor': 0.08164,
 'adjointAMGLevels': 2,
 'adjointAMGNSmooth': 1,
 'adjointDivTol': 100000.0,
 'adjointL2Convergence': 1e-06,
 'adjointL2ConvergenceAbs': 1e-16,
 'adjointL2ConvergenceRel': 1e-16,
 'adjointMaxIter': 500,
 'adjointMaxL2DeviationFactor': 1.0,
 'adjointMonitorStep': 10,
 'adjointSolver': 'GMRES',
 'adjointSubspaceSize': 100,
 'alphaFollowing': True,
 'alphaMode': False,
 'altitudeMode': False,
 'applyAdjointPCSubspaceSize': 20,
 'applyPCSubspaceSize': 10,
 'approxPC': True,
 'backgroundVolScale': 1.0,
 'betaMode': False,
 'blockSplitting': True,
 'cavExponent': 0,
 'cavSensorOffset': 0.0,
 'cavSensorSharpness': 10.0,
 'cavitationNumber': 1.4,
 'closedSurfaceFamilies': None,
 'coarseDiscretization': 'central plus scalar dissipation',
 'computeCavitation': False,
 'computeSepSensorKs': False,
 'coupledSolution': False,
 'cpMinRho': 100.0,
 'cutCallback': None,
 'debugZipper': False,
 'deltaT': 0.01,
 'designSurfaceFamily': None,
 'discretization': 'central plus scalar dissipation',
 'dissContMagnitude': 1.0,
 'dissContMidpoint': 3.0,
 'dissContSharpness': 3.0,
 'dissipationLumpingParameter': 6.0,
 'dissipationScalingExponent': 0.67,
 'eddyVisInfRatio': 0.009,
 'equationMode': 'steady',
 'equationType': 'RANS',
 'eulerWallTreatment': 'linear pressure extrapolation',
 'explicitSurfaceCallback': None,
 'firstRun': True,
 'flowType': 'external',
 'forcesAsTractions': True,
 'frozenTurbulence': False,
 'globalPreconditioner': 'additive Schwarz',
 'gridFile': 'vmesh_L2.cgns',
 'gridPrecision': 'double',
 'gridPrecisionSurface': 'single',
 'infChangeCorrection': True,
 'infChangeCorrectionTol': 1e-12,
 'infChangeCorrectionType': 'offset',
 'innerPreconIts': 1,
 'innerPreconItsCoarse': 1,
 'isoVariables': [],
 'isosurface': {},
 'liftIndex': 3,
 'limiter': 'van Albada',
 'loadBalanceIter': 10,
 'loadImbalance': 0.1,
 'localPreconditioner': 'ILU',
 'lowSpeedPreconditioner': False,
 'machMode': False,
 'matrixOrdering': 'RCM',
 'maxL2DeviationFactor': 1.0,
 'meshMaxSkewness': 1.0,
 'meshSurfaceFamily': None,
 'monitorVariables': ['resrho', 'cl', 'cd'],
 'nCycles': 10000,
 'nCyclesCoarse': 500,
 'nFloodIter': -1,
 'nRKReset': 5,
 'nRefine': 10,
 'nSaveSurface': 1,
 'nSaveVolume': 1,
 'nSubiter': 1,
 'nSubiterTurb': 3,
 'nTimeStepsCoarse': 48,
 'nTimeStepsFine': 400,
 'nearWallDist': 0.1,
 'numberSolutions': True,
 'outerPreconIts': 3,
 'outputDirectory': 'output',
 'outputSurfaceFamily': 'allSurfaces',
 'overlapFactor': 0.9,
 'oversetDebugPrint': False,
 'oversetLoadBalance': True,
 'oversetPriority': {},
 'oversetProjTol': 1e-12,
 'oversetUpdateMode': 'frozen',
 'pMode': False,
 'partitionLikeNProc': -1,
 'partitionOnly': False,
 'preconditionerSide': 'right',
 'printAllOptions': True,
 'printBadlySkewedCells': False,
 'printIntro': True,
 'printIterations': True,
 'printNegativeVolumes': False,
 'printTiming': True,
 'printWarnings': True,
 'qMode': False,
 'rMode': False,
 'recomputeOverlapMatrix': True,
 'resAveraging': 'alternate',
 'restartAdjoint': True,
 'restartFile': None,
 'restrictionRelaxation': 0.8,
 'selfZipCutoff': 120.0,
 'sepSensorKsOffset': 0.0,
 'sepSensorKsPhi': 90.0,
 'sepSensorKsRho': 1000.0,
 'sepSensorKsSharpness': 25.0,
 'sepSensorOffset': 0.0,
 'sepSensorSharpness': 10.0,
 'setMonitor': True,
 'skipAfterFailedAdjoint': True,
 'smoothParameter': 1.5,
 'smoother': 'DADI',
 'solutionPrecision': 'single',
 'solutionPrecisionSurface': 'single',
 'storeConvHist': True,
 'storeRindLayer': True,
 'surfaceVariables': ['rho',
                      'p',
                      'vx',
                      'vy',
                      'vz',
                      'cp',
                      'mach',
                      'cf',
                      'cfx',
                      'cfy',
                      'cfz',
                      'yplus',
                      'blank'],
 'timeAccuracy': 2,
 'timeIntegrationScheme': 'BDF',
 'timeIntervals': 1,
 'timeLimit': -1.0,
 'turbResScale': 10000.0,
 'turbulenceModel': 'SA',
 'turbulenceOrder': 'first order',
 'turbulenceProduction': 'strain',
 'updateWallAssociations': False,
 'useALE': True,
 'useANKSolver': True,
 'useApproxWallDistance': True,
 'useBlockettes': True,
 'useDiagTSPC': True,
 'useDissContinuation': False,
 'useExternalDynamicMesh': False,
 'useGridMotion': False,
 'useLinResMonitor': False,
 'useMatrixFreedrdw': True,
 'useNKSolver': True,
 'useOversetWallScaling': False,
 'useQCR': False,
 'useRotationSA': False,
 'useSkewnessCheck': False,
 'useTSInterpolatedGridVelocity': False,
 'useWallFunctions': False,
 'useZipperMesh': True,
 'use_SABCM': False,
 'useft2SA': True,
 'verifyExtra': True,
 'verifySpatial': True,
 'verifyState': True,
 'vis2': 0.25,
 'vis2Coarse': 0.5,
 'vis4': 0.0156,
 'viscPC': False,
 'viscWallTreatment': 'constant pressure extrapolation',
 'viscousSurfaceVelocities': True,
 'volumeVariables': ['vort',
                     'vortx',
                     'vorty',
                     'vortz',
                     'cp',
                     'mach',
                     'macht',
                     'eddy',
                     'eddyratio',
                     'resrho',
                     'rhoe',
                     'resturb',
                     'blank'],
 'wallDistCutoff': 1e+20,
 'windAxis': False,
 'writeSolutionDigits': 3,
 'writeSolutionEachIter': False,
 'writeSurfaceSolution': True,
 'writeTecplotSurfaceSolution': True,
 'writeVolumeSolution': True,
 'zipperSurfaceFamily': None}
-> Alpha... 0.000000 
#
#                      Warning
# It is assumed that the grid is given in meters.
#
#
# Specified load imbalance tolerance 0.100 achieved.
# Continuing with 0.029 load imbalance for the cells and 0.034 for the faces
#
#
# Grid level: 1, Total number of cells: 943104
#
+--------------------------------------------------+
  CGNS Surface Families by Boundary Condition Type
+--------------------------------------------------+
| Wall Types           : wing 
| Inflow Types         : 
| Outflow Types        : 
| Symmetry Types       : sym 
| Farfield Types       : far 
| Overset Types        : 
+--------------------------------------------------+
+--------------------------------------------------+
|
| Initialization Times:
|
| Library Load Time             :      0.020 sec
| Set Defaults Time             :      0.001 sec
| Base Class Init Time          :      0.001 sec
| Introductory Time             :      0.005 sec
| Partitioning Time             :      0.011 sec
| Preprocessing Time            :      1.835 sec
| Family Setup Time             :      0.000 sec
| Cut Callback Time             :      0.000 sec
| Explicit Surface Cut Time     :      0.000 sec
| Overset Preprocessing Time    :      0.001 sec
| Initialize Flow Time          :      0.037 sec
|
| Total Init Time               :      1.910 sec
+--------------------------------------------------+

+------------------------------------------------------------------------------+
| pyADFLOW Warning: 'zipperSurfaceFamily' option was not given. Using all wall |
| boundary conditions for the zipper mesh.                                     |
+------------------------------------------------------------------------------+

+----------------------------------------------------------------------+
|  Switching to Aero Problem: wing                                     |
+----------------------------------------------------------------------+
-> Alpha... 1.800000 
+----------------------------------------+
|      All Modified ADFLOW Options:      |
+----------------------------------------+
{'ANKCharTimeStepType': 'VLR',
 'L2Convergence': 1e-05,
 'NKSwitchTol': 1e-06,
 'acousticScaleFactor': 0.08164,
 'gridFile': 'vmesh_L2.cgns',
 'liftIndex': 3,
 'monitorVariables': ['resrho', 'cl', 'cd'],
 'nCycles': 10000,
 'outputDirectory': 'output',
 'surfaceVariables': ['rho',
                      'p',
                      'vx',
                      'vy',
                      'vz',
                      'cp',
                      'mach',
                      'cf',
                      'cfx',
                      'cfy',
                      'cfz',
                      'yplus',
                      'blank'],
 'turbResScale': 10000.0,
 'useNKSolver': True,
 'volumeVariables': ['vort',
                     'vortx',
                     'vorty',
                     'vortz',
                     'cp',
                     'mach',
                     'macht',
                     'eddy',
                     'eddyratio',
                     'resrho',
                     'rhoe',
                     'resturb',
                     'blank'],
 'writeTecplotSurfaceSolution': True}
 saSource inputPhysics values:
   useft2SA       =  T
   useRotationSA  =  F
   turbProd       =            1
   equations      =            3
   use_SABCM      =  F
   SABCM_Const1   =    2.0000000000000000E-003
   SABCM_Const2   =    2.0000000000000000E-002
   SABCM_TU       =   0.50000000000000000     
   SABCM_S0_tanh  =   0.50000000000000000     
   SABCM_fsmooth  =    8.0000000000000002E-002
   SABCM_maxsmooth=    50.000000000000000     
 saSource inputPhysics values:
   useft2SA       =  T
   useRotationSA  =  F
   turbProd       =            1
   equations      =            3
   use_SABCM      =  F
   SABCM_Const1   =    2.0000000000000000E-003
   SABCM_Const2   =    2.0000000000000000E-002
   SABCM_TU       =   0.50000000000000000     
   SABCM_S0_tanh  =   0.50000000000000000     
   SABCM_fsmooth  =    8.0000000000000002E-002
   SABCM_maxsmooth=    50.000000000000000     
 saSource inputPhysics values:
   useft2SA       =  T
   useRotationSA  =  F
   turbProd       =            1
   equations      =            3
   use_SABCM      =  F
   SABCM_Const1   =    2.0000000000000000E-003
   SABCM_Const2   =    2.0000000000000000E-002
   SABCM_TU       =   0.50000000000000000     
   SABCM_S0_tanh  =   0.50000000000000000     
   SABCM_fsmooth  =    8.0000000000000002E-002
   SABCM_maxsmooth=    50.000000000000000     
 saSource inputPhysics values:
   useft2SA       =  T
   useRotationSA  =  F
   turbProd       =            1
   equations      =            3
   use_SABCM      =  F
   SABCM_Const1   =    2.0000000000000000E-003
   SABCM_Const2   =    2.0000000000000000E-002
   SABCM_TU       =   0.50000000000000000     
   SABCM_S0_tanh  =   0.50000000000000000     
   SABCM_fsmooth  =    8.0000000000000002E-002
   SABCM_maxsmooth=    50.000000000000000     
 saSource inputPhysics values:
 saSource inputPhysics values:
   useft2SA       =  T
 saSource inputPhysics values:
   useft2SA       =  T
   useRotationSA  =  F
   turbProd       =            1
   equations      =            3
   use_SABCM      =  F
   useft2SA       =  T
   useRotationSA  =  F
   turbProd       =            1
   equations      =            3
   use_SABCM      =  F
   SABCM_Const1   =    2.0000000000000000E-003
   SABCM_Const2   =    2.0000000000000000E-002
   SABCM_TU       =   0.50000000000000000     
   useRotationSA  =  F
   turbProd       =            1
   equations      =            3
   use_SABCM      =  F
   SABCM_S0_tanh  =   0.50000000000000000     
   SABCM_fsmooth  =    8.0000000000000002E-002
   SABCM_maxsmooth=    50.000000000000000     
   SABCM_Const1   =    2.0000000000000000E-003
   SABCM_Const2   =    2.0000000000000000E-002
   SABCM_TU       =   0.50000000000000000     
   SABCM_S0_tanh  =   0.50000000000000000     
   SABCM_fsmooth  =    8.0000000000000002E-002
   SABCM_maxsmooth=    50.000000000000000     
   SABCM_Const1   =    2.0000000000000000E-003
   SABCM_Const2   =    2.0000000000000000E-002
   SABCM_TU       =   0.50000000000000000     
   SABCM_S0_tanh  =   0.50000000000000000     
   SABCM_fsmooth  =    8.0000000000000002E-002
   SABCM_maxsmooth=    50.000000000000000     
 saSource inputPhysics values:
   useft2SA       =  T
   useRotationSA  =  F
   turbProd       =            1
   equations      =            3
   use_SABCM      =  F
   SABCM_Const1   =    2.0000000000000000E-003
   SABCM_Const2   =    2.0000000000000000E-002
   SABCM_TU       =   0.50000000000000000     
   SABCM_S0_tanh  =   0.50000000000000000     
   SABCM_fsmooth  =    8.0000000000000002E-002
   SABCM_maxsmooth=    50.000000000000000     
#
# Grid 1: Performing 10000 iterations, unless converged earlier. Minimum required iteration before NK switch:      5. Switch to NK at totalR of:   2.14E+00
#
#------------------------------------------------------------------------------------------------------------------------------------------------------------
#  Grid  | Iter | Iter |  Iter  |   CFL   | Step | Lin  |        Res rho         |         C_lift         |        C_drag          |        totalRes        |
#  level |      | Tot  |  Type  |         |      | Res  |                        |                        |                        |                        |
#------------------------------------------------------------------------------------------------------------------------------------------------------------
      1       0      0     None     ----    ----   ----   6.0530406274369977E+02   9.3778675296776418E-03   4.6460427872661791E-01   2.1431787191375406E+06 
      1       1      4     *ANK   5.00E+00  1.00  0.029   4.5449351050050275E+01   2.8446271904613960E+00   2.3734424367343014E+00   1.7703196581119715E+05 
      1       2     15     *ANK   4.13E+01  1.00  0.037   1.5893494214050904E+01   7.4350070021829429E-01   3.3768412100321393E-01   5.6777560694922729E+04 
      1       3     28     *ANK   1.98E+02  1.00  0.046   1.4673187846205371E+01   5.0032205600421797E-01   7.6146011879833719E-02   5.1922320332739087E+04 
      1       4     39      ANK   1.98E+02  1.00  0.050   1.9772531178750357E+00   5.6328662176897071E-01   6.4471281328394137E-02   6.9137274857791135E+03 
      1       5     66     *ANK   1.49E+03  1.00  0.049   1.8186803971972685E+00   7.4799648671442009E-01   5.4449461565412180E-02   6.5125588051340892E+03 
      1       6     94      ANK   1.49E+03  1.00  0.049   1.7524232316784225E+00   8.3796512759105657E-01   4.6402319122012030E-02   6.3306471988466355E+03 
      1       7    126      ANK   1.49E+03  1.00  0.050   2.5558140870898036E+00   8.8927934913714768E-01   4.0064032909890177E-02   9.0765630365828929E+03 
      1       8    149      ANK   1.49E+03  1.00  0.049   1.3008119801176901E+00   9.0459228691022042E-01   3.8944686738822232E-02   4.6171039497842221E+03 
      1       9    188      ANK   1.49E+03  1.00  0.049   2.4089787366690918E+00   9.2756313320151340E-01   3.5696263869158112E-02   8.5323634110468902E+03 
      1      10    209      ANK   1.49E+03  1.00  0.049   7.2447539492796487E-01   9.3135303529340296E-01   3.6431117814057064E-02   2.5738683046183219E+03 
      1      11    239     *ANK   6.33E+03  1.00  0.049   2.0743374075831009E+00   9.3840323576720341E-01   3.4745979652971846E-02   7.3408065458036672E+03 
      1      12    251      ANK   6.33E+03  1.00  0.049   5.9881966577860368E-01   9.3770899623104931E-01   3.5406629018473128E-02   2.1236879594380757E+03 
      1      13    284      ANK   6.33E+03  1.00  0.047   1.0942170211874400E+00   9.3336608397884335E-01   3.4263809329530263E-02   3.8728006592142210E+03 
      1      14    301      ANK   6.33E+03  1.00  0.049   5.6651843569155513E-01   9.3009570681085418E-01   3.4481333838854926E-02   2.0061640654490041E+03 
      1      15    334      ANK   6.33E+03  1.00  0.048   8.4760035249116783E-01   9.2226076138813506E-01   3.3689849057367660E-02   3.0037288685742583E+03 
      1      16    354      ANK   6.33E+03  1.00  0.049   7.1788135546777587E-01   9.1667871975989268E-01   3.3455187971145689E-02   2.5429969396958304E+03 
      1      17    374      ANK   6.33E+03  1.00  0.048   7.2456969475914046E-01   9.1134373271060998E-01   3.3204071256223593E-02   2.5652455265045096E+03 
      1      18    392      ANK   6.33E+03  1.00  0.050   6.1076363660020883E-01   9.0684155635607355E-01   3.3025089669583743E-02   2.1625233302987735E+03 
      1      19    412      ANK   6.33E+03  1.00  0.049   7.0336478260688795E-01   9.0179922702831117E-01   3.2796687240570041E-02   2.4894675057510240E+03 
      1      20    432      ANK   6.33E+03  1.00  0.050   6.1165415856855609E-01   8.9798840910954092E-01   3.2631413306452459E-02   2.1657199084507038E+03 
      1      21    443     *ANK   9.12E+03  1.00  0.049   4.8109257028732699E-01   8.9571205647168883E-01   3.2575399930150926E-02   1.7051416448714433E+03 
      1      22    464      ANK   9.12E+03  1.00  0.049   7.0589386787107156E-01   8.9110358706990378E-01   3.2489563628473037E-02   2.4999081614615252E+03 
      1      23    481      ANK   9.12E+03  1.00  0.049   5.2083840434583561E-01   8.8898223373315943E-01   3.2548365531297085E-02   1.8455995029841561E+03 
      1      24    509      ANK   9.12E+03  1.00  0.050   7.0065689225422811E-01   8.8636285352453703E-01   3.2652060904966397E-02   2.4810645330586231E+03 
      1      25    530      ANK   9.12E+03  1.00  0.047   5.5572875615870210E-01   8.8573805644573844E-01   3.2723384789709674E-02   1.9680461768479179E+03 
      1      26    556      ANK   9.12E+03  1.00  0.049   6.2060659155995679E-01   8.8503856434050843E-01   3.2763374235683235E-02   2.1972523125132711E+03 
      1      27    579      ANK   9.12E+03  1.00  0.049   5.2527513177537477E-01   8.8497772173462574E-01   3.2834988746901779E-02   1.8598454286216268E+03 
      1      28    603      ANK   9.12E+03  1.00  0.050   4.3294858228040700E-01   8.8502670112158821E-01   3.2837383630422760E-02   1.5334217841578800E+03 
      1      29    632      ANK   9.12E+03  1.00  0.049   3.9447256941487702E-01   8.8533472494328791E-01   3.2869121358609331E-02   1.3972510061065507E+03 
      1      30    656      ANK   9.12E+03  1.00  0.048   2.6960184685480137E-01   8.8542559455704839E-01   3.2877372357863907E-02   9.5557930450764229E+02 
      1      31    677     *ANK   3.30E+04  1.00  0.048   2.3257636268987231E-01   8.8560983625474732E-01   3.2857462866562159E-02   8.2493115309370705E+02 
      1      32    696      ANK   3.30E+04  1.00  0.050   1.4783325039871473E-01   8.8550052226793996E-01   3.2876671595510013E-02   5.2577493843598154E+02 
      1      33    724      ANK   3.30E+04  1.00  0.049   1.4792607000820826E-01   8.8568821822131905E-01   3.2865566264759422E-02   5.2650030611525358E+02 
      1      34    752      ANK   3.30E+04  1.00  0.049   1.0834532056326646E-01   8.8568921970329828E-01   3.2857761033180562E-02   3.8664207774273592E+02 
      1      35    790     *ANK   1.00E+05  1.00  0.048   1.2810726164169492E-01   8.8568771877803187E-01   3.2844970530201550E-02   4.5518438508154992E+02 
      1      36    828      ANK   1.00E+05  1.00  0.047   1.3594744339338669E-01   8.8543368134862677E-01   3.2857769797584098E-02   4.8253261685624113E+02 
      1      37    868      ANK   1.00E+05  1.00  0.050   1.3646985548358709E-01   8.8558873717040965E-01   3.2863291990158743E-02   4.8520020770668395E+02 
      1      38    904      ANK   1.00E+05  1.00  0.049   1.0604010883879454E-01   8.8561095437501358E-01   3.2870525247402853E-02   3.8048464557699805E+02 
      1      39    938      ANK   1.00E+05  1.00  0.050   9.5497721176234937E-02   8.8522002152563473E-01   3.2866642309368123E-02   3.4629607604180904E+02 
      1      40    968      ANK   1.00E+05  1.00  0.049   6.7221691141043066E-02   8.8537618035380361E-01   3.2822295446579407E-02   2.4869046791557864E+02 
      1      41    998      ANK   1.00E+05  1.00  0.048   6.0687807288894523E-02   8.8516105755469932E-01   3.2849395099325884E-02   2.2568676038662591E+02 
      1      42   1027      ANK   1.00E+05  1.00  0.050   5.4394937842024600E-02   8.8516163005136206E-01   3.2853292389306878E-02   2.0224157182833113E+02 
      1      43   1057      ANK   1.00E+05  1.00  0.049   5.2572582974724433E-02   8.8521485234206432E-01   3.2839693917600700E-02   1.9356064073097096E+02 
      1      44   1086      ANK   1.00E+05  1.00  0.050   5.0780347425216053E-02   8.8517297579032272E-01   3.2841515955612015E-02   1.8506098986039055E+02 
      1      45   1109     *ANK   1.00E+05  1.00  0.049   4.3560084766751259E-02   8.8515007921414779E-01   3.2850804769420379E-02   1.5836421168683333E+02 
      1      46   1133      ANK   1.00E+05  1.00  0.048   3.8563468026288510E-02   8.8507987657639564E-01   3.2847560032271760E-02   1.3975651384442389E+02 
      1      47   1157      ANK   1.00E+05  1.00  0.050   3.6234760492036396E-02   8.8513606227812935E-01   3.2845288739133331E-02   1.3071613832510491E+02 
      1      48   1178      ANK   1.00E+05  1.00  0.047   4.0545343808642005E-02   8.8504867020216638E-01   3.2813828209535614E-02   1.4510885377154887E+02 
      1      49   1196      ANK   1.00E+05  1.00  0.046   3.3928613007828672E-02   8.8499454147152234E-01   3.2850469781318205E-02   1.2171980540903436E+02 
#------------------------------------------------------------------------------------------------------------------------------------------------------------
#  Grid  | Iter | Iter |  Iter  |   CFL   | Step | Lin  |        Res rho         |         C_lift         |        C_drag          |        totalRes        |
#  level |      | Tot  |  Type  |         |      | Res  |                        |                        |                        |                        |
#------------------------------------------------------------------------------------------------------------------------------------------------------------
      1      50   1214      ANK   1.00E+05  1.00  0.050   2.2576857699300189E-02   8.8497359358872008E-01   3.2849354881734551E-02   8.1789786139615998E+01 
      1      51   1232     *ANK   1.00E+05  1.00  0.049   2.1543402100899063E-02   8.8501262242540979E-01   3.2844133522448415E-02   7.7832517203369989E+01 
      1      52   1248      ANK   1.00E+05  1.00  0.048   1.6003575473013818E-02   8.8503476449288687E-01   3.2849489531355421E-02   5.8287338275861508E+01 
      1      53   1265      ANK   1.00E+05  1.00  0.050   1.2916092149649354E-02   8.8499437974399875E-01   3.2847466251167121E-02   4.7093035913425091E+01 
      1      54   1285      ANK   1.00E+05  1.00  0.049   1.2684967869867291E-02   8.8504200375194730E-01   3.2847915407649565E-02   4.5835792306304150E+01 
      1      55   1302      ANK   1.00E+05  1.00  0.048   8.4774884775432480E-03   8.8502025902853210E-01   3.2847734583230925E-02   3.0918526120714574E+01 
      1      56   1326     *ANK   1.00E+05  1.00  0.049   8.6781701929314840E-03   8.8503898294080030E-01   3.2842886627646221E-02   3.1291961842137042E+01 
      1      57   1351      ANK   1.00E+05  1.00  0.048   7.0461732098402001E-03   8.8503363144828540E-01   3.2843030342790722E-02   2.5432124983093949E+01 
      1      58   1381      ANK   1.00E+05  1.00  0.048   7.1281327336460637E-03   8.8500272067189578E-01   3.2845512731708666E-02   2.5598774970075855E+01 
      1      59   1407      ANK   1.00E+05  1.00  0.048   6.7196957297369526E-03   8.8499377847403515E-01   3.2847104143617460E-02   2.4149811522815078E+01 
      1      60   1431      ANK   1.00E+05  1.00  0.048   5.2540388669962716E-03   8.8499572009960370E-01   3.2842646357937676E-02   1.9002781307421131E+01 
#
# Writing grid file(s):
#    output/wing_000_vol.cgns
# Grid file(s) written
#
#
# Writing volume solution file(s):
#    output/wing_000_vol.cgns
# Volume solution file(s) written
#
#
# Writing surface solution file(s):
#    output/wing_000_surf.cgns
# Surface solution file(s) written
#
#
# Writing slices file(s): 
#    output/wing_000_slices.dat
# Slices file(s) written
#
#
# Writing lift distribution file(s):
#    output/wing_000_lift.dat
# Lift distribution file(s) written
#
#
# Writing tecplot surface file(s):
#    output/wing_000_surf.plt
# Tecplot surface file(s) written
#
+-------------------------------------------------+
|
| Solution Timings:
|
| Set AeroProblem Time          :      0.011 sec
| Solution Time                 :    451.093 sec
| Write Solution Time           :      0.403 sec
| Stability Parameter Time      :      0.000 sec
|
| Total Call Time               :    451.507 sec
+--------------------------------------------------+
-> Alpha... 1.800000 
+---------------------------------------------------+
|
| Function Timings:
|
| Function AeroProblem Time     :      0.004 sec
| Function Evaluation Time      :      0.000 sec
| User Function Evaluation Time :      0.000 sec
|
| Total Function Evaluation Time:      0.004 sec
+--------------------------------------------------+
{'wing_cd': 0.032842646357937676, 'wing_cl': 0.8849957200996038}
 
================ ANK Profiling Report (MPI max/avg) ================
Wall-clock interpretation: use max_* as the primary parallel metric.
Comm columns only include directly measured communication timings.
 
1. ANKStep major sections
name                                           calls    max_total     avg_total    max_compute   avg_compute   max_comm      avg_comm
                                   ANKStep_total      480   4.5057E+02   4.5035E+02   4.4270E+02   4.4090E+02   1.1029E+01   9.4447E+00
                              computeTimeStepMat      480   4.1472E+00   4.1472E+00   4.0603E+00   3.6504E+00   6.5198E-01   4.9675E-01
                           FormJacobianANK_total       88   3.2799E+01   3.2799E+01   3.2684E+01   3.2018E+01   2.3793E+00   7.8085E-01
              -->FormJacobianANK_residuals_total       88   3.1689E+01   3.1669E+01   3.1565E+01   3.0888E+01   2.3793E+00   7.8085E-01
                                -->PCSetup_total       88   3.3770E-01   3.3731E-01   3.3771E-01   3.3731E-01   0.0000E+00   0.0000E+00
                              KSPSolve_ANK_total      480   3.8591E+02   3.8524E+02   3.7935E+02   3.7780E+02   8.4460E+00   7.4358E+00
                      -->MatMult_in_KSPSolve_ANK    10488   1.4848E+02   1.4185E+02   1.4087E+02   1.3442E+02   8.4460E+00   7.4358E+00
                       -->outside_KSPSolve_total      480   7.0358E+00   6.6662E+00   7.0358E+00   6.6662E+00   0.0000E+00   0.0000E+00
                 -->MatMult_outside_KSPSolve_ANK      480   6.9104E+00   6.5919E+00   6.5658E+00   6.2247E+00   4.4662E-01   3.6718E-01
                         -->matrixAssembly_total      480   2.3035E-04   2.0506E-04   2.3035E-04   2.0506E-04   0.0000E+00   0.0000E+00
                            -->physicality_total      480   9.6057E-01   4.3134E-01   9.6057E-01   4.3134E-01   0.0000E+00   0.0000E+00
                            -->stateUpdate_total      480   3.6738E-01   3.2015E-01   3.6738E-01   3.2015E-01   0.0000E+00   0.0000E+00
                                -->vecNorm_total      960   8.4338E-01   3.2565E-01   8.4338E-01   3.2565E-01   0.0000E+00   0.0000E+00
                              ANK_localOps_total        0   8.7704E+00   8.2081E+00   8.7704E+00   8.2081E+00   0.0000E+00   0.0000E+00
                     computeUnsteadyResANK_total      480   7.3316E+00   7.0740E+00   6.9704E+00   6.7330E+00   3.9096E-01   3.4105E-01
  -->computeUnsteadyResANK_timeStepMatMult_total      480   2.3148E-01   1.7659E-01   2.3148E-01   1.7659E-01   0.0000E+00   0.0000E+00
           -->computeUnsteadyResANK_vecOps_total      480   1.9233E-01   1.6150E-01   1.9233E-01   1.6150E-01   0.0000E+00   0.0000E+00
                          -->ANKLineSearch_total        0   0.0000E+00   0.0000E+00   0.0000E+00   0.0000E+00   0.0000E+00   0.0000E+00
                         ANK_finalResidual_total      480   8.2364E+00   8.0236E+00   7.8530E+00   7.6334E+00   4.5726E-01   3.9020E-01
                            ANK_turbUpdate_total      480   4.9045E+00   4.8538E+00   4.9045E+00   4.8538E+00   0.0000E+00   0.0000E+00
 
1b. Parent closure check (avg columns, additive check)
sum(parent avg_total/avg_compute/avg_comm):   4.5035E+02   4.4090E+02   9.4447E+00
ANKStep avg_total/avg_compute/avg_comm:   4.5035E+02   4.4090E+02   9.4447E+00
difference (ANKStep - parent_sum):   6.4853E-04   6.4853E-04   0.0000E+00
 
2. Residual totals inside ANKStep
name                                           calls    max_total     avg_total    max_compute   avg_compute   max_comm      avg_comm
                       blocketteRes_total_in_ANK    11936   1.5943E+02   1.5310E+02   1.5075E+02   1.4456E+02   9.6715E+00   8.5407E+00
                     blocketteRes_compute_in_ANK    11936   1.5075E+02   1.4456E+02   1.5075E+02   1.4456E+02   0.0000E+00   0.0000E+00
                        blocketteRes_comm_in_ANK    11936   9.6715E+00   8.5407E+00   0.0000E+00   0.0000E+00   9.6715E+00   8.5407E+00
 
3. Residual totals by calling context
name                                           calls    max_total     avg_total    max_compute   avg_compute   max_comm      avg_comm
                 blocketteRes_in_FormJacobianANK        0   0.0000E+00   0.0000E+00   0.0000E+00   0.0000E+00   0.0000E+00   0.0000E+00
             blocketteRes_in_MatMult_in_KSPSolve    10488   1.3810E+02   1.3214E+02   1.3048E+02   1.2470E+02   8.4460E+00   7.4358E+00
        blocketteRes_in_MatMult_outside_KSPSolve      480   6.2617E+00   6.0731E+00   5.9171E+00   5.7059E+00   4.4662E-01   3.6718E-01
           blocketteRes_in_computeUnsteadyResANK      480   6.9592E+00   6.7356E+00   6.5682E+00   6.3945E+00   3.9096E-01   3.4105E-01
                   blocketteRes_in_ANKLineSearch        0   0.0000E+00   0.0000E+00   0.0000E+00   0.0000E+00   0.0000E+00   0.0000E+00
               blocketteRes_in_ANK_finalResidual      480   8.2362E+00   8.0234E+00   7.8529E+00   7.6332E+00   4.5726E-01   3.9020E-01
                  blocketteRes_in_ANK_turbUpdate        0   0.0000E+00   0.0000E+00   0.0000E+00   0.0000E+00   0.0000E+00   0.0000E+00
 
4. Key counters
n_ANKStep           480
n_FormJacobianANK            88
n_PCSetup_ANK            88
n_KSPSolve_ANK           480
n_GMRES_iter_ANK         10488
n_MatMult_ANK         10968
n_PCApply_ANK             0
n_GMRES_orthog_ANK             0
n_blocketteRes_total_in_ANK         11936
n_blocketteRes_in_FormJacobianANK             0
n_blocketteRes_in_MatMult_ANK         10968
n_blocketteRes_in_computeUnsteadyResANK           480
n_blocketteRes_in_ANKLineSearch             0
n_blocketteRes_in_ANK_finalResidual           480
n_whalo2_in_ANK         11936
=====================================================================
Generated Cumulative data file path: /home/mdo/MDOLab_3_v2/adflow- 2.12.2 dev 128/Run/results_bs_sweep/bs_2/results_smt_off_pure_mpi/np_8_omp_1/mem_np8_omp1.csv
